<?xml version="1.0" encoding="UTF-8" standalone="no"?>
<!DOCTYPE log SYSTEM "logger.dtd">
<log>
<record>
  <date>2013-05-29T20:16:31</date>
  <millis>1369883791284</millis>
  <sequence>0</sequence>
  <logger>game1369883791281</logger>
  <level>INFO</level>
  <class>platypus.logging.PlatypusLogger</class>
  <method>getLogger</method>
  <thread>10</thread>
  <message>Added FileHandler to Logger</message>
</record>
<record>
  <date>2013-05-29T20:16:47</date>
  <millis>1369883807509</millis>
  <sequence>2</sequence>
  <logger>game1369883791281</logger>
  <level>INFO</level>
  <class>org.ggp.base.player.gamer.statemachine.PlatypusPlayer</class>
  <method>stateMachineSelectMove</method>
  <thread>11</thread>
  <message>--------Best Move after Minimiax--------</message>
</record>
<record>
  <date>2013-05-29T20:16:47</date>
  <millis>1369883807510</millis>
  <sequence>3</sequence>
  <logger>game1369883791281</logger>
  <level>INFO</level>
  <class>org.ggp.base.player.gamer.statemachine.PlatypusPlayer</class>
  <method>stateMachineSelectMove</method>
  <thread>11</thread>
  <message>Sure move is down</message>
</record>
<record>
  <date>2013-05-29T20:16:47</date>
  <millis>1369883807510</millis>
  <sequence>4</sequence>
  <logger>game1369883791281</logger>
  <level>INFO</level>
  <class>org.ggp.base.player.gamer.statemachine.PlatypusPlayer</class>
  <method>stateMachineSelectMove</method>
  <thread>11</thread>
  <message>with the sure score of 0.0</message>
</record>
<record>
  <date>2013-05-29T20:16:47</date>
  <millis>1369883807510</millis>
  <sequence>5</sequence>
  <logger>game1369883791281</logger>
  <level>INFO</level>
  <class>org.ggp.base.player.gamer.statemachine.PlatypusPlayer</class>
  <method>stateMachineSelectMove</method>
  <thread>11</thread>
  <message>Starting Monte Carlo</message>
</record>
<record>
  <date>2013-05-29T20:16:47</date>
  <millis>1369883807510</millis>
  <sequence>6</sequence>
  <logger>game1369883791281</logger>
  <level>INFO</level>
  <class>org.ggp.base.player.gamer.statemachine.PlatypusPlayer</class>
  <method>stateMachineSelectMove</method>
  <thread>11</thread>
  <message>PAUSING PLATYPUS FOR 9499</message>
</record>
<record>
  <date>2013-05-29T20:16:56</date>
  <millis>1369883816775</millis>
  <sequence>7</sequence>
  <logger>game1369883791281</logger>
  <level>INFO</level>
  <class>players.BryceMonteCarloTreeSearch_NoMiniMax_MultiThreaded</class>
  <method>run</method>
  <thread>12</thread>
  <message>move: down value: 1.7976931348623157E308 visited: 0</message>
</record>
<record>
  <date>2013-05-29T20:16:56</date>
  <millis>1369883816776</millis>
  <sequence>8</sequence>
  <logger>game1369883791281</logger>
  <level>INFO</level>
  <class>players.BryceMonteCarloTreeSearch_NoMiniMax_MultiThreaded</class>
  <method>run</method>
  <thread>12</thread>
  <message>move: right value: 1.7976931348623157E308 visited: 0</message>
</record>
<record>
  <date>2013-05-29T20:16:58</date>
  <millis>1369883818010</millis>
  <sequence>9</sequence>
  <logger>game1369883791281</logger>
  <level>INFO</level>
  <class>org.ggp.base.player.gamer.statemachine.PlatypusPlayer</class>
  <method>stateMachineSelectMove</method>
  <thread>11</thread>
  <message>--------Best Move after Monte Carlo--------</message>
</record>
<record>
  <date>2013-05-29T20:16:58</date>
  <millis>1369883818010</millis>
  <sequence>10</sequence>
  <logger>game1369883791281</logger>
  <level>INFO</level>
  <class>org.ggp.base.player.gamer.statemachine.PlatypusPlayer</class>
  <method>stateMachineSelectMove</method>
  <thread>11</thread>
  <message>best move: down</message>
</record>
<record>
  <date>2013-05-29T20:17:00</date>
  <millis>1369883820520</millis>
  <sequence>11</sequence>
  <logger>game1369883791281</logger>
  <level>INFO</level>
  <class>org.ggp.base.player.gamer.statemachine.PlatypusPlayer</class>
  <method>stateMachineSelectMove</method>
  <thread>11</thread>
  <message>--------Best Move after Minimiax--------</message>
</record>
<record>
  <date>2013-05-29T20:17:00</date>
  <millis>1369883820520</millis>
  <sequence>12</sequence>
  <logger>game1369883791281</logger>
  <level>INFO</level>
  <class>org.ggp.base.player.gamer.statemachine.PlatypusPlayer</class>
  <method>stateMachineSelectMove</method>
  <thread>11</thread>
  <message>Sure move is up</message>
</record>
<record>
  <date>2013-05-29T20:17:00</date>
  <millis>1369883820520</millis>
  <sequence>13</sequence>
  <logger>game1369883791281</logger>
  <level>INFO</level>
  <class>org.ggp.base.player.gamer.statemachine.PlatypusPlayer</class>
  <method>stateMachineSelectMove</method>
  <thread>11</thread>
  <message>with the sure score of 0.0</message>
</record>
<record>
  <date>2013-05-29T20:17:00</date>
  <millis>1369883820520</millis>
  <sequence>14</sequence>
  <logger>game1369883791281</logger>
  <level>INFO</level>
  <class>org.ggp.base.player.gamer.statemachine.PlatypusPlayer</class>
  <method>stateMachineSelectMove</method>
  <thread>11</thread>
  <message>Starting Monte Carlo</message>
</record>
<record>
  <date>2013-05-29T20:17:00</date>
  <millis>1369883820521</millis>
  <sequence>15</sequence>
  <logger>game1369883791281</logger>
  <level>INFO</level>
  <class>org.ggp.base.player.gamer.statemachine.PlatypusPlayer</class>
  <method>stateMachineSelectMove</method>
  <thread>11</thread>
  <message>PAUSING PLATYPUS FOR 9499</message>
</record>
<record>
  <date>2013-05-29T20:17:09</date>
  <millis>1369883829770</millis>
  <sequence>16</sequence>
  <logger>game1369883791281</logger>
  <level>INFO</level>
  <class>players.BryceMonteCarloTreeSearch_NoMiniMax_MultiThreaded</class>
  <method>run</method>
  <thread>13</thread>
  <message>move: up value: 1.7976931348623157E308 visited: 0</message>
</record>
<record>
  <date>2013-05-29T20:17:09</date>
  <millis>1369883829771</millis>
  <sequence>17</sequence>
  <logger>game1369883791281</logger>
  <level>INFO</level>
  <class>players.BryceMonteCarloTreeSearch_NoMiniMax_MultiThreaded</class>
  <method>run</method>
  <thread>13</thread>
  <message>move: right value: 1.7976931348623157E308 visited: 0</message>
</record>
<record>
  <date>2013-05-29T20:17:11</date>
  <millis>1369883831021</millis>
  <sequence>18</sequence>
  <logger>game1369883791281</logger>
  <level>INFO</level>
  <class>org.ggp.base.player.gamer.statemachine.PlatypusPlayer</class>
  <method>stateMachineSelectMove</method>
  <thread>11</thread>
  <message>--------Best Move after Monte Carlo--------</message>
</record>
<record>
  <date>2013-05-29T20:17:11</date>
  <millis>1369883831021</millis>
  <sequence>19</sequence>
  <logger>game1369883791281</logger>
  <level>INFO</level>
  <class>org.ggp.base.player.gamer.statemachine.PlatypusPlayer</class>
  <method>stateMachineSelectMove</method>
  <thread>11</thread>
  <message>best move: up</message>
</record>
<record>
  <date>2013-05-29T20:17:13</date>
  <millis>1369883833545</millis>
  <sequence>20</sequence>
  <logger>game1369883791281</logger>
  <level>INFO</level>
  <class>org.ggp.base.player.gamer.statemachine.PlatypusPlayer</class>
  <method>stateMachineSelectMove</method>
  <thread>11</thread>
  <message>--------Best Move after Minimiax--------</message>
</record>
<record>
  <date>2013-05-29T20:17:13</date>
  <millis>1369883833545</millis>
  <sequence>21</sequence>
  <logger>game1369883791281</logger>
  <level>INFO</level>
  <class>org.ggp.base.player.gamer.statemachine.PlatypusPlayer</class>
  <method>stateMachineSelectMove</method>
  <thread>11</thread>
  <message>Sure move is down</message>
</record>
<record>
  <date>2013-05-29T20:17:13</date>
  <millis>1369883833545</millis>
  <sequence>22</sequence>
  <logger>game1369883791281</logger>
  <level>INFO</level>
  <class>org.ggp.base.player.gamer.statemachine.PlatypusPlayer</class>
  <method>stateMachineSelectMove</method>
  <thread>11</thread>
  <message>with the sure score of 0.0</message>
</record>
<record>
  <date>2013-05-29T20:17:13</date>
  <millis>1369883833546</millis>
  <sequence>23</sequence>
  <logger>game1369883791281</logger>
  <level>INFO</level>
  <class>org.ggp.base.player.gamer.statemachine.PlatypusPlayer</class>
  <method>stateMachineSelectMove</method>
  <thread>11</thread>
  <message>Starting Monte Carlo</message>
</record>
<record>
  <date>2013-05-29T20:17:13</date>
  <millis>1369883833546</millis>
  <sequence>24</sequence>
  <logger>game1369883791281</logger>
  <level>INFO</level>
  <class>org.ggp.base.player.gamer.statemachine.PlatypusPlayer</class>
  <method>stateMachineSelectMove</method>
  <thread>11</thread>
  <message>PAUSING PLATYPUS FOR 9492</message>
</record>
<record>
  <date>2013-05-29T20:17:22</date>
  <millis>1369883842789</millis>
  <sequence>25</sequence>
  <logger>game1369883791281</logger>
  <level>INFO</level>
  <class>players.BryceMonteCarloTreeSearch_NoMiniMax_MultiThreaded</class>
  <method>run</method>
  <thread>14</thread>
  <message>move: down value: 1.7976931348623157E308 visited: 0</message>
</record>
<record>
  <date>2013-05-29T20:17:22</date>
  <millis>1369883842789</millis>
  <sequence>26</sequence>
  <logger>game1369883791281</logger>
  <level>INFO</level>
  <class>players.BryceMonteCarloTreeSearch_NoMiniMax_MultiThreaded</class>
  <method>run</method>
  <thread>14</thread>
  <message>move: right value: 1.7976931348623157E308 visited: 0</message>
</record>
<record>
  <date>2013-05-29T20:17:24</date>
  <millis>1369883844038</millis>
  <sequence>27</sequence>
  <logger>game1369883791281</logger>
  <level>INFO</level>
  <class>org.ggp.base.player.gamer.statemachine.PlatypusPlayer</class>
  <method>stateMachineSelectMove</method>
  <thread>11</thread>
  <message>--------Best Move after Monte Carlo--------</message>
</record>
<record>
  <date>2013-05-29T20:17:24</date>
  <millis>1369883844039</millis>
  <sequence>28</sequence>
  <logger>game1369883791281</logger>
  <level>INFO</level>
  <class>org.ggp.base.player.gamer.statemachine.PlatypusPlayer</class>
  <method>stateMachineSelectMove</method>
  <thread>11</thread>
  <message>best move: down</message>
</record>
<record>
  <date>2013-05-29T20:17:26</date>
  <millis>1369883846569</millis>
  <sequence>29</sequence>
  <logger>game1369883791281</logger>
  <level>INFO</level>
  <class>org.ggp.base.player.gamer.statemachine.PlatypusPlayer</class>
  <method>stateMachineSelectMove</method>
  <thread>11</thread>
  <message>--------Best Move after Minimiax--------</message>
</record>
<record>
  <date>2013-05-29T20:17:26</date>
  <millis>1369883846569</millis>
  <sequence>30</sequence>
  <logger>game1369883791281</logger>
  <level>INFO</level>
  <class>org.ggp.base.player.gamer.statemachine.PlatypusPlayer</class>
  <method>stateMachineSelectMove</method>
  <thread>11</thread>
  <message>Sure move is up</message>
</record>
<record>
  <date>2013-05-29T20:17:26</date>
  <millis>1369883846570</millis>
  <sequence>31</sequence>
  <logger>game1369883791281</logger>
  <level>INFO</level>
  <class>org.ggp.base.player.gamer.statemachine.PlatypusPlayer</class>
  <method>stateMachineSelectMove</method>
  <thread>11</thread>
  <message>with the sure score of 0.0</message>
</record>
<record>
  <date>2013-05-29T20:17:26</date>
  <millis>1369883846570</millis>
  <sequence>32</sequence>
  <logger>game1369883791281</logger>
  <level>INFO</level>
  <class>org.ggp.base.player.gamer.statemachine.PlatypusPlayer</class>
  <method>stateMachineSelectMove</method>
  <thread>11</thread>
  <message>Starting Monte Carlo</message>
</record>
<record>
  <date>2013-05-29T20:17:26</date>
  <millis>1369883846589</millis>
  <sequence>33</sequence>
  <logger>game1369883791281</logger>
  <level>INFO</level>
  <class>org.ggp.base.player.gamer.statemachine.PlatypusPlayer</class>
  <method>stateMachineSelectMove</method>
  <thread>11</thread>
  <message>PAUSING PLATYPUS FOR 9472</message>
</record>
<record>
  <date>2013-05-29T20:17:35</date>
  <millis>1369883855817</millis>
  <sequence>34</sequence>
  <logger>game1369883791281</logger>
  <level>INFO</level>
  <class>players.BryceMonteCarloTreeSearch_NoMiniMax_MultiThreaded</class>
  <method>run</method>
  <thread>15</thread>
  <message>move: up value: 1.7976931348623157E308 visited: 0</message>
</record>
<record>
  <date>2013-05-29T20:17:35</date>
  <millis>1369883855819</millis>
  <sequence>35</sequence>
  <logger>game1369883791281</logger>
  <level>INFO</level>
  <class>players.BryceMonteCarloTreeSearch_NoMiniMax_MultiThreaded</class>
  <method>run</method>
  <thread>15</thread>
  <message>move: right value: 1.7976931348623157E308 visited: 0</message>
</record>
<record>
  <date>2013-05-29T20:17:37</date>
  <millis>1369883857061</millis>
  <sequence>36</sequence>
  <logger>game1369883791281</logger>
  <level>INFO</level>
  <class>org.ggp.base.player.gamer.statemachine.PlatypusPlayer</class>
  <method>stateMachineSelectMove</method>
  <thread>11</thread>
  <message>--------Best Move after Monte Carlo--------</message>
</record>
<record>
  <date>2013-05-29T20:17:37</date>
  <millis>1369883857062</millis>
  <sequence>37</sequence>
  <logger>game1369883791281</logger>
  <level>INFO</level>
  <class>org.ggp.base.player.gamer.statemachine.PlatypusPlayer</class>
  <method>stateMachineSelectMove</method>
  <thread>11</thread>
  <message>best move: up</message>
</record>
<record>
  <date>2013-05-29T20:17:39</date>
  <millis>1369883859589</millis>
  <sequence>38</sequence>
  <logger>game1369883791281</logger>
  <level>INFO</level>
  <class>org.ggp.base.player.gamer.statemachine.PlatypusPlayer</class>
  <method>stateMachineSelectMove</method>
  <thread>11</thread>
  <message>--------Best Move after Minimiax--------</message>
</record>
<record>
  <date>2013-05-29T20:17:39</date>
  <millis>1369883859590</millis>
  <sequence>39</sequence>
  <logger>game1369883791281</logger>
  <level>INFO</level>
  <class>org.ggp.base.player.gamer.statemachine.PlatypusPlayer</class>
  <method>stateMachineSelectMove</method>
  <thread>11</thread>
  <message>Sure move is down</message>
</record>
<record>
  <date>2013-05-29T20:17:39</date>
  <millis>1369883859590</millis>
  <sequence>40</sequence>
  <logger>game1369883791281</logger>
  <level>INFO</level>
  <class>org.ggp.base.player.gamer.statemachine.PlatypusPlayer</class>
  <method>stateMachineSelectMove</method>
  <thread>11</thread>
  <message>with the sure score of 0.0</message>
</record>
<record>
  <date>2013-05-29T20:17:39</date>
  <millis>1369883859590</millis>
  <sequence>41</sequence>
  <logger>game1369883791281</logger>
  <level>INFO</level>
  <class>org.ggp.base.player.gamer.statemachine.PlatypusPlayer</class>
  <method>stateMachineSelectMove</method>
  <thread>11</thread>
  <message>Starting Monte Carlo</message>
</record>
<record>
  <date>2013-05-29T20:17:39</date>
  <millis>1369883859590</millis>
  <sequence>42</sequence>
  <logger>game1369883791281</logger>
  <level>INFO</level>
  <class>org.ggp.base.player.gamer.statemachine.PlatypusPlayer</class>
  <method>stateMachineSelectMove</method>
  <thread>11</thread>
  <message>PAUSING PLATYPUS FOR 9495</message>
</record>
<record>
  <date>2013-05-29T20:17:48</date>
  <millis>1369883868835</millis>
  <sequence>43</sequence>
  <logger>game1369883791281</logger>
  <level>INFO</level>
  <class>players.BryceMonteCarloTreeSearch_NoMiniMax_MultiThreaded</class>
  <method>run</method>
  <thread>16</thread>
  <message>move: down value: 1.7976931348623157E308 visited: 0</message>
</record>
<record>
  <date>2013-05-29T20:17:48</date>
  <millis>1369883868871</millis>
  <sequence>44</sequence>
  <logger>game1369883791281</logger>
  <level>INFO</level>
  <class>players.BryceMonteCarloTreeSearch_NoMiniMax_MultiThreaded</class>
  <method>run</method>
  <thread>16</thread>
  <message>move: right value: 1.7976931348623157E308 visited: 0</message>
</record>
<record>
  <date>2013-05-29T20:17:50</date>
  <millis>1369883870097</millis>
  <sequence>45</sequence>
  <logger>game1369883791281</logger>
  <level>INFO</level>
  <class>org.ggp.base.player.gamer.statemachine.PlatypusPlayer</class>
  <method>stateMachineSelectMove</method>
  <thread>11</thread>
  <message>--------Best Move after Monte Carlo--------</message>
</record>
<record>
  <date>2013-05-29T20:17:50</date>
  <millis>1369883870097</millis>
  <sequence>46</sequence>
  <logger>game1369883791281</logger>
  <level>INFO</level>
  <class>org.ggp.base.player.gamer.statemachine.PlatypusPlayer</class>
  <method>stateMachineSelectMove</method>
  <thread>11</thread>
  <message>best move: down</message>
</record>
<record>
  <date>2013-05-29T20:17:52</date>
  <millis>1369883872646</millis>
  <sequence>47</sequence>
  <logger>game1369883791281</logger>
  <level>INFO</level>
  <class>org.ggp.base.player.gamer.statemachine.PlatypusPlayer</class>
  <method>stateMachineSelectMove</method>
  <thread>11</thread>
  <message>--------Best Move after Minimiax--------</message>
</record>
<record>
  <date>2013-05-29T20:17:52</date>
  <millis>1369883872646</millis>
  <sequence>48</sequence>
  <logger>game1369883791281</logger>
  <level>INFO</level>
  <class>org.ggp.base.player.gamer.statemachine.PlatypusPlayer</class>
  <method>stateMachineSelectMove</method>
  <thread>11</thread>
  <message>Sure move is up</message>
</record>
<record>
  <date>2013-05-29T20:17:52</date>
  <millis>1369883872646</millis>
  <sequence>49</sequence>
  <logger>game1369883791281</logger>
  <level>INFO</level>
  <class>org.ggp.base.player.gamer.statemachine.PlatypusPlayer</class>
  <method>stateMachineSelectMove</method>
  <thread>11</thread>
  <message>with the sure score of 0.0</message>
</record>
<record>
  <date>2013-05-29T20:17:52</date>
  <millis>1369883872647</millis>
  <sequence>50</sequence>
  <logger>game1369883791281</logger>
  <level>INFO</level>
  <class>org.ggp.base.player.gamer.statemachine.PlatypusPlayer</class>
  <method>stateMachineSelectMove</method>
  <thread>11</thread>
  <message>Starting Monte Carlo</message>
</record>
<record>
  <date>2013-05-29T20:17:52</date>
  <millis>1369883872653</millis>
  <sequence>51</sequence>
  <logger>game1369883791281</logger>
  <level>INFO</level>
  <class>org.ggp.base.player.gamer.statemachine.PlatypusPlayer</class>
  <method>stateMachineSelectMove</method>
  <thread>11</thread>
  <message>PAUSING PLATYPUS FOR 9470</message>
</record>
<record>
  <date>2013-05-29T20:18:01</date>
  <millis>1369883881876</millis>
  <sequence>52</sequence>
  <logger>game1369883791281</logger>
  <level>INFO</level>
  <class>players.BryceMonteCarloTreeSearch_NoMiniMax_MultiThreaded</class>
  <method>run</method>
  <thread>17</thread>
  <message>move: up value: 1.7976931348623157E308 visited: 0</message>
</record>
<record>
  <date>2013-05-29T20:18:01</date>
  <millis>1369883881878</millis>
  <sequence>53</sequence>
  <logger>game1369883791281</logger>
  <level>INFO</level>
  <class>players.BryceMonteCarloTreeSearch_NoMiniMax_MultiThreaded</class>
  <method>run</method>
  <thread>17</thread>
  <message>move: right value: 1.7976931348623157E308 visited: 0</message>
</record>
<record>
  <date>2013-05-29T20:18:03</date>
  <millis>1369883883123</millis>
  <sequence>54</sequence>
  <logger>game1369883791281</logger>
  <level>INFO</level>
  <class>org.ggp.base.player.gamer.statemachine.PlatypusPlayer</class>
  <method>stateMachineSelectMove</method>
  <thread>11</thread>
  <message>--------Best Move after Monte Carlo--------</message>
</record>
<record>
  <date>2013-05-29T20:18:03</date>
  <millis>1369883883124</millis>
  <sequence>55</sequence>
  <logger>game1369883791281</logger>
  <level>INFO</level>
  <class>org.ggp.base.player.gamer.statemachine.PlatypusPlayer</class>
  <method>stateMachineSelectMove</method>
  <thread>11</thread>
  <message>best move: up</message>
</record>
<record>
  <date>2013-05-29T20:18:30</date>
  <millis>1369883910424</millis>
  <sequence>56</sequence>
  <logger>game1369883791281</logger>
  <level>INFO</level>
  <class>org.ggp.base.player.gamer.statemachine.PlatypusPlayer</class>
  <method>stateMachineSelectMove</method>
  <thread>11</thread>
  <message>--------Best Move after Minimiax--------</message>
</record>
<record>
  <date>2013-05-29T20:18:30</date>
  <millis>1369883910425</millis>
  <sequence>57</sequence>
  <logger>game1369883791281</logger>
  <level>INFO</level>
  <class>org.ggp.base.player.gamer.statemachine.PlatypusPlayer</class>
  <method>stateMachineSelectMove</method>
  <thread>11</thread>
  <message>Sure move is ( drop 8 )</message>
</record>
<record>
  <date>2013-05-29T20:18:30</date>
  <millis>1369883910425</millis>
  <sequence>58</sequence>
  <logger>game1369883791281</logger>
  <level>INFO</level>
  <class>org.ggp.base.player.gamer.statemachine.PlatypusPlayer</class>
  <method>stateMachineSelectMove</method>
  <thread>11</thread>
  <message>with the sure score of 0.0</message>
</record>
<record>
  <date>2013-05-29T20:18:30</date>
  <millis>1369883910425</millis>
  <sequence>59</sequence>
  <logger>game1369883791281</logger>
  <level>INFO</level>
  <class>org.ggp.base.player.gamer.statemachine.PlatypusPlayer</class>
  <method>stateMachineSelectMove</method>
  <thread>11</thread>
  <message>Starting Monte Carlo</message>
</record>
<record>
  <date>2013-05-29T20:18:30</date>
  <millis>1369883910425</millis>
  <sequence>60</sequence>
  <logger>game1369883791281</logger>
  <level>INFO</level>
  <class>org.ggp.base.player.gamer.statemachine.PlatypusPlayer</class>
  <method>stateMachineSelectMove</method>
  <thread>11</thread>
  <message>PAUSING PLATYPUS FOR 9499</message>
</record>
<record>
  <date>2013-05-29T20:18:39</date>
  <millis>1369883919675</millis>
  <sequence>61</sequence>
  <logger>game1369883791281</logger>
  <level>INFO</level>
  <class>players.BryceMonteCarloTreeSearch_NoMiniMax_MultiThreaded</class>
  <method>run</method>
  <thread>18</thread>
  <message>move: ( drop 8 ) value: 1.7976931348623157E308 visited: 0</message>
</record>
<record>
  <date>2013-05-29T20:18:39</date>
  <millis>1369883919677</millis>
  <sequence>62</sequence>
  <logger>game1369883791281</logger>
  <level>INFO</level>
  <class>players.BryceMonteCarloTreeSearch_NoMiniMax_MultiThreaded</class>
  <method>run</method>
  <thread>18</thread>
  <message>move: ( drop 1 ) value: 1.7976931348623157E308 visited: 0</message>
</record>
<record>
  <date>2013-05-29T20:18:39</date>
  <millis>1369883919678</millis>
  <sequence>63</sequence>
  <logger>game1369883791281</logger>
  <level>INFO</level>
  <class>players.BryceMonteCarloTreeSearch_NoMiniMax_MultiThreaded</class>
  <method>run</method>
  <thread>18</thread>
  <message>move: ( drop 5 ) value: 1.7976931348623157E308 visited: 0</message>
</record>
<record>
  <date>2013-05-29T20:18:39</date>
  <millis>1369883919679</millis>
  <sequence>64</sequence>
  <logger>game1369883791281</logger>
  <level>INFO</level>
  <class>players.BryceMonteCarloTreeSearch_NoMiniMax_MultiThreaded</class>
  <method>run</method>
  <thread>18</thread>
  <message>move: ( drop 4 ) value: 1.7976931348623157E308 visited: 0</message>
</record>
<record>
  <date>2013-05-29T20:18:39</date>
  <millis>1369883919679</millis>
  <sequence>65</sequence>
  <logger>game1369883791281</logger>
  <level>INFO</level>
  <class>players.BryceMonteCarloTreeSearch_NoMiniMax_MultiThreaded</class>
  <method>run</method>
  <thread>18</thread>
  <message>move: ( drop 2 ) value: 1.7976931348623157E308 visited: 0</message>
</record>
<record>
  <date>2013-05-29T20:18:39</date>
  <millis>1369883919680</millis>
  <sequence>66</sequence>
  <logger>game1369883791281</logger>
  <level>INFO</level>
  <class>players.BryceMonteCarloTreeSearch_NoMiniMax_MultiThreaded</class>
  <method>run</method>
  <thread>18</thread>
  <message>move: ( drop 3 ) value: 1.7976931348623157E308 visited: 0</message>
</record>
<record>
  <date>2013-05-29T20:18:39</date>
  <millis>1369883919681</millis>
  <sequence>67</sequence>
  <logger>game1369883791281</logger>
  <level>INFO</level>
  <class>players.BryceMonteCarloTreeSearch_NoMiniMax_MultiThreaded</class>
  <method>run</method>
  <thread>18</thread>
  <message>move: ( drop 7 ) value: 1.7976931348623157E308 visited: 0</message>
</record>
<record>
  <date>2013-05-29T20:18:39</date>
  <millis>1369883919682</millis>
  <sequence>68</sequence>
  <logger>game1369883791281</logger>
  <level>INFO</level>
  <class>players.BryceMonteCarloTreeSearch_NoMiniMax_MultiThreaded</class>
  <method>run</method>
  <thread>18</thread>
  <message>move: ( drop 6 ) value: 1.7976931348623157E308 visited: 0</message>
</record>
<record>
  <date>2013-05-29T20:18:40</date>
  <millis>1369883920925</millis>
  <sequence>69</sequence>
  <logger>game1369883791281</logger>
  <level>INFO</level>
  <class>org.ggp.base.player.gamer.statemachine.PlatypusPlayer</class>
  <method>stateMachineSelectMove</method>
  <thread>11</thread>
  <message>--------Best Move after Monte Carlo--------</message>
</record>
<record>
  <date>2013-05-29T20:18:40</date>
  <millis>1369883920925</millis>
  <sequence>70</sequence>
  <logger>game1369883791281</logger>
  <level>INFO</level>
  <class>org.ggp.base.player.gamer.statemachine.PlatypusPlayer</class>
  <method>stateMachineSelectMove</method>
  <thread>11</thread>
  <message>best move: ( drop 8 )</message>
</record>
<record>
  <date>2013-05-29T20:18:43</date>
  <millis>1369883923561</millis>
  <sequence>71</sequence>
  <logger>game1369883791281</logger>
  <level>INFO</level>
  <class>org.ggp.base.player.gamer.statemachine.PlatypusPlayer</class>
  <method>stateMachineSelectMove</method>
  <thread>11</thread>
  <message>--------Best Move after Minimiax--------</message>
</record>
<record>
  <date>2013-05-29T20:18:43</date>
  <millis>1369883923561</millis>
  <sequence>72</sequence>
  <logger>game1369883791281</logger>
  <level>INFO</level>
  <class>org.ggp.base.player.gamer.statemachine.PlatypusPlayer</class>
  <method>stateMachineSelectMove</method>
  <thread>11</thread>
  <message>Sure move is ( drop 8 )</message>
</record>
<record>
  <date>2013-05-29T20:18:43</date>
  <millis>1369883923561</millis>
  <sequence>73</sequence>
  <logger>game1369883791281</logger>
  <level>INFO</level>
  <class>org.ggp.base.player.gamer.statemachine.PlatypusPlayer</class>
  <method>stateMachineSelectMove</method>
  <thread>11</thread>
  <message>with the sure score of 0.0</message>
</record>
<record>
  <date>2013-05-29T20:18:43</date>
  <millis>1369883923561</millis>
  <sequence>74</sequence>
  <logger>game1369883791281</logger>
  <level>INFO</level>
  <class>org.ggp.base.player.gamer.statemachine.PlatypusPlayer</class>
  <method>stateMachineSelectMove</method>
  <thread>11</thread>
  <message>Starting Monte Carlo</message>
</record>
<record>
  <date>2013-05-29T20:18:43</date>
  <millis>1369883923562</millis>
  <sequence>75</sequence>
  <logger>game1369883791281</logger>
  <level>INFO</level>
  <class>org.ggp.base.player.gamer.statemachine.PlatypusPlayer</class>
  <method>stateMachineSelectMove</method>
  <thread>11</thread>
  <message>PAUSING PLATYPUS FOR 9498</message>
</record>
</log>
