<?xml version="1.0" encoding="UTF-8" standalone="no"?>
<!DOCTYPE log SYSTEM "logger.dtd">
<log>
<record>
  <date>2013-05-29T20:02:14</date>
  <millis>1369882934541</millis>
  <sequence>0</sequence>
  <logger>game1369882934539</logger>
  <level>INFO</level>
  <class>platypus.logging.PlatypusLogger</class>
  <method>getLogger</method>
  <thread>10</thread>
  <message>Added FileHandler to Logger</message>
</record>
<record>
  <date>2013-05-29T20:02:27</date>
  <millis>1369882947465</millis>
  <sequence>2</sequence>
  <logger>game1369882934539</logger>
  <level>INFO</level>
  <class>org.ggp.base.player.gamer.statemachine.PlatypusPlayer</class>
  <method>stateMachineSelectMove</method>
  <thread>11</thread>
  <message>--------Best Move after Minimiax--------</message>
</record>
<record>
  <date>2013-05-29T20:02:27</date>
  <millis>1369882947466</millis>
  <sequence>3</sequence>
  <logger>game1369882934539</logger>
  <level>INFO</level>
  <class>org.ggp.base.player.gamer.statemachine.PlatypusPlayer</class>
  <method>stateMachineSelectMove</method>
  <thread>11</thread>
  <message>Sure move is down</message>
</record>
<record>
  <date>2013-05-29T20:02:27</date>
  <millis>1369882947466</millis>
  <sequence>4</sequence>
  <logger>game1369882934539</logger>
  <level>INFO</level>
  <class>org.ggp.base.player.gamer.statemachine.PlatypusPlayer</class>
  <method>stateMachineSelectMove</method>
  <thread>11</thread>
  <message>with the sure score of 0.0</message>
</record>
<record>
  <date>2013-05-29T20:02:27</date>
  <millis>1369882947466</millis>
  <sequence>5</sequence>
  <logger>game1369882934539</logger>
  <level>INFO</level>
  <class>org.ggp.base.player.gamer.statemachine.PlatypusPlayer</class>
  <method>stateMachineSelectMove</method>
  <thread>11</thread>
  <message>Starting Monte Carlo</message>
</record>
<record>
  <date>2013-05-29T20:02:27</date>
  <millis>1369882947466</millis>
  <sequence>6</sequence>
  <logger>game1369882934539</logger>
  <level>INFO</level>
  <class>org.ggp.base.player.gamer.statemachine.PlatypusPlayer</class>
  <method>stateMachineSelectMove</method>
  <thread>11</thread>
  <message>PAUSING PLATYPUS FOR 9497</message>
</record>
<record>
  <date>2013-05-29T20:02:36</date>
  <millis>1369882956714</millis>
  <sequence>7</sequence>
  <logger>game1369882934539</logger>
  <level>INFO</level>
  <class>players.BryceMonteCarloTreeSearch_NoMiniMax_MultiThreaded</class>
  <method>run</method>
  <thread>12</thread>
  <message>move: down value: 1.7976931348623157E308 visited: 0</message>
</record>
<record>
  <date>2013-05-29T20:02:36</date>
  <millis>1369882956715</millis>
  <sequence>8</sequence>
  <logger>game1369882934539</logger>
  <level>INFO</level>
  <class>players.BryceMonteCarloTreeSearch_NoMiniMax_MultiThreaded</class>
  <method>run</method>
  <thread>12</thread>
  <message>move: right value: 1.7976931348623157E308 visited: 0</message>
</record>
<record>
  <date>2013-05-29T20:02:37</date>
  <millis>1369882957964</millis>
  <sequence>9</sequence>
  <logger>game1369882934539</logger>
  <level>INFO</level>
  <class>org.ggp.base.player.gamer.statemachine.PlatypusPlayer</class>
  <method>stateMachineSelectMove</method>
  <thread>11</thread>
  <message>--------Best Move after Monte Carlo--------</message>
</record>
<record>
  <date>2013-05-29T20:02:37</date>
  <millis>1369882957964</millis>
  <sequence>10</sequence>
  <logger>game1369882934539</logger>
  <level>INFO</level>
  <class>org.ggp.base.player.gamer.statemachine.PlatypusPlayer</class>
  <method>stateMachineSelectMove</method>
  <thread>11</thread>
  <message>best move: down</message>
</record>
<record>
  <date>2013-05-29T20:02:40</date>
  <millis>1369882960476</millis>
  <sequence>11</sequence>
  <logger>game1369882934539</logger>
  <level>INFO</level>
  <class>org.ggp.base.player.gamer.statemachine.PlatypusPlayer</class>
  <method>stateMachineSelectMove</method>
  <thread>11</thread>
  <message>--------Best Move after Minimiax--------</message>
</record>
<record>
  <date>2013-05-29T20:02:40</date>
  <millis>1369882960476</millis>
  <sequence>12</sequence>
  <logger>game1369882934539</logger>
  <level>INFO</level>
  <class>org.ggp.base.player.gamer.statemachine.PlatypusPlayer</class>
  <method>stateMachineSelectMove</method>
  <thread>11</thread>
  <message>Sure move is up</message>
</record>
<record>
  <date>2013-05-29T20:02:40</date>
  <millis>1369882960476</millis>
  <sequence>13</sequence>
  <logger>game1369882934539</logger>
  <level>INFO</level>
  <class>org.ggp.base.player.gamer.statemachine.PlatypusPlayer</class>
  <method>stateMachineSelectMove</method>
  <thread>11</thread>
  <message>with the sure score of 0.0</message>
</record>
<record>
  <date>2013-05-29T20:02:40</date>
  <millis>1369882960476</millis>
  <sequence>14</sequence>
  <logger>game1369882934539</logger>
  <level>INFO</level>
  <class>org.ggp.base.player.gamer.statemachine.PlatypusPlayer</class>
  <method>stateMachineSelectMove</method>
  <thread>11</thread>
  <message>Starting Monte Carlo</message>
</record>
<record>
  <date>2013-05-29T20:02:40</date>
  <millis>1369882960477</millis>
  <sequence>15</sequence>
  <logger>game1369882934539</logger>
  <level>INFO</level>
  <class>org.ggp.base.player.gamer.statemachine.PlatypusPlayer</class>
  <method>stateMachineSelectMove</method>
  <thread>11</thread>
  <message>PAUSING PLATYPUS FOR 9498</message>
</record>
<record>
  <date>2013-05-29T20:02:49</date>
  <millis>1369882969726</millis>
  <sequence>16</sequence>
  <logger>game1369882934539</logger>
  <level>INFO</level>
  <class>players.BryceMonteCarloTreeSearch_NoMiniMax_MultiThreaded</class>
  <method>run</method>
  <thread>13</thread>
  <message>move: up value: 1.7976931348623157E308 visited: 0</message>
</record>
<record>
  <date>2013-05-29T20:02:49</date>
  <millis>1369882969727</millis>
  <sequence>17</sequence>
  <logger>game1369882934539</logger>
  <level>INFO</level>
  <class>players.BryceMonteCarloTreeSearch_NoMiniMax_MultiThreaded</class>
  <method>run</method>
  <thread>13</thread>
  <message>move: right value: 1.7976931348623157E308 visited: 0</message>
</record>
<record>
  <date>2013-05-29T20:02:50</date>
  <millis>1369882970975</millis>
  <sequence>18</sequence>
  <logger>game1369882934539</logger>
  <level>INFO</level>
  <class>org.ggp.base.player.gamer.statemachine.PlatypusPlayer</class>
  <method>stateMachineSelectMove</method>
  <thread>11</thread>
  <message>--------Best Move after Monte Carlo--------</message>
</record>
<record>
  <date>2013-05-29T20:02:50</date>
  <millis>1369882970975</millis>
  <sequence>19</sequence>
  <logger>game1369882934539</logger>
  <level>INFO</level>
  <class>org.ggp.base.player.gamer.statemachine.PlatypusPlayer</class>
  <method>stateMachineSelectMove</method>
  <thread>11</thread>
  <message>best move: up</message>
</record>
<record>
  <date>2013-05-29T20:02:53</date>
  <millis>1369882973488</millis>
  <sequence>20</sequence>
  <logger>game1369882934539</logger>
  <level>INFO</level>
  <class>org.ggp.base.player.gamer.statemachine.PlatypusPlayer</class>
  <method>stateMachineSelectMove</method>
  <thread>11</thread>
  <message>--------Best Move after Minimiax--------</message>
</record>
<record>
  <date>2013-05-29T20:02:53</date>
  <millis>1369882973489</millis>
  <sequence>21</sequence>
  <logger>game1369882934539</logger>
  <level>INFO</level>
  <class>org.ggp.base.player.gamer.statemachine.PlatypusPlayer</class>
  <method>stateMachineSelectMove</method>
  <thread>11</thread>
  <message>Sure move is down</message>
</record>
<record>
  <date>2013-05-29T20:02:53</date>
  <millis>1369882973489</millis>
  <sequence>22</sequence>
  <logger>game1369882934539</logger>
  <level>INFO</level>
  <class>org.ggp.base.player.gamer.statemachine.PlatypusPlayer</class>
  <method>stateMachineSelectMove</method>
  <thread>11</thread>
  <message>with the sure score of 0.0</message>
</record>
<record>
  <date>2013-05-29T20:02:53</date>
  <millis>1369882973489</millis>
  <sequence>23</sequence>
  <logger>game1369882934539</logger>
  <level>INFO</level>
  <class>org.ggp.base.player.gamer.statemachine.PlatypusPlayer</class>
  <method>stateMachineSelectMove</method>
  <th