<?xml version="1.0" encoding="UTF-8" standalone="no"?>
<!DOCTYPE log SYSTEM "logger.dtd">
<log>
<record>
  <date>2013-05-29T20:11:47</date>
  <millis>1369883507914</millis>
  <sequence>0</sequence>
  <logger>game1369883507911</logger>
  <level>INFO</level>
  <class>platypus.logging.PlatypusLogger</class>
  <method>getLogger</method>
  <thread>10</thread>
  <message>Added FileHandler to Logger</message>
</record>
<record>
  <date>2013-05-29T20:12:11</date>
  <millis>1369883531925</millis>
  <sequence>2</sequence>
  <logger>game1369883507911</logger>
  <level>INFO</level>
  <class>org.ggp.base.player.gamer.statemachine.PlatypusPlayer</class>
  <method>stateMachineSelectMove</method>
  <thread>11</thread>
  <message>--------Best Move after Minimiax--------</message>
</record>
<record>
  <date>2013-05-29T20:12:11</date>
  <millis>1369883531926</millis>
  <sequence>3</sequence>
  <logger>game1369883507911</logger>
  <level>INFO</level>
  <class>org.ggp.base.player.gamer.statemachine.PlatypusPlayer</class>
  <method>stateMachineSelectMove</method>
  <thread>11</thread>
  <message>Sure move is down</message>
</record>
<record>
  <date>2013-05-29T20:12:11</date>
  <millis>1369883531926</millis>
  <sequence>4</sequence>
  <logger>game1369883507911</logger>
  <level>INFO</level>
  <class>org.ggp.base.player.gamer.statemachine.PlatypusPlayer</class>
  <method>stateMachineSelectMove</method>
  <thread>11</thread>
  <message>with the sure score of 0.0</message>
</record>
<record>
  <date>2013-05-29T20:12:11</date>
  <millis>1369883531926</millis>
  <sequence>5</sequence>
  <logger>game1369883507911</logger>
  <level>INFO</level>
  <class>org.ggp.base.player.gamer.statemachine.PlatypusPlayer</class>
  <method>stateMachineSelectMove</method>
  <thread>11</thread>
  <message>Starting Monte Carlo</message>
</record>
<record>
  <date>2013-05-29T20:12:11</date>
  <millis>1369883531926</millis>
  <sequence>6</sequence>
  <logger>game1369883507911</logger>
  <level>INFO</level>
  <class>org.ggp.base.player.gamer.statemachine.PlatypusPlayer</class>
  <method>stateMachineSelectMove</method>
  <thread>11</thread>
  <message>PAUSING PLATYPUS FOR 9497</message>
</record>
</log>
