<?xml version="1.0" encoding="UTF-8" standalone="no"?>
<!DOCTYPE log SYSTEM "logger.dtd">
<log>
<record>
  <date>2013-05-31T21:35:36</date>
  <millis>1370061336949</millis>
  <sequence>0</sequence>
  <logger>game1370061336946</logger>
  <level>INFO</level>
  <class>platypus.logging.PlatypusLogger</class>
  <method>getLogger</method>
  <thread>10</thread>
  <message>Added FileHandler to Logger</message>
</record>
<record>
  <date>2013-05-31T21:35:52</date>
  <millis>1370061352276</millis>
  <sequence>2</sequence>
  <logger>game1370061336946</logger>
  <level>INFO</level>
  <class>org.ggp.base.player.gamer.statemachine.PlatypusPlayer</class>
  <method>stateMachineSelectMove</method>
  <thread>11</thread>
  <message>--------Best Move after Minimiax--------</message>
</record>
<record>
  <date>2013-05-31T21:35:52</date>
  <millis>1370061352277</millis>
  <sequence>3</sequence>
  <logger>game1370061336946</logger>
  <level>INFO</level>
  <class>org.ggp.base.player.gamer.statemachine.PlatypusPlayer</class>
  <method>stateMachineSelectMove</method>
  <thread>11</thread>
  <message>Sure move is ( a 9 )</message>
</record>
<record>
  <date>2013-05-31T21:35:52</date>
  <millis>1370061352277</millis>
  <sequence>4</sequence>
  <logger>game1370061336946</logger>
  <level>INFO</level>
  <class>org.ggp.base.player.gamer.statemachine.PlatypusPlayer</class>
  <method>stateMachineSelectMove</method>
  <thread>11</thread>
  <message>with the sure score of 0.0</message>
</record>
<record>
  <date>2013-05-31T21:35:52</date>
  <millis>1370061352277</millis>
  <sequence>5</sequence>
  <logger>game1370061336946</logger>
  <level>INFO</level>
  <class>org.ggp.base.player.gamer.statemachine.PlatypusPlayer</class>
  <method>stateMachineSelectMove</method>
  <thread>11</thread>
  <message>Starting Monte Carlo</message>
</record>
<record>
  <date>2013-05-31T21:35:52</date>
  <millis>1370061352277</millis>
  <sequence>6</sequence>
  <logger>game1370061336946</logger>
  <level>INFO</level>
  <class>org.ggp.base.player.gamer.statemachine.PlatypusPlayer</class>
  <method>stateMachineSelectMove</method>
  <thread>11</thread>
  <message>PAUSING PLATYPUS FOR 9498</message>
</record>
<record>
  <date>2013-05-31T21:36:01</date>
  <millis>1370061361526</millis>
  <sequence>7</sequence>
  <logger>game1370061336946</logger>
  <level>INFO</level>
  <class>players.BryceMonteCarloTreeSearch_NoMiniMax_MultiThreaded</class>
  <method>run</method>
  <thread>12</thread>
  <message>move: ( a 9 ) value: 0.0 visited: 2051</message>
</record>
<record>
  <date>2013-05-31T21:36:01</date>
  <millis>1370061361527</millis>
  <sequence>8</sequence>
  <logger>game1370061336946</logger>
  <level>INFO</level>
  <class>players.BryceMonteCarloTreeSearch_NoMiniMax_MultiThreaded</class>
  <method>run</method>
  <thread>12</thread>
  <message>move: ( c 6 ) value: 0.0 visited: 2051</message>
</record>
<record>
  <date>2013-05-31T21:36:01</date>
  <millis>1370061361527</millis>
  <sequence>9</sequence>
  <logger>game1370061336946</logger>
  <level>INFO</level>
  <class>players.BryceMonteCarloTreeSearch_NoMiniMax_MultiThreaded</class>
  <method>run</method>
  <thread>12</thread>
  <message>move: ( b 7 ) value: 0.0 visited: 2051</message>
</record>
<record>
  <date>2013-05-31T21:36:01</date>
  <millis>1370061361528</millis>
  <sequence>10</sequence>
  <logger>game1370061336946</logger>
  <level>INFO</level>
  <class>players.BryceMonteCarloTreeSearch_NoMiniMax_MultiThreaded</class>
  <method>run</method>
  <thread>12</thread>
  <message>move: ( c 9 ) value: 0.0 visited: 2051</message>
</record>
<record>
  <date>2013-05-31T21:36:01</date>
  <millis>1370061361528</millis>
  <sequence>11</sequence>
  <logger>game1370061336946</logger>
  <level>INFO</level>
  <class>players.BryceMonteCarloTreeSearch_NoMiniMax_MultiThreaded</class>
  <method>run</method>
  <thread>12</thread>
  <message>move: ( b 4 ) value: 0.0 visited: 2051</message>
</record>
<record>
  <date>2013-05-31T21:36:01</date>
  <millis>1370061361528</millis>
  <sequence>12</sequence>
  <logger>game1370061336946</logger>
  <level>INFO</level>
  <class>players.BryceMonteCarloTreeSearch_NoMiniMax_MultiThreaded</class>
  <method>run</method>
  <thread>12</thread>
  <message>move: ( a 3 ) value: 0.0 visited: 2051</message>
</record>
<record>
  <date>2013-05-31T21:36:01</date>
  <millis>1370061361529</millis>
  <sequence>13</sequence>
  <logger>game1370061336946</logger>
  <level>INFO</level>
  <class>players.BryceMonteCarloTreeSearch_NoMiniMax_MultiThreaded</class>
  <method>run</method>
  <thread>12</thread>
  <message>move: ( a 1 ) value: 0.0 visited: 2050</message>
</record>
<record>
  <date>2013-05-31T21:36:01</date>
  <millis>1370061361529</millis>
  <sequence>14</sequence>
  <logger>game1370061336946</logger>
  <level>INFO</level>
  <class>players.BryceMonteCarloTreeSearch_NoMiniMax_MultiThreaded</class>
  <method>run</method>
  <thread>12</thread>
  <message>move: ( c 8 ) value: 0.0 visited: 2051</message>
</record>
<record>
  <date>2013-05-31T21:36:01</date>
  <millis>1370061361530</millis>
  <sequence>15</sequence>
  <logger>game1370061336946</logger>
  <level>INFO</level>
  <class>players.BryceMonteCarloTreeSearch_NoMiniMax_MultiThreaded</class>
  <method>run</method>
  <thread>12</thread>
  <message>move: ( c 3 ) value: 0.0 visited: 2051</message>
</record>
<record>
  <date>2013-05-31T21:36:01</date>
  <millis>1370061361530</millis>
  <sequence>16</sequence>
  <logger>game1370061336946</logger>
  <level>INFO</level>
  <class>players.BryceMonteCarloTreeSearch_NoMiniMax_MultiThreaded</class>
  <method>run</method>
  <thread>12</thread>
  <message>move: ( b 8 ) value: 0.0 visited: 2051</message>
</record>
<record>
  <date>2013-05-31T21:36:01</date>
  <millis>1370061361530</millis>
  <sequence>17</sequence>
  <logger>game1370061336946</logger>
  <level>INFO</level>
  <class>players.BryceMonteCarloTreeSearch_NoMiniMax_MultiThreaded</class>
  <method>run</method>
  <thread>12</thread>
  <message>move: ( b 5 ) value: 0.0 visited: 2051</message>
</record>
<record>
  <date>2013-05-31T21:36:01</date>
  <millis>1370061361531</millis>
  <sequence>18</sequence>
  <logger>game1370061336946</logger>
  <level>INFO</level>
  <class>players.BryceMonteCarloTreeSearch_NoMiniMax_MultiThreaded</class>
  <method>run</method>
  <thread>12</thread>
  <message>move: ( a 8 ) value: 0.0 visited: 2051</message>
</record>
<record>
  <date>2013-05-31T21:36:01</date>
  <millis>1370061361531</millis>
  <sequence>19</sequence>
  <logger>game1370061336946</logger>
  <level>INFO</level>
  <class>players.BryceMonteCarloTreeSearch_NoMiniMax_MultiThreaded</class>
  <method>run</method>
  <thread>12</thread>
  <message>move: ( c 2 ) value: 0.0 visited: 2051</message>
</record>
<record>
  <date>2013-05-31T21:36:01</date>
  <millis>1370061361532</millis>
  <sequence>20</sequence>
  <logger>game1370061336946</logger>
  <level>INFO</level>
  <class>players.BryceMonteCarloTreeSearch_NoMiniMax_MultiThreaded</class>
  <method>run</method>
  <thread>12</thread>
  <message>move: ( a 4 ) value: 0.0 visited: 2051</message>
</record>
<record>
  <date>2013-05-31T21:36:01</date>
  <millis>1370061361532</millis>
  <sequence>21</sequence>
  <logger>game1370061336946</logger>
  <level>INFO</level>
  <class>players.BryceMonteCarloTreeSearch_NoMiniMax_MultiThreaded</class>
  <method>run</method>
  <thread>12</thread>
  <message>move: ( b 3 ) value: 0.0 visited: 2051</message>
</record>
<record>
  <date>2013-05-31T21:36:01</date>
  <millis>1370061361532</millis>
  <sequence>22</sequence>
  <logger>game1370061336946</logger>
  <level>INFO</level>
  <class>players.BryceMonteCarloTreeSearch_NoMiniMax_MultiThreaded</class>
  <method>run</method>
  <thread>12</thread>
  <message>move: ( a 6 ) value: 0.0 visited: 2052</message>
</record>
<record>
  <date>2013-05-31T21:36:01</date>
  <millis>1370061361533</millis>
  <sequence>23</sequence>
  <logger>game1370061336946</logger>
  <level>INFO</level>
  <class>players.BryceMonteCarloTreeSearch_NoMiniMax_MultiThreaded</class>
  <method>run</method>
  <thread>12</thread>
  <message>move: ( a 5 ) value: 0.0 visited: 2051</message>
</record>
<record>
  <date>2013-05-31T21:36:01</date>
  <millis>1370061361533</millis>
  <sequence>24</sequence>
  <logger>game1370061336946</logger>
  <level>INFO</level>
  <class>players.BryceMonteCarloTreeSearch_NoMiniMax_MultiThreaded</class>
  <method>run</method>
  <thread>12</thread>
  <message>move: ( a 7 ) value: 0.0 visited: 2050</message>
</record>
<record>
  <date>2013-05-31T21:36:01</date>
  <millis>1370061361534</millis>
  <sequence>25</sequence>
  <logger>game1370061336946</logger>
  <level>INFO</level>
  <class>players.BryceMonteCarloTreeSearch_NoMiniMax_MultiThreaded</class>
  <method>run</method>
  <thread>12</thread>
  <message>move: ( b 1 ) value: 0.0 visited: 2051</message>
</record>
<record>
  <date>2013-05-31T21:36:01</date>
  <millis>1370061361534</millis>
  <sequence>26</sequence>
  <logger>game1370061336946</logger>
  <level>INFO</level>
  <class>players.BryceMonteCarloTreeSearch_NoMiniMax_MultiThreaded</class>
  <method>run</method>
  <thread>12</thread>
  <message>move: ( b 2 ) value: 0.0 visited: 2051</message>
</record>
<record>
  <date>2013-05-31T21:36:01</date>
  <millis>1370061361535</millis>
  <sequence>27</sequence>
  <logger>game1370061336946</logger>
  <level>INFO</level>
  <class>players.BryceMonteCarloTreeSearch_NoMiniMax_MultiThreaded</class>
  <method>run</method>
  <thread>12</thread>
  <message>move: ( b 9 ) value: 0.0 visited: 2051</message>
</record>
<record>
  <date>2013-05-31T21:36:01</date>
  <millis>1370061361535</millis>
  <sequence>28</sequence>
  <logger>game1370061336946</logger>
  <level>INFO</level>
  <class>players.BryceMonteCarloTreeSearch_NoMiniMax_MultiThreaded</class>
  <method>run</method>
  <thread>12</thread>
  <message>move: ( c 5 ) value: 0.0 visited: 2051</message>
</record>
<record>
  <date>2013-05-31T21:36:01</date>
  <millis>1370061361535</millis>
  <sequence>29</sequence>
  <logger>game1370061336946</logger>
  <level>INFO</level>
  <class>players.BryceMonteCarloTreeSearch_NoMiniMax_MultiThreaded</class>
  <method>run</method>
  <thread>12</thread>
  <message>move: ( c 7 ) value: 0.0 visited: 2051</message>
</record>
<record>
  <date>2013-05-31T21:36:01</date>
  <millis>1370061361536</millis>
  <sequence>30</sequence>
  <logger>game1370061336946</logger>
  <level>INFO</level>
  <class>players.BryceMonteCarloTreeSearch_NoMiniMax_MultiThreaded</class>
  <method>run</method>
  <thread>12</thread>
  <message>move: ( b 6 ) value: 0.0 visited: 2051</message>
</record>
<record>
  <date>2013-05-31T21:36:01</date>
  <millis>1370061361536</millis>
  <sequence>31</sequence>
  <logger>game1370061336946</logger>
  <level>INFO</level>
  <class>players.BryceMonteCarloTreeSearch_NoMiniMax_MultiThreaded</class>
  <method>run</method>
  <thread>12</thread>
  <message>move: ( c 1 ) value: 0.0 visited: 2051</message>
</record>
<record>
  <date>2013-05-31T21:36:01</date>
  <millis>1370061361537</millis>
  <sequence>32</sequence>
  <logger>game1370061336946</logger>
  <level>INFO</level>
  <class>players.BryceMonteCarloTreeSearch_NoMiniMax_MultiThreaded</class>
  <method>run</method>
  <thread>12</thread>
  <message>move: ( c 4 ) value: 0.0 visited: 2051</message>
</record>
<record>
  <date>2013-05-31T21:36:01</date>
  <millis>1370061361537</millis>
  <sequence>33</sequence>
  <logger>game1370061336946</logger>
  <level>INFO</level>
  <class>players.BryceMonteCarloTreeSearch_NoMiniMax_MultiThreaded</class>
  <method>run</method>
  <thread>12</thread>
  <message>move: ( a 2 ) value: 0.0 visited: 2050</message>
</record>
<record>
  <date>2013-05-31T21:36:02</date>
  <millis>1370061362776</millis>
  <sequence>34</sequence>
  <logger>game1370061336946</logger>
  <level>INFO</level>
  <class>org.ggp.base.player.gamer.statemachine.PlatypusPlayer</class>
  <method>stateMachineSelectMove</method>
  <thread>11</thread>
  <message>--------Best Move after Monte Carlo--------</message>
</record>
<record>
  <date>2013-05-31T21:36:02</date>
  <millis>1370061362776</millis>
  <sequence>35</sequence>
  <logger>game1370061336946</logger>
  <level>INFO</level>
  <class>org.ggp.base.player.gamer.statemachine.PlatypusPlayer</class>
  <method>stateMachineSelectMove</method>
  <thread>11</thread>
  <message>CHOSE RANDOM</message>
</record>
<record>
  <date>2013-05-31T21:36:02</date>
  <millis>1370061362776</millis>
  <sequence>36</sequence>
  <logger>game1370061336946</logger>
  <level>INFO</level>
  <class>org.ggp.base.player.gamer.statemachine.PlatypusPlayer</class>
  <method>stateMachineSelectMove</method>
  <thread>11</thread>
  <message>best move: ( c 5 )</message>
</record>
<record>
  <date>2013-05-31T21:36:05</date>
  <millis>1370061365285</millis>
  <sequence>37</sequence>
  <logger>game1370061336946</logger>
  <level>INFO</level>
  <class>org.ggp.base.player.gamer.statemachine.PlatypusPlayer</class>
  <method>stateMachineSelectMove</method>
  <thread>11</thread>
  <message>--------Best Move after Minimiax--------</message>
</record>
<record>
  <date>2013-05-31T21:36:05</date>
  <millis>1370061365285</millis>
  <sequence>38</sequence>
  <logger>game1370061336946</logger>
  <level>INFO</level>
  <class>org.ggp.base.player.gamer.statemachine.PlatypusPlayer</class>
  <method>stateMachineSelectMove</method>
  <thread>11</thread>
  <message>Sure move is ( a 9 )</message>
</record>
<record>
  <date>2013-05-31T21:36:05</date>
  <millis>1370061365285</millis>
  <sequence>39</sequence>
  <logger>game1370061336946</logger>
  <level>INFO</level>
  <class>org.ggp.base.player.gamer.statemachine.PlatypusPlayer</class>
  <method>stateMachineSelectMove</method>
  <thread>11</thread>
  <message>with the sure score of 0.0</message>
</record>
<record>
  <date>2013-05-31T21:36:05</date>
  <millis>1370061365286</millis>
  <sequence>40</sequence>
  <logger>game1370061336946</logger>
  <level>INFO</level>
  <class>org.ggp.base.player.gamer.statemachine.PlatypusPlayer</class>
  <method>stateMachineSelectMove</method>
  <thread>11</thread>
  <message>Starting Monte Carlo</message>
</record>
<record>
  <date>2013-05-31T21:36:05</date>
  <millis>1370061365286</millis>
  <sequence>41</sequence>
  <logger>game1370061336946</logger>
  <level>INFO</level>
  <class>org.ggp.base.player.gamer.statemachine.PlatypusPlayer</class>
  <method>stateMachineSelectMove</method>
  <thread>11</thread>
  <message>PAUSING PLATYPUS FOR 9498</message>
</record>
<record>
  <date>2013-05-31T21:36:14</date>
  <millis>1370061374535</millis>
  <sequence>42</sequence>
  <logger>game1370061336946</logger>
  <level>INFO</level>
  <class>players.BryceMonteCarloTreeSearch_NoMiniMax_MultiThreaded</class>
  <method>run</method>
  <thread>13</thread>
  <message>move: ( a 9 ) value: 0.0 visited: 2106</message>
</record>
<record>
  <date>2013-05-31T21:36:14</date>
  <millis>1370061374535</millis>
  <sequence>43</sequence>
  <logger>game1370061336946</logger>
  <level>INFO</level>
  <class>players.BryceMonteCarloTreeSearch_NoMiniMax_MultiThreaded</class>
  <method>run</method>
  <thread>13</thread>
  <message>move: ( c 6 ) value: 0.0 visited: 2107</message>
</record>
<record>
  <date>2013-05-31T21:36:14</date>
  <millis>1370061374536</millis>
  <sequence>44</sequence>
  <logger>game1370061336946</logger>
  <level>INFO</level>
  <class>players.BryceMonteCarloTreeSearch_NoMiniMax_MultiThreaded</class>
  <method>run</method>
  <thread>13</thread>
  <message>move: ( b 7 ) value: 0.0 visited: 2107</message>
</record>
<record>
  <date>2013-05-31T21:36:14</date>
  <millis>1370061374536</millis>
  <sequence>45</sequence>
  <logger>game1370061336946</logger>
  <level>INFO</level>
  <class>players.BryceMonteCarloTreeSearch_NoMiniMax_MultiThreaded</class>
  <method>run</method>
  <thread>13</thread>
  <message>move: ( c 9 ) value: 0.0 visited: 2107</message>
</record>
<record>
  <date>2013-05-31T21:36:14</date>
  <millis>1370061374537</millis>
  <sequence>46</sequence>
  <logger>game1370061336946</logger>
  <level>INFO</level>
  <class>players.BryceMonteCarloTreeSearch_NoMiniMax_MultiThreaded</class>
  <method>run</method>
  <thread>13</thread>
  <message>move: ( b 4 ) value: 0.0 visited: 2107</message>
</record>
<record>
  <date>2013-05-31T21:36:14</date>
  <millis>1370061374537</millis>
  <sequence>47</sequence>
  <logger>game1370061336946</logger>
  <level>INFO</level>
  <class>players.BryceMonteCarloTreeSearch_NoMiniMax_MultiThreaded</class>
  <method>run</method>
  <thread>13</thread>
  <message>move: ( a 3 ) value: 0.0 visited: 2107</message>
</record>
<record>
  <date>2013-05-31T21:36:14</date>
  <millis>1370061374538</millis>
  <sequence>48</sequence>
  <logger>game1370061336946</logger>
  <level>INFO</level>
  <class>players.BryceMonteCarloTreeSearch_NoMiniMax_MultiThreaded</class>
  <method>run</method>
  <thread>13</thread>
  <message>move: ( a 1 ) value: 0.0 visited: 2105</message>
</record>
<record>
  <date>2013-05-31T21:36:14</date>
  <millis>1370061374538</millis>
  <sequence>49</sequence>
  <logger>game1370061336946</logger>
  <level>INFO</level>
  <class>players.BryceMonteCarloTreeSearch_NoMiniMax_MultiThreaded</class>
  <method>run</method>
  <thread>13</thread>
  <message>move: ( c 8 ) value: 0.0 visited: 2107</message>
</record>
<record>
  <date>2013-05-31T21:36:14</date>
  <millis>1370061374538</millis>
  <sequence>50</sequence>
  <logger>game1370061336946</logger>
  <level>INFO</level>
  <class>players.BryceMonteCarloTreeSearch_NoMiniMax_MultiThreaded</class>
  <method>run</method>
  <thread>13</thread>
  <message>move: ( c 3 ) value: 0.0 visited: 2107</message>
</record>
<record>
  <date>2013-05-31T21:36:14</date>
  <millis>1370061374539</millis>
  <sequence>51</sequence>
  <logger>game1370061336946</logger>
  <level>INFO</level>
  <class>players.BryceMonteCarloTreeSearch_NoMiniMax_MultiThreaded</class>
  <method>run</method>
  <thread>13</thread>
  <message>move: ( b 8 ) value: 0.0 visited: 2107</message>
</record>
<record>
  <date>2013-05-31T21:36:14</date>
  <millis>1370061374539</millis>
  <sequence>52</sequence>
  <logger>game1370061336946</logger>
  <level>INFO</level>
  <class>players.BryceMonteCarloTreeSearch_NoMiniMax_MultiThreaded</class>
  <method>run</method>
  <thread>13</thread>
  <message>move: ( b 5 ) value: 0.0 visited: 2107</message>
</record>
<record>
  <date>2013-05-31T21:36:14</date>
  <millis>1370061374540</millis>
  <sequence>53</sequence>
  <logger>game1370061336946</logger>
  <level>INFO</level>
  <class>players.BryceMonteCarloTreeSearch_NoMiniMax_MultiThreaded</class>
  <method>run</method>
  <thread>13</thread>
  <message>move: ( a 8 ) value: 0.0 visited: 2107</message>
</record>
<record>
  <date>2013-05-31T21:36:14</date>
  <millis>1370061374540</millis>
  <sequence>54</sequence>
  <logger>game1370061336946</logger>
  <level>INFO</level>
  <class>players.BryceMonteCarloTreeSearch_NoMiniMax_MultiThreaded</class>
  <method>run</method>
  <thread>13</thread>
  <message>move: ( c 2 ) value: 0.0 visited: 2107</message>
</record>
<record>
  <date>2013-05-31T21:36:14</date>
  <millis>1370061374541</millis>
  <sequence>55</sequence>
  <logger>game1370061336946</logger>
  <level>INFO</level>
  <class>players.BryceMonteCarloTreeSearch_NoMiniMax_MultiThreaded</class>
  <method>run</method>
  <thread>13</thread>
  <message>move: ( a 4 ) value: 0.0 visited: 2106</message>
</record>
<record>
  <date>2013-05-31T21:36:14</date>
  <millis>1370061374541</millis>
  <sequence>56</sequence>
  <logger>game1370061336946</logger>
  <level>INFO</level>
  <class>players.BryceMonteCarloTreeSearch_NoMiniMax_MultiThreaded</class>
  <method>run</method>
  <thread>13</thread>
  <message>move: ( b 3 ) value: 0.0 visited: 2107</message>
</record>
<record>
  <date>2013-05-31T21:36:14</date>
  <millis>1370061374542</millis>
  <sequence>57</sequence>
  <logger>game1370061336946</logger>
  <level>INFO</level>
  <class>players.BryceMonteCarloTreeSearch_NoMiniMax_MultiThreaded</class>
  <method>run</method>
  <thread>13</thread>
  <message>move: ( a 6 ) value: 0.0 visited: 2107</message>
</record>
<record>
  <date>2013-05-31T21:36:14</date>
  <millis>1370061374542</millis>
  <sequence>58</sequence>
  <logger>game1370061336946</logger>
  <level>INFO</level>
  <class>players.BryceMonteCarloTreeSearch_NoMiniMax_MultiThreaded</class>
  <method>run</method>
  <thread>13</thread>
  <message>move: ( a 5 ) value: 0.0 visited: 2105</message>
</record>
<record>
  <date>2013-05-31T21:36:14</date>
  <millis>1370061374543</millis>
  <sequence>59</sequence>
  <logger>game1370061336946</logger>
  <level>INFO</level>
  <class>players.BryceMonteCarloTreeSearch_NoMiniMax_MultiThreaded</class>
  <method>run</method>
  <thread>13</thread>
  <message>move: ( a 7 ) value: 0.0 visited: 2105</message>
</record>
<record>
  <date>2013-05-31T21:36:14</date>
  <millis>1370061374543</millis>
  <sequence>60</sequence>
  <logger>game1370061336946</logger>
  <level>INFO</level>
  <class>players.BryceMonteCarloTreeSearch_NoMiniMax_MultiThreaded</class>
  <method>run</method>
  <thread>13</thread>
  <message>move: ( b 1 ) value: 0.0 visited: 2107</message>
</record>
<record>
  <date>2013-05-31T21:36:14</date>
  <millis>1370061374544</millis>
  <sequence>61</sequence>
  <logger>game1370061336946</logger>
  <level>INFO</level>
  <class>players.BryceMonteCarloTreeSearch_NoMiniMax_MultiThreaded</class>
  <method>run</method>
  <thread>13</thread>
  <message>move: ( b 2 ) value: 0.0 visited: 2107</message>
</record>
<record>
  <date>2013-05-31T21:36:14</date>
  <millis>1370061374544</millis>
  <sequence>62</sequence>
  <logger>game1370061336946</logger>
  <level>INFO</level>
  <class>players.BryceMonteCarloTreeSearch_NoMiniMax_MultiThreaded</class>
  <method>run</method>
  <thread>13</thread>
  <message>move: ( b 9 ) value: 0.0 visited: 2107</message>
</record>
<record>
  <date>2013-05-31T21:36:14</date>
  <millis>1370061374545</millis>
  <sequence>63</sequence>
  <logger>game1370061336946</logger>
  <level>INFO</level>
  <class>players.BryceMonteCarloTreeSearch_NoMiniMax_MultiThreaded</class>
  <method>run</method>
  <thread>13</thread>
  <message>move: ( c 5 ) value: 0.0 visited: 2107</message>
</record>
<record>
  <date>2013-05-31T21:36:14</date>
  <millis>1370061374545</millis>
  <sequence>64</sequence>
  <logger>game1370061336946</logger>
  <level>INFO</level>
  <class>players.BryceMonteCarloTreeSearch_NoMiniMax_MultiThreaded</class>
  <method>run</method>
  <thread>13</thread>
  <message>move: ( c 7 ) value: 0.0 visited: 2107</message>
</record>
<record>
  <date>2013-05-31T21:36:14</date>
  <millis>1370061374545</millis>
  <sequence>65</sequence>
  <logger>game1370061336946</logger>
  <level>INFO</level>
  <class>players.BryceMonteCarloTreeSearch_NoMiniMax_MultiThreaded</class>
  <method>run</method>
  <thread>13</thread>
  <message>move: ( b 6 ) value: 0.0 visited: 2107</message>
</record>
<record>
  <date>2013-05-31T21:36:14</date>
  <millis>1370061374545</millis>
  <sequence>66</sequence>
  <logger>game1370061336946</logger>
  <level>INFO</level>
  <class>players.BryceMonteCarloTreeSearch_NoMiniMax_MultiThreaded</class>
  <method>run</method>
  <thread>13</thread>
  <message>move: ( c 1 ) value: 0.0 visited: 2107</message>
</record>
<record>
  <date>2013-05-31T21:36:14</date>
  <millis>1370061374545</millis>
  <sequence>67</sequence>
  <logger>game1370061336946</logger>
  <level>INFO</level>
  <class>players.BryceMonteCarloTreeSearch_NoMiniMax_MultiThreaded</class>
  <method>run</method>
  <thread>13</thread>
  <message>move: ( c 4 ) value: 0.0 visited: 2107</message>
</record>
<record>
  <date>2013-05-31T21:36:14</date>
  <millis>1370061374546</millis>
  <sequence>68</sequence>
  <logger>game1370061336946</logger>
  <level>INFO</level>
  <class>players.BryceMonteCarloTreeSearch_NoMiniMax_MultiThreaded</class>
  <method>run</method>
  <thread>13</thread>
  <message>move: ( a 2 ) value: 0.0 visited: 2105</message>
</record>
<record>
  <date>2013-05-31T21:36:15</date>
  <millis>1370061375784</millis>
  <sequence>69</sequence>
  <logger>game1370061336946</logger>
  <level>INFO</level>
  <class>org.ggp.base.player.gamer.statemachine.PlatypusPlayer</class>
  <method>stateMachineSelectMove</method>
  <thread>11</thread>
  <message>--------Best Move after Monte Carlo--------</message>
</record>
<record>
  <date>2013-05-31T21:36:15</date>
  <millis>1370061375784</millis>
  <sequence>70</sequence>
  <logger>game1370061336946</logger>
  <level>INFO</level>
  <class>org.ggp.base.player.gamer.statemachine.PlatypusPlayer</class>
  <method>stateMachineSelectMove</method>
  <thread>11</thread>
  <message>CHOSE RANDOM</message>
</record>
<record>
  <date>2013-05-31T21:36:15</date>
  <millis>1370061375785</millis>
  <sequence>71</sequence>
  <logger>game1370061336946</logger>
  <level>INFO</level>
  <class>org.ggp.base.player.gamer.statemachine.PlatypusPlayer</class>
  <method>stateMachineSelectMove</method>
  <thread>11</thread>
  <message>best move: ( b 5 )</message>
</record>
<record>
  <date>2013-05-31T21:36:18</date>
  <millis>1370061378289</millis>
  <sequence>72</sequence>
  <logger>game1370061336946</logger>
  <level>INFO</level>
  <class>org.ggp.base.player.gamer.statemachine.PlatypusPlayer</class>
  <method>stateMachineSelectMove</method>
  <thread>11</thread>
  <message>--------Best Move after Minimiax--------</message>
</record>
<record>
  <date>2013-05-31T21:36:18</date>
  <millis>1370061378289</millis>
  <sequence>73</sequence>
  <logger>game1370061336946</logger>
  <level>INFO</level>
  <class>org.ggp.base.player.gamer.statemachine.PlatypusPlayer</class>
  <method>stateMachineSelectMove</method>
  <thread>11</thread>
  <message>Sure move is ( a 9 )</message>
</record>
<record>
  <date>2013-05-31T21:36:18</date>
  <millis>1370061378290</millis>
  <sequence>74</sequence>
  <logger>game1370061336946</logger>
  <level>INFO</level>
  <class>org.ggp.base.player.gamer.statemachine.PlatypusPlayer</class>
  <method>stateMachineSelectMove</method>
  <thread>11</thread>
  <message>with the sure score of 0.0</message>
</record>
<record>
  <date>2013-05-31T21:36:18</date>
  <millis>1370061378290</millis>
  <sequence>75</sequence>
  <logger>game1370061336946</logger>
  <level>INFO</level>
  <class>org.ggp.base.player.gamer.statemachine.PlatypusPlayer</class>
  <method>stateMachineSelectMove</method>
  <thread>11</thread>
  <message>Starting Monte Carlo</message>
</record>
<record>
  <date>2013-05-31T21:36:18</date>
  <millis>1370061378290</millis>
  <sequence>76</sequence>
  <logger>game1370061336946</logger>
  <level>INFO</level>
  <class>org.ggp.base.player.gamer.statemachine.PlatypusPlayer</class>
  <method>stateMachineSelectMove</method>
  <thread>11</thread>
  <message>PAUSING PLATYPUS FOR 9499</message>
</record>
<record>
  <date>2013-05-31T21:36:27</date>
  <millis>1370061387540</millis>
  <sequence>77</sequence>
  <logger>game1370061336946</logger>
  <level>INFO</level>
  <class>players.BryceMonteCarloTreeSearch_NoMiniMax_MultiThreaded</class>
  <method>run</method>
  <thread>14</thread>
  <message>move: ( a 9 ) value: 0.0 visited: 2348</message>
</record>
<record>
  <date>2013-05-31T21:36:27</date>
  <millis>1370061387540</millis>
  <sequence>78</sequence>
  <logger>game1370061336946</logger>
  <level>INFO</level>
  <class>players.BryceMonteCarloTreeSearch_NoMiniMax_MultiThreaded</class>
  <method>run</method>
  <thread>14</thread>
  <message>move: ( c 6 ) value: 0.0 visited: 2348</message>
</record>
<record>
  <date>2013-05-31T21:36:27</date>
  <millis>1370061387541</millis>
  <sequence>79</sequence>
  <logger>game1370061336946</logger>
  <level>INFO</level>
  <class>players.BryceMonteCarloTreeSearch_NoMiniMax_MultiThreaded</class>
  <method>run</method>
  <thread>14</thread>
  <message>move: ( b 7 ) value: 0.0 visited: 2348</message>
</record>
<record>
  <date>2013-05-31T21:36:27</date>
  <millis>1370061387541</millis>
  <sequence>80</sequence>
  <logger>game1370061336946</logger>
  <level>INFO</level>
  <class>players.BryceMonteCarloTreeSearch_NoMiniMax_MultiThreaded</class>
  <method>run</method>
  <thread>14</thread>
  <message>move: ( c 9 ) value: 0.0 visited: 2348</message>
</record>
<record>
  <date>2013-05-31T21:36:27</date>
  <millis>1370061387541</millis>
  <sequence>81</sequence>
  <logger>game1370061336946</logger>
  <level>INFO</level>
  <class>players.BryceMonteCarloTreeSearch_NoMiniMax_MultiThreaded</class>
  <method>run</method>
  <thread>14</thread>
  <message>move: ( b 4 ) value: 0.0 visited: 2348</message>
</record>
<record>
  <date>2013-05-31T21:36:27</date>
  <millis>1370061387542</millis>
  <sequence>82</sequence>
  <logger>game1370061336946</logger>
  <level>INFO</level>
  <class>players.BryceMonteCarloTreeSearch_NoMiniMax_MultiThreaded</class>
  <method>run</method>
  <thread>14</thread>
  <message>move: ( a 3 ) value: 0.0 visited: 2348</message>
</record>
<record>
  <date>2013-05-31T21:36:27</date>
  <millis>1370061387542</millis>
  <sequence>83</sequence>
  <logger>game1370061336946</logger>
  <level>INFO</level>
  <class>players.BryceMonteCarloTreeSearch_NoMiniMax_MultiThreaded</class>
  <method>run</method>
  <thread>14</thread>
  <message>move: ( a 1 ) value: 0.0 visited: 2347</message>
</record>
<record>
  <date>2013-05-31T21:36:27</date>
  <millis>1370061387542</millis>
  <sequence>84</sequence>
  <logger>game1370061336946</logger>
  <level>INFO</level>
  <class>players.BryceMonteCarloTreeSearch_NoMiniMax_MultiThreaded</class>
  <method>run</method>
  <thread>14</thread>
  <message>move: ( c 8 ) value: 0.0 visited: 2348</message>
</record>
<record>
  <date>2013-05-31T21:36:27</date>
  <millis>1370061387543</millis>
  <sequence>85</sequence>
  <logger>game1370061336946</logger>
  <level>INFO</level>
  <class>players.BryceMonteCarloTreeSearch_NoMiniMax_MultiThreaded</class>
  <method>run</method>
  <thread>14</thread>
  <message>move: ( c 3 ) value: 0.0 visited: 2348</message>
</record>
<record>
  <date>2013-05-31T21:36:27</date>
  <millis>1370061387543</millis>
  <sequence>86</sequence>
  <logger>game1370061336946</logger>
  <level>INFO</level>
  <class>players.BryceMonteCarloTreeSearch_NoMiniMax_MultiThreaded</class>
  <method>run</method>
  <thread>14</thread>
  <message>move: ( b 8 ) value: 0.0 visited: 2348</message>
</record>
<record>
  <date>2013-05-31T21:36:27</date>
  <millis>1370061387543</millis>
  <sequence>87</sequence>
  <logger>game1370061336946</logger>
  <level>INFO</level>
  <class>players.BryceMonteCarloTreeSearch_NoMiniMax_MultiThreaded</class>
  <method>run</method>
  <thread>14</thread>
  <message>move: ( b 5 ) value: 0.0 visited: 2348</message>
</record>
<record>
  <date>2013-05-31T21:36:27</date>
  <millis>1370061387544</millis>
  <sequence>88</sequence>
  <logger>game1370061336946</logger>
  <level>INFO</level>
  <class>players.BryceMonteCarloTreeSearch_NoMiniMax_MultiThreaded</class>
  <method>run</method>
  <thread>14</thread>
  <message>move: ( a 8 ) value: 0.0 visited: 2348</message>
</record>
<record>
  <date>2013-05-31T21:36:27</date>
  <millis>1370061387544</millis>
  <sequence>89</sequence>
  <logger>game1370061336946</logger>
  <level>INFO</level>
  <class>players.BryceMonteCarloTreeSearch_NoMiniMax_MultiThreaded</class>
  <method>run</method>
  <thread>14</thread>
  <message>move: ( c 2 ) value: 0.0 visited: 2348</message>
</record>
<record>
  <date>2013-05-31T21:36:27</date>
  <millis>1370061387545</millis>
  <sequence>90</sequence>
  <logger>game1370061336946</logger>
  <level>INFO</level>
  <class>players.BryceMonteCarloTreeSearch_NoMiniMax_MultiThreaded</class>
  <method>run</method>
  <thread>14</thread>
  <message>move: ( a 4 ) value: 0.0 visited: 2348</message>
</record>
<record>
  <date>2013-05-31T21:36:27</date>
  <millis>1370061387545</millis>
  <sequence>91</sequence>
  <logger>game1370061336946</logger>
  <level>INFO</level>
  <class>players.BryceMonteCarloTreeSearch_NoMiniMax_MultiThreaded</class>
  <method>run</method>
  <thread>14</thread>
  <message>move: ( b 3 ) value: 0.0 visited: 2348</message>
</record>
<record>
  <date>2013-05-31T21:36:27</date>
  <millis>1370061387545</millis>
  <sequence>92</sequence>
  <logger>game1370061336946</logger>
  <level>INFO</level>
  <class>players.BryceMonteCarloTreeSearch_NoMiniMax_MultiThreaded</class>
  <method>run</method>
  <thread>14</thread>
  <message>move: ( a 6 ) value: 0.0 visited: 2347</message>
</record>
<record>
  <date>2013-05-31T21:36:27</date>
  <millis>1370061387546</millis>
  <sequence>93</sequence>
  <logger>game1370061336946</logger>
  <level>INFO</level>
  <class>players.BryceMonteCarloTreeSearch_NoMiniMax_MultiThreaded</class>
  <method>run</method>
  <thread>14</thread>
  <message>move: ( a 5 ) value: 0.0 visited: 2346</message>
</record>
<record>
  <date>2013-05-31T21:36:27</date>
  <millis>1370061387546</millis>
  <sequence>94</sequence>
  <logger>game1370061336946</logger>
  <level>INFO</level>
  <class>players.BryceMonteCarloTreeSearch_NoMiniMax_MultiThreaded</class>
  <method>run</method>
  <thread>14</thread>
  <message>move: ( a 7 ) value: 0.0 visited: 2346</message>
</record>
<record>
  <date>2013-05-31T21:36:27</date>
  <millis>1370061387546</millis>
  <sequence>95</sequence>
  <logger>game1370061336946</logger>
  <level>INFO</level>
  <class>players.BryceMonteCarloTreeSearch_NoMiniMax_MultiThreaded</class>
  <method>run</method>
  <thread>14</thread>
  <message>move: ( b 1 ) value: 0.0 visited: 2348</message>
</record>
<record>
  <date>2013-05-31T21:36:27</date>
  <millis>1370061387547</millis>
  <sequence>96</sequence>
  <logger>game1370061336946</logger>
  <level>INFO</level>
  <class>players.BryceMonteCarloTreeSearch_NoMiniMax_MultiThreaded</class>
  <method>run</method>
  <thread>14</thread>
  <message>move: ( b 2 ) value: 0.0 visited: 2348</message>
</record>
<record>
  <date>2013-05-31T21:36:27</date>
  <millis>1370061387548</millis>
  <sequence>97</sequence>
  <logger>game1370061336946</logger>
  <level>INFO</level>
  <class>players.BryceMonteCarloTreeSearch_NoMiniMax_MultiThreaded</class>
  <method>run</method>
  <thread>14</thread>
  <message>move: ( b 9 ) value: 0.0 visited: 2348</message>
</record>
<record>
  <date>2013-05-31T21:36:27</date>
  <millis>1370061387548</millis>
  <sequence>98</sequence>
  <logger>game1370061336946</logger>
  <level>INFO</level>
  <class>players.BryceMonteCarloTreeSearch_NoMiniMax_MultiThreaded</class>
  <method>run</method>
  <thread>14</thread>
  <message>move: ( c 5 ) value: 0.0 visited: 2348</message>
</record>
<record>
  <date>2013-05-31T21:36:27</date>
  <millis>1370061387549</millis>
  <sequence>99</sequence>
  <logger>game1370061336946</logger>
  <level>INFO</level>
  <class>players.BryceMonteCarloTreeSearch_NoMiniMax_MultiThreaded</class>
  <method>run</method>
  <thread>14</thread>
  <message>move: ( c 7 ) value: 0.0 visited: 2348</message>
</record>
<record>
  <date>2013-05-31T21:36:27</date>
  <millis>1370061387549</millis>
  <sequence>100</sequence>
  <logger>game1370061336946</logger>
  <level>INFO</level>
  <class>players.BryceMonteCarloTreeSearch_NoMiniMax_MultiThreaded</class>
  <method>run</method>
  <thread>14</thread>
  <message>move: ( b 6 ) value: 0.0 visited: 2348</message>
</record>
<record>
  <date>2013-05-31T21:36:27</date>
  <millis>1370061387550</millis>
  <sequence>101</sequence>
  <logger>game1370061336946</logger>
  <level>INFO</level>
  <class>players.BryceMonteCarloTreeSearch_NoMiniMax_MultiThreaded</class>
  <method>run</method>
  <thread>14</thread>
  <message>move: ( c 1 ) value: 0.0 visited: 2348</message>
</record>
<record>
  <date>2013-05-31T21:36:27</date>
  <millis>1370061387550</millis>
  <sequence>102</sequence>
  <logger>game1370061336946</logger>
  <level>INFO</level>
  <class>players.BryceMonteCarloTreeSearch_NoMiniMax_MultiThreaded</class>
  <method>run</method>
  <thread>14</thread>
  <message>move: ( c 4 ) value: 0.0 visited: 2348</message>
</record>
<record>
  <date>2013-05-31T21:36:27</date>
  <millis>1370061387551</millis>
  <sequence>103</sequence>
  <logger>game1370061336946</logger>
  <level>INFO</level>
  <class>players.BryceMonteCarloTreeSearch_NoMiniMax_MultiThreaded</class>
  <method>run</method>
  <thread>14</thread>
  <message>move: ( a 2 ) value: 0.0 visited: 2347</message>
</record>
<record>
  <date>2013-05-31T21:36:28</date>
  <millis>1370061388789</millis>
  <sequence>104</sequence>
  <logger>game1370061336946</logger>
  <level>INFO</level>
  <class>org.ggp.base.player.gamer.statemachine.PlatypusPlayer</class>
  <method>stateMachineSelectMove</method>
  <thread>11</thread>
  <message>--------Best Move after Monte Carlo--------</message>
</record>
<record>
  <date>2013-05-31T21:36:28</date>
  <millis>1370061388790</millis>
  <sequence>105</sequence>
  <logger>game1370061336946</logger>
  <level>INFO</level>
  <class>org.ggp.base.player.gamer.statemachine.PlatypusPlayer</class>
  <method>stateMachineSelectMove</method>
  <thread>11</thread>
  <message>CHOSE RANDOM</message>
</record>
<record>
  <date>2013-05-31T21:36:28</date>
  <millis>1370061388790</millis>
  <sequence>106</sequence>
  <logger>game1370061336946</logger>
  <level>INFO</level>
  <class>org.ggp.base.player.gamer.statemachine.PlatypusPlayer</class>
  <method>stateMachineSelectMove</method>
  <thread>11</thread>
  <message>best move: ( c 5 )</message>
</record>
<record>
  <date>2013-05-31T21:36:31</date>
  <millis>1370061391300</millis>
  <sequence>107</sequence>
  <logger>game1370061336946</logger>
  <level>INFO</level>
  <class>org.ggp.base.player.gamer.statemachine.PlatypusPlayer</class>
  <method>stateMachineSelectMove</method>
  <thread>11</thread>
  <message>--------Best Move after Minimiax--------</message>
</record>
<record>
  <date>2013-05-31T21:36:31</date>
  <millis>1370061391300</millis>
  <sequence>108</sequence>
  <logger>game1370061336946</logger>
  <level>INFO</level>
  <class>org.ggp.base.player.gamer.statemachine.PlatypusPlayer</class>
  <method>stateMachineSelectMove</method>
  <thread>11</thread>
  <message>Sure move is ( a 9 )</message>
</record>
<record>
  <date>2013-05-31T21:36:31</date>
  <millis>1370061391301</millis>
  <sequence>109</sequence>
  <logger>game1370061336946</logger>
  <level>INFO</level>
  <class>org.ggp.base.player.gamer.statemachine.PlatypusPlayer</class>
  <method>stateMachineSelectMove</method>
  <thread>11</thread>
  <message>with the sure score of 0.0</message>
</record>
<record>
  <date>2013-05-31T21:36:31</date>
  <millis>1370061391301</millis>
  <sequence>110</sequence>
  <logger>game1370061336946</logger>
  <level>INFO</level>
  <class>org.ggp.base.player.gamer.statemachine.PlatypusPlayer</class>
  <method>stateMachineSelectMove</method>
  <thread>11</thread>
  <message>Game solved!</message>
</record>
<record>
  <date>2013-05-31T21:36:31</date>
  <millis>1370061391302</millis>
  <sequence>111</sequence>
  <logger>game1370061336946</logger>
  <level>INFO</level>
  <class>org.ggp.base.player.gamer.statemachine.PlatypusPlayer</class>
  <method>stateMachineSelectMove</method>
  <thread>11</thread>
  <message>Choosing move ( a 9 ) after minimax preliminary search</message>
</record>
<record>
  <date>2013-05-31T21:36:33</date>
  <millis>1370061393812</millis>
  <sequence>112</sequence>
  <logger>game1370061336946</logger>
  <level>INFO</level>
  <class>org.ggp.base.player.gamer.statemachine.PlatypusPlayer</class>
  <method>stateMachineSelectMove</method>
  <thread>11</thread>
  <message>--------Best Move after Minimiax--------</message>
</record>
<record>
  <date>2013-05-31T21:36:33</date>
  <millis>1370061393813</millis>
  <sequence>113</sequence>
  <logger>game1370061336946</logger>
  <level>INFO</level>
  <class>org.ggp.base.player.gamer.statemachine.PlatypusPlayer</class>
  <method>stateMachineSelectMove</method>
  <thread>11</thread>
  <message>Sure move is ( a 9 )</message>
</record>
<record>
  <date>2013-05-31T21:36:33</date>
  <millis>1370061393813</millis>
  <sequence>114</sequence>
  <logger>game1370061336946</logger>
  <level>INFO</level>
  <class>org.ggp.base.player.gamer.statemachine.PlatypusPlayer</class>
  <method>stateMachineSelectMove</method>
  <thread>11</thread>
  <message>with the sure score of 0.0</message>
</record>
<record>
  <date>2013-05-31T21:36:33</date>
  <millis>1370061393813</millis>
  <sequence>115</sequence>
  <logger>game1370061336946</logger>
  <level>INFO</level>
  <class>org.ggp.base.player.gamer.statemachine.PlatypusPlayer</class>
  <method>stateMachineSelectMove</method>
  <thread>11</thread>
  <message>Game solved!</message>
</record>
<record>
  <date>2013-05-31T21:36:33</date>
  <millis>1370061393813</millis>
  <sequence>116</sequence>
  <logger>game1370061336946</logger>
  <level>INFO</level>
  <class>org.ggp.base.player.gamer.statemachine.PlatypusPlayer</class>
  <method>stateMachineSelectMove</method>
  <thread>11</thread>
  <message>Choosing move ( a 9 ) after minimax preliminary search</message>
</record>
<record>
  <date>2013-05-31T21:36:36</date>
  <millis>1370061396318</millis>
  <sequence>117</sequence>
  <logger>game1370061336946</logger>
  <level>INFO</level>
  <class>org.ggp.base.player.gamer.statemachine.PlatypusPlayer</class>
  <method>stateMachineSelectMove</method>
  <thread>11</thread>
  <message>--------Best Move after Minimiax--------</message>
</record>
<record>
  <date>2013-05-31T21:36:36</date>
  <millis>1370061396319</millis>
  <sequence>118</sequence>
  <logger>game1370061336946</logger>
  <level>INFO</level>
  <class>org.ggp.base.player.gamer.statemachine.PlatypusPlayer</class>
  <method>stateMachineSelectMove</method>
  <thread>11</thread>
  <message>Sure move is ( a 9 )</message>
</record>
<record>
  <date>2013-05-31T21:36:36</date>
  <millis>1370061396319</millis>
  <sequence>119</sequence>
  <logger>game1370061336946</logger>
  <level>INFO</level>
  <class>org.ggp.base.player.gamer.statemachine.PlatypusPlayer</class>
  <method>stateMachineSelectMove</method>
  <thread>11</thread>
  <message>with the sure score of 0.0</message>
</record>
<record>
  <date>2013-05-31T21:36:36</date>
  <millis>1370061396319</millis>
  <sequence>120</sequence>
  <logger>game1370061336946</logger>
  <level>INFO</level>
  <class>org.ggp.base.player.gamer.statemachine.PlatypusPlayer</class>
  <method>stateMachineSelectMove</method>
  <thread>11</thread>
  <message>Game solved!</message>
</record>
<record>
  <date>2013-05-31T21:36:36</date>
  <millis>1370061396319</millis>
  <sequence>121</sequence>
  <logger>game1370061336946</logger>
  <level>INFO</level>
  <class>org.ggp.base.player.gamer.statemachine.PlatypusPlayer</class>
  <method>stateMachineSelectMove</method>
  <thread>11</thread>
  <message>Choosing move ( a 9 ) after minimax preliminary search</message>
</record>
<record>
  <date>2013-05-31T21:37:23</date>
  <millis>1370061443813</millis>
  <sequence>122</sequence>
  <logger>game1370061336946</logger>
  <level>INFO</level>
  <class>org.ggp.base.player.gamer.statemachine.PlatypusPlayer</class>
  <method>stateMachineSelectMove</method>
  <thread>11</thread>
  <message>--------Best Move after Minimiax--------</message>
</record>
<record>
  <date>2013-05-31T21:37:23</date>
  <millis>1370061443814</millis>
  <sequence>123</sequence>
  <logger>game1370061336946</logger>
  <level>INFO</level>
  <class>org.ggp.base.player.gamer.statemachine.PlatypusPlayer</class>
  <method>stateMachineSelectMove</method>
  <thread>11</thread>
  <message>Sure move is ( c 3 )</message>
</record>
<record>
  <date>2013-05-31T21:37:23</date>
  <millis>1370061443814</millis>
  <sequence>124</sequence>
  <logger>game1370061336946</logger>
  <level>INFO</level>
  <class>org.ggp.base.player.gamer.statemachine.PlatypusPlayer</class>
  <method>stateMachineSelectMove</method>
  <thread>11</thread>
  <message>with the sure score of 0.0</message>
</record>
<record>
  <date>2013-05-31T21:37:23</date>
  <millis>1370061443814</millis>
  <sequence>125</sequence>
  <logger>game1370061336946</logger>
  <level>INFO</level>
  <class>org.ggp.base.player.gamer.statemachine.PlatypusPlayer</class>
  <method>stateMachineSelectMove</method>
  <thread>11</thread>
  <message>Starting Monte Carlo</message>
</record>
<record>
  <date>2013-05-31T21:37:23</date>
  <millis>1370061443814</millis>
  <sequence>126</sequence>
  <logger>game1370061336946</logger>
  <level>INFO</level>
  <class>org.ggp.base.player.gamer.statemachine.PlatypusPlayer</class>
  <method>stateMachineSelectMove</method>
  <thread>11</thread>
  <message>PAUSING PLATYPUS FOR 9499</message>
</record>
<record>
  <date>2013-05-31T21:37:33</date>
  <millis>1370061453431</millis>
  <sequence>127</sequence>
  <logger>game1370061336946</logger>
  <level>INFO</level>
  <class>players.BryceMonteCarloTreeSearch_NoMiniMax_MultiThreaded</class>
  <method>run</method>
  <thread>15</thread>
  <message>move: ( c 3 ) value: 0.0 visited: 2285</message>
</record>
<record>
  <date>2013-05-31T21:37:33</date>
  <millis>1370061453431</millis>
  <sequence>128</sequence>
  <logger>game1370061336946</logger>
  <level>INFO</level>
  <class>players.BryceMonteCarloTreeSearch_NoMiniMax_MultiThreaded</class>
  <method>run</method>
  <thread>15</thread>
  <message>move: ( c 4 ) value: 0.0 visited: 2285</message>
</record>
<record>
  <date>2013-05-31T21:37:33</date>
  <millis>1370061453431</millis>
  <sequence>129</sequence>
  <logger>game1370061336946</logger>
  <level>INFO</level>
  <class>players.BryceMonteCarloTreeSearch_NoMiniMax_MultiThreaded</class>
  <method>run</method>
  <thread>15</thread>
  <message>move: ( a 1 ) value: 0.0 visited: 2285</message>
</record>
<record>
  <date>2013-05-31T21:37:33</date>
  <millis>1370061453431</millis>
  <sequence>130</sequence>
  <logger>game1370061336946</logger>
  <level>INFO</level>
  <class>players.BryceMonteCarloTreeSearch_NoMiniMax_MultiThreaded</class>
  <method>run</method>
  <thread>15</thread>
  <message>move: ( b 6 ) value: 0.0 visited: 2286</message>
</record>
<record>
  <date>2013-05-31T21:37:33</date>
  <millis>1370061453432</millis>
  <sequence>131</sequence>
  <logger>game1370061336946</logger>
  <level>INFO</level>
  <class>players.BryceMonteCarloTreeSearch_NoMiniMax_MultiThreaded</class>
  <method>run</method>
  <thread>15</thread>
  <message>move: ( b 8 ) value: 0.0 visited: 2286</message>
</record>
<record>
  <date>2013-05-31T21:37:33</date>
  <millis>1370061453432</millis>
  <sequence>132</sequence>
  <logger>game1370061336946</logger>
  <level>INFO</level>
  <class>players.BryceMonteCarloTreeSearch_NoMiniMax_MultiThreaded</class>
  <method>run</method>
  <thread>15</thread>
  <message>move: ( b 4 ) value: 0.0 visited: 2286</message>
</record>
<record>
  <date>2013-05-31T21:37:33</date>
  <millis>1370061453432</millis>
  <sequence>133</sequence>
  <logger>game1370061336946</logger>
  <level>INFO</level>
  <class>players.BryceMonteCarloTreeSearch_NoMiniMax_MultiThreaded</class>
  <method>run</method>
  <thread>15</thread>
  <message>move: ( a 6 ) value: 0.0 visited: 2285</message>
</record>
<record>
  <date>2013-05-31T21:37:33</date>
  <millis>1370061453432</millis>
  <sequence>134</sequence>
  <logger>game1370061336946</logger>
  <level>INFO</level>
  <class>players.BryceMonteCarloTreeSearch_NoMiniMax_MultiThreaded</class>
  <method>run</method>
  <thread>15</thread>
  <message>move: ( c 7 ) value: 0.0 visited: 2286</message>
</record>
<record>
  <date>2013-05-31T21:37:33</date>
  <millis>1370061453432</millis>
  <sequence>135</sequence>
  <logger>game1370061336946</logger>
  <level>INFO</level>
  <class>players.BryceMonteCarloTreeSearch_NoMiniMax_MultiThreaded</class>
  <method>run</method>
  <thread>15</thread>
  <message>move: ( b 7 ) value: 0.0 visited: 2286</message>
</record>
<record>
  <date>2013-05-31T21:37:33</date>
  <millis>1370061453433</millis>
  <sequence>136</sequence>
  <logger>game1370061336946</logger>
  <level>INFO</level>
  <class>players.BryceMonteCarloTreeSearch_NoMiniMax_MultiThreaded</class>
  <method>run</method>
  <thread>15</thread>
  <message>move: ( b 5 ) value: 0.0 visited: 2286</message>
</record>
<record>
  <date>2013-05-31T21:37:33</date>
  <millis>1370061453433</millis>
  <sequence>137</sequence>
  <logger>game1370061336946</logger>
  <level>INFO</level>
  <class>players.BryceMonteCarloTreeSearch_NoMiniMax_MultiThreaded</class>
  <method>run</method>
  <thread>15</thread>
  <message>move: ( b 1 ) value: 0.0 visited: 2286</message>
</record>
<record>
  <date>2013-05-31T21:37:33</date>
  <millis>1370061453433</millis>
  <sequence>138</sequence>
  <logger>game1370061336946</logger>
  <level>INFO</level>
  <class>players.BryceMonteCarloTreeSearch_NoMiniMax_MultiThreaded</class>
  <method>run</method>
  <thread>15</thread>
  <message>move: ( a 4 ) value: 0.0 visited: 2284</message>
</record>
<record>
  <date>2013-05-31T21:37:33</date>
  <millis>1370061453433</millis>
  <sequence>139</sequence>
  <logger>game1370061336946</logger>
  <level>INFO</level>
  <class>players.BryceMonteCarloTreeSearch_NoMiniMax_MultiThreaded</class>
  <method>run</method>
  <thread>15</thread>
  <message>move: ( c 9 ) value: 0.0 visited: 2286</message>
</record>
<record>
  <date>2013-05-31T21:37:33</date>
  <millis>1370061453433</millis>
  <sequence>140</sequence>
  <logger>game1370061336946</logger>
  <level>INFO</level>
  <class>players.BryceMonteCarloTreeSearch_NoMiniMax_MultiThreaded</class>
  <method>run</method>
  <thread>15</thread>
  <message>move: ( a 9 ) value: 0.0 visited: 2285</message>
</record>
<record>
  <date>2013-05-31T21:37:33</date>
  <millis>1370061453433</millis>
  <sequence>141</sequence>
  <logger>game1370061336946</logger>
  <level>INFO</level>
  <class>players.BryceMonteCarloTreeSearch_NoMiniMax_MultiThreaded</class>
  <method>run</method>
  <thread>15</thread>
  <message>move: ( c 1 ) value: 0.0 visited: 2286</message>
</record>
<record>
  <date>2013-05-31T21:37:33</date>
  <millis>1370061453434</millis>
  <sequence>142</sequence>
  <logger>game1370061336946</logger>
  <level>INFO</level>
  <class>players.BryceMonteCarloTreeSearch_NoMiniMax_MultiThreaded</class>
  <method>run</method>
  <thread>15</thread>
  <message>move: ( c 5 ) value: 0.0 visited: 2286</message>
</record>
<record>
  <date>2013-05-31T21:37:33</date>
  <millis>1370061453434</millis>
  <sequence>143</sequence>
  <logger>game1370061336946</logger>
  <level>INFO</level>
  <class>players.BryceMonteCarloTreeSearch_NoMiniMax_MultiThreaded</class>
  <method>run</method>
  <thread>15</thread>
  <message>move: ( c 2 ) value: 0.0 visited: 2286</message>
</record>
<record>
  <date>2013-05-31T21:37:33</date>
  <millis>1370061453434</millis>
  <sequence>144</sequence>
  <logger>game1370061336946</logger>
  <level>INFO</level>
  <class>players.BryceMonteCarloTreeSearch_NoMiniMax_MultiThreaded</class>
  <method>run</method>
  <thread>15</thread>
  <message>move: ( a 5 ) value: 0.0 visited: 2284</message>
</record>
<record>
  <date>2013-05-31T21:37:33</date>
  <millis>1370061453434</millis>
  <sequence>145</sequence>
  <logger>game1370061336946</logger>
  <level>INFO</level>
  <class>players.BryceMonteCarloTreeSearch_NoMiniMax_MultiThreaded</class>
  <method>run</method>
  <thread>15</thread>
  <message>move: ( c 6 ) value: 0.0 visited: 2286</message>
</record>
<record>
  <date>2013-05-31T21:37:33</date>
  <millis>1370061453434</millis>
  <sequence>146</sequence>
  <logger>game1370061336946</logger>
  <level>INFO</level>
  <class>players.BryceMonteCarloTreeSearch_NoMiniMax_MultiThreaded</class>
  <method>run</method>
  <thread>15</thread>
  <message>move: ( a 2 ) value: 0.0 visited: 2285</message>
</record>
<record>
  <date>2013-05-31T21:37:33</date>
  <millis>1370061453435</millis>
  <sequence>147</sequence>
  <logger>game1370061336946</logger>
  <level>INFO</level>
  <class>players.BryceMonteCarloTreeSearch_NoMiniMax_MultiThreaded</class>
  <method>run</method>
  <thread>15</thread>
  <message>move: ( b 2 ) value: 0.0 visited: 2286</message>
</record>
<record>
  <date>2013-05-31T21:37:33</date>
  <millis>1370061453435</millis>
  <sequence>148</sequence>
  <logger>game1370061336946</logger>
  <level>INFO</level>
  <class>players.BryceMonteCarloTreeSearch_NoMiniMax_MultiThreaded</class>
  <method>run</method>
  <thread>15</thread>
  <message>move: ( b 9 ) value: 0.0 visited: 2286</message>
</record>
<record>
  <date>2013-05-31T21:37:33</date>
  <millis>1370061453435</millis>
  <sequence>149</sequence>
  <logger>game1370061336946</logger>
  <level>INFO</level>
  <class>players.BryceMonteCarloTreeSearch_NoMiniMax_MultiThreaded</class>
  <method>run</method>
  <thread>15</thread>
  <message>move: ( b 3 ) value: 0.0 visited: 2286</message>
</record>
<record>
  <date>2013-05-31T21:37:33</date>
  <millis>1370061453435</millis>
  <sequence>150</sequence>
  <logger>game1370061336946</logger>
  <level>INFO</level>
  <class>players.BryceMonteCarloTreeSearch_NoMiniMax_MultiThreaded</class>
  <method>run</method>
  <thread>15</thread>
  <message>move: ( c 8 ) value: 0.0 visited: 2286</message>
</record>
<record>
  <date>2013-05-31T21:37:33</date>
  <millis>1370061453435</millis>
  <sequence>151</sequence>
  <logger>game1370061336946</logger>
  <level>INFO</level>
  <class>players.BryceMonteCarloTreeSearch_NoMiniMax_MultiThreaded</class>
  <method>run</method>
  <thread>15</thread>
  <message>move: ( a 3 ) value: 0.0 visited: 2285</message>
</record>
<record>
  <date>2013-05-31T21:37:33</date>
  <millis>1370061453435</millis>
  <sequence>152</sequence>
  <logger>game1370061336946</logger>
  <level>INFO</level>
  <class>players.BryceMonteCarloTreeSearch_NoMiniMax_MultiThreaded</class>
  <method>run</method>
  <thread>15</thread>
  <message>move: ( a 8 ) value: 0.0 visited: 2285</message>
</record>
<record>
  <date>2013-05-31T21:37:33</date>
  <millis>1370061453436</millis>
  <sequence>153</sequence>
  <logger>game1370061336946</logger>
  <level>INFO</level>
  <class>players.BryceMonteCarloTreeSearch_NoMiniMax_MultiThreaded</class>
  <method>run</method>
  <thread>15</thread>
  <message>move: ( a 7 ) value: 0.0 visited: 2283</message>
</record>
<record>
  <date>2013-05-31T21:37:34</date>
  <millis>1370061454430</millis>
  <sequence>154</sequence>
  <logger>game1370061336946</logger>
  <level>INFO</level>
  <class>org.ggp.base.player.gamer.statemachine.PlatypusPlayer</class>
  <method>stateMachineSelectMove</method>
  <thread>11</thread>
  <message>--------Best Move after Monte Carlo--------</message>
</record>
<record>
  <date>2013-05-31T21:37:34</date>
  <millis>1370061454431</millis>
  <sequence>155</sequence>
  <logger>game1370061336946</logger>
  <level>INFO</level>
  <class>org.ggp.base.player.gamer.statemachine.PlatypusPlayer</class>
  <method>stateMachineSelectMove</method>
  <thread>11</thread>
  <message>CHOSE RANDOM</message>
</record>
<record>
  <date>2013-05-31T21:37:34</date>
  <millis>1370061454431</millis>
  <sequence>156</sequence>
  <logger>game1370061336946</logger>
  <level>INFO</level>
  <class>org.ggp.base.player.gamer.statemachine.PlatypusPlayer</class>
  <method>stateMachineSelectMove</method>
  <thread>11</thread>
  <message>best move: ( b 5 )</message>
</record>
<record>
  <date>2013-05-31T21:37:36</date>
  <millis>1370061456942</millis>
  <sequence>157</sequence>
  <logger>game1370061336946</logger>
  <level>INFO</level>
  <class>org.ggp.base.player.gamer.statemachine.PlatypusPlayer</class>
  <method>stateMachineSelectMove</method>
  <thread>11</thread>
  <message>--------Best Move after Minimiax--------</message>
</record>
<record>
  <date>2013-05-31T21:37:36</date>
  <millis>1370061456942</millis>
  <sequence>158</sequence>
  <logger>game1370061336946</logger>
  <level>INFO</level>
  <class>org.ggp.base.player.gamer.statemachine.PlatypusPlayer</class>
  <method>stateMachineSelectMove</method>
  <thread>11</thread>
  <message>Sure move is ( c 3 )</message>
</record>
<record>
  <date>2013-05-31T21:37:36</date>
  <millis>1370061456942</millis>
  <sequence>159</sequence>
  <logger>game1370061336946</logger>
  <level>INFO</level>
  <class>org.ggp.base.player.gamer.statemachine.PlatypusPlayer</class>
  <method>stateMachineSelectMove</method>
  <thread>11</thread>
  <message>with the sure score of 0.0</message>
</record>
<record>
  <date>2013-05-31T21:37:36</date>
  <millis>1370061456942</millis>
  <sequence>160</sequence>
  <logger>game1370061336946</logger>
  <level>INFO</level>
  <class>org.ggp.base.player.gamer.statemachine.PlatypusPlayer</class>
  <method>stateMachineSelectMove</method>
  <thread>11</thread>
  <message>Starting Monte Carlo</message>
</record>
<record>
  <date>2013-05-31T21:37:36</date>
  <millis>1370061456943</millis>
  <sequence>161</sequence>
  <logger>game1370061336946</logger>
  <level>INFO</level>
  <class>org.ggp.base.player.gamer.statemachine.PlatypusPlayer</class>
  <method>stateMachineSelectMove</method>
  <thread>11</thread>
  <message>PAUSING PLATYPUS FOR 9499</message>
</record>
<record>
  <date>2013-05-31T21:37:46</date>
  <millis>1370061466192</millis>
  <sequence>162</sequence>
  <logger>game1370061336946</logger>
  <level>INFO</level>
  <class>players.BryceMonteCarloTreeSearch_NoMiniMax_MultiThreaded</class>
  <method>run</method>
  <thread>16</thread>
  <message>move: ( c 3 ) value: 0.0 visited: 2426</message>
</record>
<record>
  <date>2013-05-31T21:37:46</date>
  <millis>1370061466192</millis>
  <sequence>163</sequence>
  <logger>game1370061336946</logger>
  <level>INFO</level>
  <class>players.BryceMonteCarloTreeSearch_NoMiniMax_MultiThreaded</class>
  <method>run</method>
  <thread>16</thread>
  <message>move: ( c 4 ) value: 0.0 visited: 2426</message>
</record>
<record>
  <date>2013-05-31T21:37:46</date>
  <millis>1370061466193</millis>
  <sequence>164</sequence>
  <logger>game1370061336946</logger>
  <level>INFO</level>
  <class>players.BryceMonteCarloTreeSearch_NoMiniMax_MultiThreaded</class>
  <method>run</method>
  <thread>16</thread>
  <message>move: ( a 1 ) value: 0.0 visited: 2425</message>
</record>
<record>
  <date>2013-05-31T21:37:46</date>
  <millis>1370061466193</millis>
  <sequence>165</sequence>
  <logger>game1370061336946</logger>
  <level>INFO</level>
  <class>players.BryceMonteCarloTreeSearch_NoMiniMax_MultiThreaded</class>
  <method>run</method>
  <thread>16</thread>
  <message>move: ( b 6 ) value: 0.0 visited: 2426</message>
</record>
<record>
  <date>2013-05-31T21:37:46</date>
  <millis>1370061466194</millis>
  <sequence>166</sequence>
  <logger>game1370061336946</logger>
  <level>INFO</level>
  <class>players.BryceMonteCarloTreeSearch_NoMiniMax_MultiThreaded</class>
  <method>run</method>
  <thread>16</thread>
  <message>move: ( b 8 ) value: 0.0 visited: 2426</message>
</record>
<record>
  <date>2013-05-31T21:37:46</date>
  <millis>1370061466194</millis>
  <sequence>167</sequence>
  <logger>game1370061336946</logger>
  <level>INFO</level>
  <class>players.BryceMonteCarloTreeSearch_NoMiniMax_MultiThreaded</class>
  <method>run</method>
  <thread>16</thread>
  <message>move: ( b 4 ) value: 0.0 visited: 2426</message>
</record>
<record>
  <date>2013-05-31T21:37:46</date>
  <millis>1370061466194</millis>
  <sequence>168</sequence>
  <logger>game1370061336946</logger>
  <level>INFO</level>
  <class>players.BryceMonteCarloTreeSearch_NoMiniMax_MultiThreaded</class>
  <method>run</method>
  <thread>16</thread>
  <message>move: ( a 6 ) value: 0.0 visited: 2426</message>
</record>
<record>
  <date>2013-05-31T21:37:46</date>
  <millis>1370061466195</millis>
  <sequence>169</sequence>
  <logger>game1370061336946</logger>
  <level>INFO</level>
  <class>players.BryceMonteCarloTreeSearch_NoMiniMax_MultiThreaded</class>
  <method>run</method>
  <thread>16</thread>
  <message>move: ( c 7 ) value: 0.0 visited: 2426</message>
</record>
<record>
  <date>2013-05-31T21:37:46</date>
  <millis>1370061466195</millis>
  <sequence>170</sequence>
  <logger>game1370061336946</logger>
  <level>INFO</level>
  <class>players.BryceMonteCarloTreeSearch_NoMiniMax_MultiThreaded</class>
  <method>run</method>
  <thread>16</thread>
  <message>move: ( b 7 ) value: 0.0 visited: 2426</message>
</record>
<record>
  <date>2013-05-31T21:37:46</date>
  <millis>1370061466196</millis>
  <sequence>171</sequence>
  <logger>game1370061336946</logger>
  <level>INFO</level>
  <class>players.BryceMonteCarloTreeSearch_NoMiniMax_MultiThreaded</class>
  <method>run</method>
  <thread>16</thread>
  <message>move: ( b 5 ) value: 0.0 visited: 2426</message>
</record>
<record>
  <date>2013-05-31T21:37:46</date>
  <millis>1370061466196</millis>
  <sequence>172</sequence>
  <logger>game1370061336946</logger>
  <level>INFO</level>
  <class>players.BryceMonteCarloTreeSearch_NoMiniMax_MultiThreaded</class>
  <method>run</method>
  <thread>16</thread>
  <message>move: ( b 1 ) value: 0.0 visited: 2426</message>
</record>
<record>
  <date>2013-05-31T21:37:46</date>
  <millis>1370061466196</millis>
  <sequence>173</sequence>
  <logger>game1370061336946</logger>
  <level>INFO</level>
  <class>players.BryceMonteCarloTreeSearch_NoMiniMax_MultiThreaded</class>
  <method>run</method>
  <thread>16</thread>
  <message>move: ( a 4 ) value: 0.0 visited: 2425</message>
</record>
<record>
  <date>2013-05-31T21:37:46</date>
  <millis>1370061466197</millis>
  <sequence>174</sequence>
  <logger>game1370061336946</logger>
  <level>INFO</level>
  <class>players.BryceMonteCarloTreeSearch_NoMiniMax_MultiThreaded</class>
  <method>run</method>
  <thread>16</thread>
  <message>move: ( c 9 ) value: 0.0 visited: 2426</message>
</record>
<record>
  <date>2013-05-31T21:37:46</date>
  <millis>1370061466197</millis>
  <sequence>175</sequence>
  <logger>game1370061336946</logger>
  <level>INFO</level>
  <class>players.BryceMonteCarloTreeSearch_NoMiniMax_MultiThreaded</class>
  <method>run</method>
  <thread>16</thread>
  <message>move: ( a 9 ) value: 0.0 visited: 2424</message>
</record>
<record>
  <date>2013-05-31T21:37:46</date>
  <millis>1370061466197</millis>
  <sequence>176</sequence>
  <logger>game1370061336946</logger>
  <level>INFO</level>
  <class>players.BryceMonteCarloTreeSearch_NoMiniMax_MultiThreaded</class>
  <method>run</method>
  <thread>16</thread>
  <message>move: ( c 1 ) value: 0.0 visited: 2426</message>
</record>
<record>
  <date>2013-05-31T21:37:46</date>
  <millis>1370061466198</millis>
  <sequence>177</sequence>
  <logger>game1370061336946</logger>
  <level>INFO</level>
  <class>players.BryceMonteCarloTreeSearch_NoMiniMax_MultiThreaded</class>
  <method>run</method>
  <thread>16</thread>
  <message>move: ( c 5 ) value: 0.0 visited: 2426</message>
</record>
<record>
  <date>2013-05-31T21:37:46</date>
  <millis>1370061466198</millis>
  <sequence>178</sequence>
  <logger>game1370061336946</logger>
  <level>INFO</level>
  <class>players.BryceMonteCarloTreeSearch_NoMiniMax_MultiThreaded</class>
  <method>run</method>
  <thread>16</thread>
  <message>move: ( c 2 ) value: 0.0 visited: 2426</message>
</record>
<record>
  <date>2013-05-31T21:37:46</date>
  <millis>1370061466198</millis>
  <sequence>179</sequence>
  <logger>game1370061336946</logger>
  <level>INFO</level>
  <class>players.BryceMonteCarloTreeSearch_NoMiniMax_MultiThreaded</class>
  <method>run</method>
  <thread>16</thread>
  <message>move: ( a 5 ) value: 0.0 visited: 2424</message>
</record>
<record>
  <date>2013-05-31T21:37:46</date>
  <millis>1370061466199</millis>
  <sequence>180</sequence>
  <logger>game1370061336946</logger>
  <level>INFO</level>
  <class>players.BryceMonteCarloTreeSearch_NoMiniMax_MultiThreaded</class>
  <method>run</method>
  <thread>16</thread>
  <message>move: ( c 6 ) value: 0.0 visited: 2426</message>
</record>
<record>
  <date>2013-05-31T21:37:46</date>
  <millis>1370061466199</millis>
  <sequence>181</sequence>
  <logger>game1370061336946</logger>
  <level>INFO</level>
  <class>players.BryceMonteCarloTreeSearch_NoMiniMax_MultiThreaded</class>
  <method>run</method>
  <thread>16</thread>
  <message>move: ( a 2 ) value: 0.0 visited: 2424</message>
</record>
<record>
  <date>2013-05-31T21:37:46</date>
  <millis>1370061466199</millis>
  <sequence>182</sequence>
  <logger>game1370061336946</logger>
  <level>INFO</level>
  <class>players.BryceMonteCarloTreeSearch_NoMiniMax_MultiThreaded</class>
  <method>run</method>
  <thread>16</thread>
  <message>move: ( b 2 ) value: 0.0 visited: 2426</message>
</record>
<record>
  <date>2013-05-31T21:37:46</date>
  <millis>1370061466199</millis>
  <sequence>183</sequence>
  <logger>game1370061336946</logger>
  <level>INFO</level>
  <class>players.BryceMonteCarloTreeSearch_NoMiniMax_MultiThreaded</class>
  <method>run</method>
  <thread>16</thread>
  <message>move: ( b 9 ) value: 0.0 visited: 2426</message>
</record>
<record>
  <date>2013-05-31T21:37:46</date>
  <millis>1370061466200</millis>
  <sequence>184</sequence>
  <logger>game1370061336946</logger>
  <level>INFO</level>
  <class>players.BryceMonteCarloTreeSearch_NoMiniMax_MultiThreaded</class>
  <method>run</method>
  <thread>16</thread>
  <message>move: ( b 3 ) value: 0.0 visited: 2426</message>
</record>
<record>
  <date>2013-05-31T21:37:46</date>
  <millis>1370061466200</millis>
  <sequence>185</sequence>
  <logger>game1370061336946</logger>
  <level>INFO</level>
  <class>players.BryceMonteCarloTreeSearch_NoMiniMax_MultiThreaded</class>
  <method>run</method>
  <thread>16</thread>
  <message>move: ( c 8 ) value: 0.0 visited: 2426</message>
</record>
<record>
  <date>2013-05-31T21:37:46</date>
  <millis>1370061466200</millis>
  <sequence>186</sequence>
  <logger>game1370061336946</logger>
  <level>INFO</level>
  <class>players.BryceMonteCarloTreeSearch_NoMiniMax_MultiThreaded</class>
  <method>run</method>
  <thread>16</thread>
  <message>move: ( a 3 ) value: 0.0 visited: 2426</message>
</record>
<record>
  <date>2013-05-31T21:37:46</date>
  <millis>1370061466201</millis>
  <sequence>187</sequence>
  <logger>game1370061336946</logger>
  <level>INFO</level>
  <class>players.BryceMonteCarloTreeSearch_NoMiniMax_MultiThreaded</class>
  <method>run</method>
  <thread>16</thread>
  <message>move: ( a 8 ) value: 0.0 visited: 2426</message>
</record>
<record>
  <date>2013-05-31T21:37:46</date>
  <millis>1370061466201</millis>
  <sequence>188</sequence>
  <logger>game1370061336946</logger>
  <level>INFO</level>
  <class>players.BryceMonteCarloTreeSearch_NoMiniMax_MultiThreaded</class>
  <method>run</method>
  <thread>16</thread>
  <message>move: ( a 7 ) value: 0.0 visited: 2424</message>
</record>
<record>
  <date>2013-05-31T21:37:47</date>
  <millis>1370061467442</millis>
  <sequence>189</sequence>
  <logger>game1370061336946</logger>
  <level>INFO</level>
  <class>org.ggp.base.player.gamer.statemachine.PlatypusPlayer</class>
  <method>stateMachineSelectMove</method>
  <thread>11</thread>
  <message>--------Best Move after Monte Carlo--------</message>
</record>
<record>
  <date>2013-05-31T21:37:47</date>
  <millis>1370061467443</millis>
  <sequence>190</sequence>
  <logger>game1370061336946</logger>
  <level>INFO</level>
  <class>org.ggp.base.player.gamer.statemachine.PlatypusPlayer</class>
  <method>stateMachineSelectMove</method>
  <thread>11</thread>
  <message>CHOSE RANDOM</message>
</record>
<record>
  <date>2013-05-31T21:37:47</date>
  <millis>1370061467443</millis>
  <sequence>191</sequence>
  <logger>game1370061336946</logger>
  <level>INFO</level>
  <class>org.ggp.base.player.gamer.statemachine.PlatypusPlayer</class>
  <method>stateMachineSelectMove</method>
  <thread>11</thread>
  <message>best move: ( c 5 )</message>
</record>
<record>
  <date>2013-05-31T21:37:49</date>
  <millis>1370061469952</millis>
  <sequence>192</sequence>
  <logger>game1370061336946</logger>
  <level>INFO</level>
  <class>org.ggp.base.player.gamer.statemachine.PlatypusPlayer</class>
  <method>stateMachineSelectMove</method>
  <thread>11</thread>
  <message>--------Best Move after Minimiax--------</message>
</record>
<record>
  <date>2013-05-31T21:37:49</date>
  <millis>1370061469953</millis>
  <sequence>193</sequence>
  <logger>game1370061336946</logger>
  <level>INFO</level>
  <class>org.ggp.base.player.gamer.statemachine.PlatypusPlayer</class>
  <method>stateMachineSelectMove</method>
  <thread>11</thread>
  <message>Sure move is ( c 3 )</message>
</record>
<record>
  <date>2013-05-31T21:37:49</date>
  <millis>1370061469953</millis>
  <sequence>194</sequence>
  <logger>game1370061336946</logger>
  <level>INFO</level>
  <class>org.ggp.base.player.gamer.statemachine.PlatypusPlayer</class>
  <method>stateMachineSelectMove</method>
  <thread>11</thread>
  <message>with the sure score of 0.0</message>
</record>
<record>
  <date>2013-05-31T21:37:49</date>
  <millis>1370061469953</millis>
  <sequence>195</sequence>
  <logger>game1370061336946</logger>
  <level>INFO</level>
  <class>org.ggp.base.player.gamer.statemachine.PlatypusPlayer</class>
  <method>stateMachineSelectMove</method>
  <thread>11</thread>
  <message>Starting Monte Carlo</message>
</record>
<record>
  <date>2013-05-31T21:37:49</date>
  <millis>1370061469953</millis>
  <sequence>196</sequence>
  <logger>game1370061336946</logger>
  <level>INFO</level>
  <class>org.ggp.base.player.gamer.statemachine.PlatypusPlayer</class>
  <method>stateMachineSelectMove</method>
  <thread>11</thread>
  <message>PAUSING PLATYPUS FOR 9499</message>
</record>
<record>
  <date>2013-05-31T21:37:59</date>
  <millis>1370061479202</millis>
  <sequence>197</sequence>
  <logger>game1370061336946</logger>
  <level>INFO</level>
  <class>players.BryceMonteCarloTreeSearch_NoMiniMax_MultiThreaded</class>
  <method>run</method>
  <thread>17</thread>
  <message>move: ( c 3 ) value: 0.0 visited: 2231</message>
</record>
<record>
  <date>2013-05-31T21:37:59</date>
  <millis>1370061479203</millis>
  <sequence>198</sequence>
  <logger>game1370061336946</logger>
  <level>INFO</level>
  <class>players.BryceMonteCarloTreeSearch_NoMiniMax_MultiThreaded</class>
  <method>run</method>
  <thread>17</thread>
  <message>move: ( c 4 ) value: 0.0 visited: 2231</message>
</record>
<record>
  <date>2013-05-31T21:37:59</date>
  <millis>1370061479203</millis>
  <sequence>199</sequence>
  <logger>game1370061336946</logger>
  <level>INFO</level>
  <class>players.BryceMonteCarloTreeSearch_NoMiniMax_MultiThreaded</class>
  <method>run</method>
  <thread>17</thread>
  <message>move: ( a 1 ) value: 0.0 visited: 2230</message>
</record>
<record>
  <date>2013-05-31T21:37:59</date>
  <millis>1370061479204</millis>
  <sequence>200</sequence>
  <logger>game1370061336946</logger>
  <level>INFO</level>
  <class>players.BryceMonteCarloTreeSearch_NoMiniMax_MultiThreaded</class>
  <method>run</method>
  <thread>17</thread>
  <message>move: ( b 6 ) value: 0.0 visited: 2231</message>
</record>
<record>
  <date>2013-05-31T21:37:59</date>
  <millis>1370061479204</millis>
  <sequence>201</sequence>
  <logger>game1370061336946</logger>
  <level>INFO</level>
  <class>players.BryceMonteCarloTreeSearch_NoMiniMax_MultiThreaded</class>
  <method>run</method>
  <thread>17</thread>
  <message>move: ( b 8 ) value: 0.0 visited: 2231</message>
</record>
<record>
  <date>2013-05-31T21:37:59</date>
  <millis>1370061479204</millis>
  <sequence>202</sequence>
  <logger>game1370061336946</logger>
  <level>INFO</level>
  <class>players.BryceMonteCarloTreeSearch_NoMiniMax_MultiThreaded</class>
  <method>run</method>
  <thread>17</thread>
  <message>move: ( b 4 ) value: 0.0 visited: 2231</message>
</record>
<record>
  <date>2013-05-31T21:37:59</date>
  <millis>1370061479205</millis>
  <sequence>203</sequence>
  <logger>game1370061336946</logger>
  <level>INFO</level>
  <class>players.BryceMonteCarloTreeSearch_NoMiniMax_MultiThreaded</class>
  <method>run</method>
  <thread>17</thread>
  <message>move: ( a 6 ) value: 0.0 visited: 2229</message>
</record>
<record>
  <date>2013-05-31T21:37:59</date>
  <millis>1370061479205</millis>
  <sequence>204</sequence>
  <logger>game1370061336946</logger>
  <level>INFO</level>
  <class>players.BryceMonteCarloTreeSearch_NoMiniMax_MultiThreaded</class>
  <method>run</method>
  <thread>17</thread>
  <message>move: ( c 7 ) value: 0.0 visited: 2231</message>
</record>
<record>
  <date>2013-05-31T21:37:59</date>
  <millis>1370061479205</millis>
  <sequence>205</sequence>
  <logger>game1370061336946</logger>
  <level>INFO</level>
  <class>players.BryceMonteCarloTreeSearch_NoMiniMax_MultiThreaded</class>
  <method>run</method>
  <thread>17</thread>
  <message>move: ( b 7 ) value: 0.0 visited: 2231</message>
</record>
<record>
  <date>2013-05-31T21:37:59</date>
  <millis>1370061479206</millis>
  <sequence>206</sequence>
  <logger>game1370061336946</logger>
  <level>INFO</level>
  <class>players.BryceMonteCarloTreeSearch_NoMiniMax_MultiThreaded</class>
  <method>run</method>
  <thread>17</thread>
  <message>move: ( b 5 ) value: 0.0 visited: 2231</message>
</record>
<record>
  <date>2013-05-31T21:37:59</date>
  <millis>1370061479206</millis>
  <sequence>207</sequence>
  <logger>game1370061336946</logger>
  <level>INFO</level>
  <class>players.BryceMonteCarloTreeSearch_NoMiniMax_MultiThreaded</class>
  <method>run</method>
  <thread>17</thread>
  <message>move: ( b 1 ) value: 0.0 visited: 2231</message>
</record>
<record>
  <date>2013-05-31T21:37:59</date>
  <millis>1370061479206</millis>
  <sequence>208</sequence>
  <logger>game1370061336946</logger>
  <level>INFO</level>
  <class>players.BryceMonteCarloTreeSearch_NoMiniMax_MultiThreaded</class>
  <method>run</method>
  <thread>17</thread>
  <message>move: ( a 4 ) value: 0.0 visited: 2230</message>
</record>
<record>
  <date>2013-05-31T21:37:59</date>
  <millis>1370061479207</millis>
  <sequence>209</sequence>
  <logger>game1370061336946</logger>
  <level>INFO</level>
  <class>players.BryceMonteCarloTreeSearch_NoMiniMax_MultiThreaded</class>
  <method>run</method>
  <thread>17</thread>
  <message>move: ( c 9 ) value: 0.0 visited: 2231</message>
</record>
<record>
  <date>2013-05-31T21:37:59</date>
  <millis>1370061479207</millis>
  <sequence>210</sequence>
  <logger>game1370061336946</logger>
  <level>INFO</level>
  <class>players.BryceMonteCarloTreeSearch_NoMiniMax_MultiThreaded</class>
  <method>run</method>
  <thread>17</thread>
  <message>move: ( a 9 ) value: 0.0 visited: 2230</message>
</record>
<record>
  <date>2013-05-31T21:37:59</date>
  <millis>1370061479207</millis>
  <sequence>211</sequence>
  <logger>game1370061336946</logger>
  <level>INFO</level>
  <class>players.BryceMonteCarloTreeSearch_NoMiniMax_MultiThreaded</class>
  <method>run</method>
  <thread>17</thread>
  <message>move: ( c 1 ) value: 0.0 visited: 2231</message>
</record>
<record>
  <date>2013-05-31T21:37:59</date>
  <millis>1370061479208</millis>
  <sequence>212</sequence>
  <logger>game1370061336946</logger>
  <level>INFO</level>
  <class>players.BryceMonteCarloTreeSearch_NoMiniMax_MultiThreaded</class>
  <method>run</method>
  <thread>17</thread>
  <message>move: ( c 5 ) value: 0.0 visited: 2231</message>
</record>
<record>
  <date>2013-05-31T21:37:59</date>
  <millis>1370061479208</millis>
  <sequence>213</sequence>
  <logger>game1370061336946</logger>
  <level>INFO</level>
  <class>players.BryceMonteCarloTreeSearch_NoMiniMax_MultiThreaded</class>
  <method>run</method>
  <thread>17</thread>
  <message>move: ( c 2 ) value: 0.0 visited: 2231</message>
</record>
<record>
  <date>2013-05-31T21:37:59</date>
  <millis>1370061479208</millis>
  <sequence>214</sequence>
  <logger>game1370061336946</logger>
  <level>INFO</level>
  <class>players.BryceMonteCarloTreeSearch_NoMiniMax_MultiThreaded</class>
  <method>run</method>
  <thread>17</thread>
  <message>move: ( a 5 ) value: 0.0 visited: 2228</message>
</record>
<record>
  <date>2013-05-31T21:37:59</date>
  <millis>1370061479208</millis>
  <sequence>215</sequence>
  <logger>game1370061336946</logger>
  <level>INFO</level>
  <class>players.BryceMonteCarloTreeSearch_NoMiniMax_MultiThreaded</class>
  <method>run</method>
  <thread>17</thread>
  <message>move: ( c 6 ) value: 0.0 visited: 2231</message>
</record>
<record>
  <date>2013-05-31T21:37:59</date>
  <millis>1370061479209</millis>
  <sequence>216</sequence>
  <logger>game1370061336946</logger>
  <level>INFO</level>
  <class>players.BryceMonteCarloTreeSearch_NoMiniMax_MultiThreaded</class>
  <method>run</method>
  <thread>17</thread>
  <message>move: ( a 2 ) value: 0.0 visited: 2229</message>
</record>
<record>
  <date>2013-05-31T21:37:59</date>
  <millis>1370061479209</millis>
  <sequence>217</sequence>
  <logger>game1370061336946</logger>
  <level>INFO</level>
  <class>players.BryceMonteCarloTreeSearch_NoMiniMax_MultiThreaded</class>
  <method>run</method>
  <thread>17</thread>
  <message>move: ( b 2 ) value: 0.0 visited: 2231</message>
</record>
<record>
  <date>2013-05-31T21:37:59</date>
  <millis>1370061479209</millis>
  <sequence>218</sequence>
  <logger>game1370061336946</logger>
  <level>INFO</level>
  <class>players.BryceMonteCarloTreeSearch_NoMiniMax_MultiThreaded</class>
  <method>run</method>
  <thread>17</thread>
  <message>move: ( b 9 ) value: 0.0 visited: 2231</message>
</record>
<record>
  <date>2013-05-31T21:37:59</date>
  <millis>1370061479209</millis>
  <sequence>219</sequence>
  <logger>game1370061336946</logger>
  <level>INFO</level>
  <class>players.BryceMonteCarloTreeSearch_NoMiniMax_MultiThreaded</class>
  <method>run</method>
  <thread>17</thread>
  <message>move: ( b 3 ) value: 0.0 visited: 2231</message>
</record>
<record>
  <date>2013-05-31T21:37:59</date>
  <millis>1370061479209</millis>
  <sequence>220</sequence>
  <logger>game1370061336946</logger>
  <level>INFO</level>
  <class>players.BryceMonteCarloTreeSearch_NoMiniMax_MultiThreaded</class>
  <method>run</method>
  <thread>17</thread>
  <message>move: ( c 8 ) value: 0.0 visited: 2231</message>
</record>
<record>
  <date>2013-05-31T21:37:59</date>
  <millis>1370061479209</millis>
  <sequence>221</sequence>
  <logger>game1370061336946</logger>
  <level>INFO</level>
  <class>players.BryceMonteCarloTreeSearch_NoMiniMax_MultiThreaded</class>
  <method>run</method>
  <thread>17</thread>
  <message>move: ( a 3 ) value: 0.0 visited: 2230</message>
</record>
<record>
  <date>2013-05-31T21:37:59</date>
  <millis>1370061479209</millis>
  <sequence>222</sequence>
  <logger>game1370061336946</logger>
  <level>INFO</level>
  <class>players.BryceMonteCarloTreeSearch_NoMiniMax_MultiThreaded</class>
  <method>run</method>
  <thread>17</thread>
  <message>move: ( a 8 ) value: 0.0 visited: 2230</message>
</record>
<record>
  <date>2013-05-31T21:37:59</date>
  <millis>1370061479210</millis>
  <sequence>223</sequence>
  <logger>game1370061336946</logger>
  <level>INFO</level>
  <class>players.BryceMonteCarloTreeSearch_NoMiniMax_MultiThreaded</class>
  <method>run</method>
  <thread>17</thread>
  <message>move: ( a 7 ) value: 0.0 visited: 2228</message>
</record>
<record>
  <date>2013-05-31T21:38:00</date>
  <millis>1370061480453</millis>
  <sequence>224</sequence>
  <logger>game1370061336946</logger>
  <level>INFO</level>
  <class>org.ggp.base.player.gamer.statemachine.PlatypusPlayer</class>
  <method>stateMachineSelectMove</method>
  <thread>11</thread>
  <message>--------Best Move after Monte Carlo--------</message>
</record>
<record>
  <date>2013-05-31T21:38:00</date>
  <millis>1370061480453</millis>
  <sequence>225</sequence>
  <logger>game1370061336946</logger>
  <level>INFO</level>
  <class>org.ggp.base.player.gamer.statemachine.PlatypusPlayer</class>
  <method>stateMachineSelectMove</method>
  <thread>11</thread>
  <message>CHOSE RANDOM</message>
</record>
<record>
  <date>2013-05-31T21:38:00</date>
  <millis>1370061480453</millis>
  <sequence>226</sequence>
  <logger>game1370061336946</logger>
  <level>INFO</level>
  <class>org.ggp.base.player.gamer.statemachine.PlatypusPlayer</class>
  <method>stateMachineSelectMove</method>
  <thread>11</thread>
  <message>best move: ( a 5 )</message>
</record>
<record>
  <date>2013-05-31T21:38:02</date>
  <millis>1370061482960</millis>
  <sequence>227</sequence>
  <logger>game1370061336946</logger>
  <level>INFO</level>
  <class>org.ggp.base.player.gamer.statemachine.PlatypusPlayer</class>
  <method>stateMachineSelectMove</method>
  <thread>11</thread>
  <message>--------Best Move after Minimiax--------</message>
</record>
<record>
  <date>2013-05-31T21:38:02</date>
  <millis>1370061482961</millis>
  <sequence>228</sequence>
  <logger>game1370061336946</logger>
  <level>INFO</level>
  <class>org.ggp.base.player.gamer.statemachine.PlatypusPlayer</class>
  <method>stateMachineSelectMove</method>
  <thread>11</thread>
  <message>Sure move is ( c 3 )</message>
</record>
<record>
  <date>2013-05-31T21:38:02</date>
  <millis>1370061482961</millis>
  <sequence>229</sequence>
  <logger>game1370061336946</logger>
  <level>INFO</level>
  <class>org.ggp.base.player.gamer.statemachine.PlatypusPlayer</class>
  <method>stateMachineSelectMove</method>
  <thread>11</thread>
  <message>with the sure score of 0.0</message>
</record>
<record>
  <date>2013-05-31T21:38:02</date>
  <millis>1370061482961</millis>
  <sequence>230</sequence>
  <logger>game1370061336946</logger>
  <level>INFO</level>
  <class>org.ggp.base.player.gamer.statemachine.PlatypusPlayer</class>
  <method>stateMachineSelectMove</method>
  <thread>11</thread>
  <message>Game solved!</message>
</record>
<record>
  <date>2013-05-31T21:38:02</date>
  <millis>1370061482962</millis>
  <sequence>231</sequence>
  <logger>game1370061336946</logger>
  <level>INFO</level>
  <class>org.ggp.base.player.gamer.statemachine.PlatypusPlayer</class>
  <method>stateMachineSelectMove</method>
  <thread>11</thread>
  <message>Choosing move ( c 3 ) after minimax preliminary search</message>
</record>
<record>
  <date>2013-05-31T21:38:05</date>
  <millis>1370061485472</millis>
  <sequence>232</sequence>
  <logger>game1370061336946</logger>
  <level>INFO</level>
  <class>org.ggp.base.player.gamer.statemachine.PlatypusPlayer</class>
  <method>stateMachineSelectMove</method>
  <thread>11</thread>
  <message>--------Best Move after Minimiax--------</message>
</record>
<record>
  <date>2013-05-31T21:38:05</date>
  <millis>1370061485473</millis>
  <sequence>233</sequence>
  <logger>game1370061336946</logger>
  <level>INFO</level>
  <class>org.ggp.base.player.gamer.statemachine.PlatypusPlayer</class>
  <method>stateMachineSelectMove</method>
  <thread>11</thread>
  <message>Sure move is ( c 3 )</message>
</record>
<record>
  <date>2013-05-31T21:38:05</date>
  <millis>1370061485473</millis>
  <sequence>234</sequence>
  <logger>game1370061336946</logger>
  <level>INFO</level>
  <class>org.ggp.base.player.gamer.statemachine.PlatypusPlayer</class>
  <method>stateMachineSelectMove</method>
  <thread>11</thread>
  <message>with the sure score of 0.0</message>
</record>
<record>
  <date>2013-05-31T21:38:05</date>
  <millis>1370061485473</millis>
  <sequence>235</sequence>
  <logger>game1370061336946</logger>
  <level>INFO</level>
  <class>org.ggp.base.player.gamer.statemachine.PlatypusPlayer</class>
  <method>stateMachineSelectMove</method>
  <thread>11</thread>
  <message>Game solved!</message>
</record>
<record>
  <date>2013-05-31T21:38:05</date>
  <millis>1370061485474</millis>
  <sequence>236</sequence>
  <logger>game1370061336946</logger>
  <level>INFO</level>
  <class>org.ggp.base.player.gamer.statemachine.PlatypusPlayer</class>
  <method>stateMachineSelectMove</method>
  <thread>11</thread>
  <message>Choosing move ( c 3 ) after minimax preliminary search</message>
</record>
<record>
  <date>2013-05-31T21:38:07</date>
  <millis>1370061487986</millis>
  <sequence>237</sequence>
  <logger>game1370061336946</logger>
  <level>INFO</level>
  <class>org.ggp.base.player.gamer.statemachine.PlatypusPlayer</class>
  <method>stateMachineSelectMove</method>
  <thread>11</thread>
  <message>--------Best Move after Minimiax--------</message>
</record>
<record>
  <date>2013-05-31T21:38:07</date>
  <millis>1370061487986</millis>
  <sequence>238</sequence>
  <logger>game1370061336946</logger>
  <level>INFO</level>
  <class>org.ggp.base.player.gamer.statemachine.PlatypusPlayer</class>
  <method>stateMachineSelectMove</method>
  <thread>11</thread>
  <message>Sure move is ( c 3 )</message>
</record>
<record>
  <date>2013-05-31T21:38:07</date>
  <millis>1370061487986</millis>
  <sequence>239</sequence>
  <logger>game1370061336946</logger>
  <level>INFO</level>
  <class>org.ggp.base.player.gamer.statemachine.PlatypusPlayer</class>
  <method>stateMachineSelectMove</method>
  <thread>11</thread>
  <message>with the sure score of 0.0</message>
</record>
<record>
  <date>2013-05-31T21:38:07</date>
  <millis>1370061487986</millis>
  <sequence>240</sequence>
  <logger>game1370061336946</logger>
  <level>INFO</level>
  <class>org.ggp.base.player.gamer.statemachine.PlatypusPlayer</class>
  <method>stateMachineSelectMove</method>
  <thread>11</thread>
  <message>Game solved!</message>
</record>
<record>
  <date>2013-05-31T21:38:07</date>
  <millis>1370061487986</millis>
  <sequence>241</sequence>
  <logger>game1370061336946</logger>
  <level>INFO</level>
  <class>org.ggp.base.player.gamer.statemachine.PlatypusPlayer</class>
  <method>stateMachineSelectMove</method>
  <thread>11</thread>
  <message>Choosing move ( c 3 ) after minimax preliminary search</message>
</record>
<record>
  <date>2013-05-31T21:38:35</date>
  <millis>1370061515325</millis>
  <sequence>242</sequence>
  <logger>game1370061336946</logger>
  <level>INFO</level>
  <class>org.ggp.base.player.gamer.statemachine.PlatypusPlayer</class>
  <method>stateMachineSelectMove</method>
  <thread>11</thread>
  <message>--------Best Move after Minimiax--------</message>
</record>
<record>
  <date>2013-05-31T21:38:35</date>
  <millis>1370061515325</millis>
  <sequence>243</sequence>
  <logger>game1370061336946</logger>
  <level>INFO</level>
  <class>org.ggp.base.player.gamer.statemachine.PlatypusPlayer</class>
  <method>stateMachineSelectMove</method>
  <thread>11</thread>
  <message>Sure move is ( drop_normal 5 )</message>
</record>
<record>
  <date>2013-05-31T21:38:35</date>
  <millis>1370061515325</millis>
  <sequence>244</sequence>
  <logger>game1370061336946</logger>
  <level>INFO</level>
  <class>org.ggp.base.player.gamer.statemachine.PlatypusPlayer</class>
  <method>stateMachineSelectMove</method>
  <thread>11</thread>
  <message>with the sure score of 0.0</message>
</record>
<record>
  <date>2013-05-31T21:38:35</date>
  <millis>1370061515325</millis>
  <sequence>245</sequence>
  <logger>game1370061336946</logger>
  <level>INFO</level>
  <class>org.ggp.base.player.gamer.statemachine.PlatypusPlayer</class>
  <method>stateMachineSelectMove</method>
  <thread>11</thread>
  <message>Starting Monte Carlo</message>
</record>
<record>
  <date>2013-05-31T21:38:35</date>
  <millis>1370061515325</millis>
  <sequence>246</sequence>
  <logger>game1370061336946</logger>
  <level>INFO</level>
  <class>org.ggp.base.player.gamer.statemachine.PlatypusPlayer</class>
  <method>stateMachineSelectMove</method>
  <thread>11</thread>
  <message>PAUSING PLATYPUS FOR 9499</message>
</record>
</log>
