<?xml version="1.0" encoding="UTF-8" standalone="no"?>
<!DOCTYPE log SYSTEM "logger.dtd">
<log>
<record>
  <date>2013-05-31T21:40:20</date>
  <millis>1370061620590</millis>
  <sequence>0</sequence>
  <logger>game1370061620587</logger>
  <level>INFO</level>
  <class>platypus.logging.PlatypusLogger</class>
  <method>getLogger</method>
  <thread>10</thread>
  <message>Added FileHandler to Logger</message>
</record>
<record>
  <date>2013-05-31T21:40:36</date>
  <millis>1370061636758</millis>
  <sequence>2</sequence>
  <logger>game1370061620587</logger>
  <level>INFO</level>
  <class>org.ggp.base.player.gamer.statemachine.PlatypusPlayer</class>
  <method>stateMachineSelectMove</method>
  <thread>11</thread>
  <message>--------Best Move after Minimiax--------</message>
</record>
<record>
  <date>2013-05-31T21:40:36</date>
  <millis>1370061636758</millis>
  <sequence>3</sequence>
  <logger>game1370061620587</logger>
  <level>INFO</level>
  <class>org.ggp.base.player.gamer.statemachine.PlatypusPlayer</class>
  <method>stateMachineSelectMove</method>
  <thread>11</thread>
  <message>Sure move is ( drop_normal 3 )</message>
</record>
<record>
  <date>2013-05-31T21:40:36</date>
  <millis>1370061636758</millis>
  <sequence>4</sequence>
  <logger>game1370061620587</logger>
  <level>INFO</level>
  <class>org.ggp.base.player.gamer.statemachine.PlatypusPlayer</class>
  <method>stateMachineSelectMove</method>
  <thread>11</thread>
  <message>with the sure score of 0.0</message>
</record>
<record>
  <date>2013-05-31T21:40:36</date>
  <millis>1370061636759</millis>
  <sequence>5</sequence>
  <logger>game1370061620587</logger>
  <level>INFO</level>
  <class>org.ggp.base.player.gamer.statemachine.PlatypusPlayer</class>
  <method>stateMachineSelectMove</method>
  <thread>11</thread>
  <message>Starting Monte Carlo</message>
</record>
<record>
  <date>2013-05-31T21:40:36</date>
  <millis>1370061636759</millis>
  <sequence>6</sequence>
  <logger>game1370061620587</logger>
  <level>INFO</level>
  <class>org.ggp.base.player.gamer.statemachine.PlatypusPlayer</class>
  <method>stateMachineSelectMove</method>
  <thread>11</thread>
  <message>PAUSING PLATYPUS FOR 9498</message>
</record>
<record>
  <date>2013-05-31T21:40:46</date>
  <millis>1370061646009</millis>
  <sequence>7</sequence>
  <logger>game1370061620587</logger>
  <level>INFO</level>
  <class>players.BryceMonteCarloTreeSearch_NoMiniMax_MultiThreaded</class>
  <method>run</method>
  <thread>12</thread>
  <message>move: ( drop_normal 3 ) value: 0.0 visited: 34</message>
</record>
<record>
  <date>2013-05-31T21:40:46</date>
  <millis>1370061646011</millis>
  <sequence>8</sequence>
  <logger>game1370061620587</logger>
  <level>INFO</level>
  <class>players.BryceMonteCarloTreeSearch_NoMiniMax_MultiThreaded</class>
  <method>run</method>
  <thread>12</thread>
  <message>move: ( drop_normal 8 ) value: 33.333333333333336 visited: 29</message>
</record>
<record>
  <date>2013-05-31T21:40:46</date>
  <millis>1370061646027</millis>
  <sequence>9</sequence>
  <logger>game1370061620587</logger>
  <level>INFO</level>
  <class>players.BryceMonteCarloTreeSearch_NoMiniMax_MultiThreaded</class>
  <method>run</method>
  <thread>12</thread>
  <message>move: ( drop_normal 7 ) value: 0.0 visited: 35</message>
</record>
<record>
  <date>2013-05-31T21:40:46</date>
  <millis>1370061646029</millis>
  <sequence>10</sequence>
  <logger>game1370061620587</logger>
  <level>INFO</level>
  <class>players.BryceMonteCarloTreeSearch_NoMiniMax_MultiThreaded</class>
  <method>run</method>
  <thread>12</thread>
  <message>move: ( drop_normal 5 ) value: 33.333333333333336 visited: 38</message>
</record>
<record>
  <date>2013-05-31T21:40:46</date>
  <millis>1370061646031</millis>
  <sequence>11</sequence>
  <logger>game1370061620587</logger>
  <level>INFO</level>
  <class>players.BryceMonteCarloTreeSearch_NoMiniMax_MultiThreaded</class>
  <method>run</method>
  <thread>12</thread>
  <message>move: ( drop_normal 2 ) value: 33.333333333333336 visited: 35</message>
</record>
<record>
  <date>2013-05-31T21:40:46</date>
  <millis>1370061646032</millis>
  <sequence>12</sequence>
  <logger>game1370061620587</logger>
  <level>INFO</level>
  <class>players.BryceMonteCarloTreeSearch_NoMiniMax_MultiThreaded</class>
  <method>run</method>
  <thread>12</thread>
  <message>move: ( drop_normal 6 ) value: 0.0 visited: 33</message>
</record>
<record>
  <date>2013-05-31T21:40:46</date>
  <millis>1370061646034</millis>
  <sequence>13</sequence>
  <logger>game1370061620587</logger>
  <level>INFO</level>
  <class>players.BryceMonteCarloTreeSearch_NoMiniMax_MultiThreaded</class>
  <method>run</method>
  <thread>12</thread>
  <message>move: ( drop_normal 1 ) value: 0.0 visited: 27</message>
</record>
<record>
  <date>2013-05-31T21:40:46</date>
  <millis>1370061646035</millis>
  <sequence>14</sequence>
  <logger>game1370061620587</logger>
  <level>INFO</level>
  <class>players.BryceMonteCarloTreeSearch_NoMiniMax_MultiThreaded</class>
  <method>run</method>
  <thread>12</thread>
  <message>move: ( drop_normal 4 ) value: 0.0 visited: 34</message>
</record>
<record>
  <date>2013-05-31T21:40:47</date>
  <millis>1370061647257</millis>
  <sequence>15</sequence>
  <logger>game1370061620587</logger>
  <level>INFO</level>
  <class>org.ggp.base.player.gamer.statemachine.PlatypusPlayer</class>
  <method>stateMachineSelectMove</method>
  <thread>11</thread>
  <message>--------Best Move after Monte Carlo--------</message>
</record>
<record>
  <date>2013-05-31T21:40:47</date>
  <millis>1370061647258</millis>
  <sequence>16</sequence>
  <logger>game1370061620587</logger>
  <level>INFO</level>
  <class>org.ggp.base.player.gamer.statemachine.PlatypusPlayer</class>
  <method>stateMachineSelectMove</method>
  <thread>11</thread>
  <message>best move: ( drop_normal 8 )</message>
</record>
<record>
  <date>2013-05-31T21:40:49</date>
  <millis>1370061649771</millis>
  <sequence>17</sequence>
  <logger>game1370061620587</logger>
  <level>INFO</level>
  <class>org.ggp.base.player.gamer.statemachine.PlatypusPlayer</class>
  <method>stateMachineSelectMove</method>
  <thread>11</thread>
  <message>--------Best Move after Minimiax--------</message>
</record>
<record>
  <date>2013-05-31T21:40:49</date>
  <millis>1370061649771</millis>
  <sequence>18</sequence>
  <logger>game1370061620587</logger>
  <level>INFO</level>
  <class>org.ggp.base.player.gamer.statemachine.PlatypusPlayer</class>
  <method>stateMachineSelectMove</method>
  <thread>11</thread>
  <message>Sure move is ( drop_suicide 2 )</message>
</record>
<record>
  <date>2013-05-31T21:40:49</date>
  <millis>1370061649771</millis>
  <sequence>19</sequence>
  <logger>game1370061620587</logger>
  <level>INFO</level>
  <class>org.ggp.base.player.gamer.statemachine.PlatypusPlayer</class>
  <method>stateMachineSelectMove</method>
  <thread>11</thread>
  <message>with the sure score of 0.0</message>
</record>
<record>
  <date>2013-05-31T21:40:49</date>
  <millis>1370061649772</millis>
  <sequence>20</sequence>
  <logger>game1370061620587</logger>
  <level>INFO</level>
  <class>org.ggp.base.player.gamer.statemachine.PlatypusPlayer</class>
  <method>stateMachineSelectMove</method>
  <thread>11</thread>
  <message>Starting Monte Carlo</message>
</record>
<record>
  <date>2013-05-31T21:40:49</date>
  <millis>1370061649772</millis>
  <sequence>21</sequence>
  <logger>game1370061620587</logger>
  <level>INFO</level>
  <class>org.ggp.base.player.gamer.statemachine.PlatypusPlayer</class>
  <method>stateMachineSelectMove</method>
  <thread>11</thread>
  <message>PAUSING PLATYPUS FOR 9498</message>
</record>
<record>
  <date>2013-05-31T21:40:59</date>
  <millis>1370061659025</millis>
  <sequence>22</sequence>
  <logger>game1370061620587</logger>
  <level>INFO</level>
  <class>players.BryceMonteCarloTreeSearch_NoMiniMax_MultiThreaded</class>
  <method>run</method>
  <thread>13</thread>
  <message>move: ( drop_suicide 2 ) value: 0.0 visited: 32</message>
</record>
<record>
  <date>2013-05-31T21:40:59</date>
  <millis>1370061659029</millis>
  <sequence>23</sequence>
  <logger>game1370061620587</logger>
  <level>INFO</level>
  <class>players.BryceMonteCarloTreeSearch_NoMiniMax_MultiThreaded</class>
  <method>run</method>
  <thread>13</thread>
  <message>move: ( drop_suicide 7 ) value: 50.0 visited: 37</message>
</record>
<record>
  <date>2013-05-31T21:40:59</date>
  <millis>1370061659042</millis>
  <sequence>24</sequence>
  <logger>game1370061620587</logger>
  <level>INFO</level>
  <class>players.BryceMonteCarloTreeSearch_NoMiniMax_MultiThreaded</class>
  <method>run</method>
  <thread>13</thread>
  <message>move: ( drop_suicide 6 ) value: 0.0 visited: 31</message>
</record>
<record>
  <date>2013-05-31T21:40:59</date>
  <millis>1370061659044</millis>
  <sequence>25</sequence>
  <logger>game1370061620587</logger>
  <level>INFO</level>
  <class>players.BryceMonteCarloTreeSearch_NoMiniMax_MultiThreaded</class>
  <method>run</method>
  <thread>13</thread>
  <message>move: ( drop_suicide 5 ) value: 0.0 visited: 27</message>
</record>
<record>
  <date>2013-05-31T21:40:59</date>
  <millis>1370061659045</millis>
  <sequence>26</sequence>
  <logger>game1370061620587</logger>
  <level>INFO</level>
  <class>players.BryceMonteCarloTreeSearch_NoMiniMax_MultiThreaded</class>
  <method>run</method>
  <thread>13</thread>
  <message>move: ( drop_suicide 1 ) value: 33.333333333333336 visited: 39</message>
</record>
<record>
  <date>2013-05-31T21:40:59</date>
  <millis>1370061659046</millis>
  <sequence>27</sequence>
  <logger>game1370061620587</logger>
  <level>INFO</level>
  <class>players.BryceMonteCarloTreeSearch_NoMiniMax_MultiThreaded</class>
  <method>run</method>
  <thread>13</thread>
  <message>move: ( drop_suicide 4 ) value: 33.333333333333336 visited: 35</message>
</record>
<record>
  <date>2013-05-31T21:40:59</date>
  <millis>1370061659048</millis>
  <sequence>28</sequence>
  <logger>game1370061620587</logger>
  <level>INFO</level>
  <class>players.BryceMonteCarloTreeSearch_NoMiniMax_MultiThreaded</class>
  <method>run</method>
  <thread>13</thread>
  <message>move: ( drop_suicide 8 ) value: 0.0 visited: 39</message>
</record>
<record>
  <date>2013-05-31T21:40:59</date>
  <millis>1370061659050</millis>
  <sequence>29</sequence>
  <logger>game1370061620587</logger>
  <level>INFO</level>
  <class>players.BryceMonteCarloTreeSearch_NoMiniMax_MultiThreaded</class>
  <method>run</method>
  <thread>13</thread>
  <message>move: ( drop_suicide 3 ) value: 33.333333333333336 visited: 34</message>
</record>
<record>
  <date>2013-05-31T21:41:00</date>
  <millis>1370061660270</millis>
  <sequence>30</sequence>
  <logger>game1370061620587</logger>
  <level>INFO</level>
  <class>org.ggp.base.player.gamer.statemachine.PlatypusPlayer</class>
  <method>stateMachineSelectMove</method>
  <thread>11</thread>
  <message>--------Best Move after Monte Carlo--------</message>
</record>
<record>
  <date>2013-05-31T21:41:00</date>
  <millis>1370061660271</millis>
  <sequence>31</sequence>
  <logger>game1370061620587</logger>
  <level>INFO</level>
  <class>org.ggp.base.player.gamer.statemachine.PlatypusPlayer</class>
  <method>stateMachineSelectMove</method>
  <thread>11</thread>
  <message>best move: ( drop_suicide 7 )</message>
</record>
<record>
  <date>2013-05-31T21:41:02</date>
  <millis>1370061662781</millis>
  <sequence>32</sequence>
  <logger>game1370061620587</logger>
  <level>INFO</level>
  <class>org.ggp.base.player.gamer.statemachine.PlatypusPlayer</class>
  <method>stateMachineSelectMove</method>
  <thread>11</thread>
  <message>--------Best Move after Minimiax--------</message>
</record>
<record>
  <date>2013-05-31T21:41:02</date>
  <millis>1370061662781</millis>
  <sequence>33</sequence>
  <logger>game1370061620587</logger>
  <level>INFO</level>
  <class>org.ggp.base.player.gamer.statemachine.PlatypusPlayer</class>
  <method>stateMachineSelectMove</method>
  <thread>11</thread>
  <message>Sure move is ( drop_normal 3 )</message>
</record>
<record>
  <date>2013-05-31T21:41:02</date>
  <millis>1370061662781</millis>
  <sequence>34</sequence>
  <logger>game1370061620587</logger>
  <level>INFO</level>
  <class>org.ggp.base.player.gamer.statemachine.PlatypusPlayer</class>
  <method>stateMachineSelectMove</method>
  <thread>11</thread>
  <message>with the sure score of 0.0</message>
</record>
<record>
  <date>2013-05-31T21:41:02</date>
  <millis>1370061662781</millis>
  <sequence>35</sequence>
  <logger>game1370061620587</logger>
  <level>INFO</level>
  <class>org.ggp.base.player.gamer.statemachine.PlatypusPlayer</class>
  <method>stateMachineSelectMove</method>
  <thread>11</thread>
  <message>Starting Monte Carlo</message>
</record>
<record>
  <date>2013-05-31T21:41:02</date>
  <millis>1370061662782</millis>
  <sequence>36</sequence>
  <logger>game1370061620587</logger>
  <level>INFO</level>
  <class>org.ggp.base.player.gamer.statemachine.PlatypusPlayer</class>
  <method>stateMachineSelectMove</method>
  <thread>11</thread>
  <message>PAUSING PLATYPUS FOR 9498</message>
</record>
<record>
  <date>2013-05-31T21:41:12</date>
  <millis>1370061672032</millis>
  <sequence>37</sequence>
  <logger>game1370061620587</logger>
  <level>INFO</level>
  <class>players.BryceMonteCarloTreeSearch_NoMiniMax_MultiThreaded</class>
  <method>run</method>
  <thread>14</thread>
  <message>move: ( drop_normal 3 ) value: 33.333333333333336 visited: 31</message>
</record>
<record>
  <date>2013-05-31T21:41:12</date>
  <millis>1370061672051</millis>
  <sequence>38</sequence>
  <logger>game1370061620587</logger>
  <level>INFO</level>
  <class>players.BryceMonteCarloTreeSearch_NoMiniMax_MultiThreaded</class>
  <method>run</method>
  <thread>14</thread>
  <message>move: ( drop_normal 8 ) value: 0.0 visited: 31</message>
</record>
<record>
  <date>2013-05-31T21:41:12</date>
  <millis>1370061672053</millis>
  <sequence>39</sequence>
  <logger>game1370061620587</logger>
  <level>INFO</level>
  <class>players.BryceMonteCarloTreeSearch_NoMiniMax_MultiThreaded</class>
  <method>run</method>
  <thread>14</thread>
  <message>move: ( drop_normal 7 ) value: 0.0 visited: 31</message>
</record>
<record>
  <date>2013-05-31T21:41:12</date>
  <millis>1370061672055</millis>
  <sequence>40</sequence>
  <logger>game1370061620587</logger>
  <level>INFO</level>
  <class>players.BryceMonteCarloTreeSearch_NoMiniMax_MultiThreaded</class>
  <method>run</method>
  <thread>14</thread>
  <message>move: ( drop_normal 5 ) value: 0.0 visited: 28</message>
</record>
<record>
  <date>2013-05-31T21:41:12</date>
  <millis>1370061672057</millis>
  <sequence>41</sequence>
  <logger>game1370061620587</logger>
  <level>INFO</level>
  <class>players.BryceMonteCarloTreeSearch_NoMiniMax_MultiThreaded</class>
  <method>run</method>
  <thread>14</thread>
  <message>move: ( drop_normal 2 ) value: 0.0 visited: 28</message>
</record>
<record>
  <date>2013-05-31T21:41:12</date>
  <millis>1370061672058</millis>
  <sequence>42</sequence>
  <logger>game1370061620587</logger>
  <level>INFO</level>
  <class>players.BryceMonteCarloTreeSearch_NoMiniMax_MultiThreaded</class>
  <method>run</method>
  <thread>14</thread>
  <message>move: ( drop_normal 6 ) value: 0.0 visited: 25</message>
</record>
<record>
  <date>2013-05-31T21:41:12</date>
  <millis>1370061672060</millis>
  <sequence>43</sequence>
  <logger>game1370061620587</logger>
  <level>INFO</level>
  <class>players.BryceMonteCarloTreeSearch_NoMiniMax_MultiThreaded</class>
  <method>run</method>
  <thread>14</thread>
  <message>move: ( drop_normal 1 ) value: 0.0 visited: 28</message>
</record>
<record>
  <date>2013-05-31T21:41:12</date>
  <millis>1370061672061</millis>
  <sequence>44</sequence>
  <logger>game1370061620587</logger>
  <level>INFO</level>
  <class>players.BryceMonteCarloTreeSearch_NoMiniMax_MultiThreaded</class>
  <method>run</method>
  <thread>14</thread>
  <message>move: ( drop_normal 4 ) value: 0.0 visited: 33</message>
</record>
<record>
  <date>2013-05-31T21:41:13</date>
  <millis>1370061673280</millis>
  <sequence>45</sequence>
  <logger>game1370061620587</logger>
  <level>INFO</level>
  <class>org.ggp.base.player.gamer.statemachine.PlatypusPlayer</class>
  <method>stateMachineSelectMove</method>
  <thread>11</thread>
  <message>--------Best Move after Monte Carlo--------</message>
</record>
<record>
  <date>2013-05-31T21:41:13</date>
  <millis>1370061673280</millis>
  <sequence>46</sequence>
  <logger>game1370061620587</logger>
  <level>INFO</level>
  <class>org.ggp.base.player.gamer.statemachine.PlatypusPlayer</class>
  <method>stateMachineSelectMove</method>
  <thread>11</thread>
  <message>best move: ( drop_normal 3 )</message>
</record>
<record>
  <date>2013-05-31T21:41:15</date>
  <millis>1370061675788</millis>
  <sequence>47</sequence>
  <logger>game1370061620587</logger>
  <level>INFO</level>
  <class>org.ggp.base.player.gamer.statemachine.PlatypusPlayer</class>
  <method>stateMachineSelectMove</method>
  <thread>11</thread>
  <message>--------Best Move after Minimiax--------</message>
</record>
<record>
  <date>2013-05-31T21:41:15</date>
  <millis>1370061675788</millis>
  <sequence>48</sequence>
  <logger>game1370061620587</logger>
  <level>INFO</level>
  <class>org.ggp.base.player.gamer.statemachine.PlatypusPlayer</class>
  <method>stateMachineSelectMove</method>
  <thread>11</thread>
  <message>Sure move is ( drop_suicide 2 )</message>
</record>
<record>
  <date>2013-05-31T21:41:15</date>
  <millis>1370061675788</millis>
  <sequence>49</sequence>
  <logger>game1370061620587</logger>
  <level>INFO</level>
  <class>org.ggp.base.player.gamer.statemachine.PlatypusPlayer</class>
  <method>stateMachineSelectMove</method>
  <thread>11</thread>
  <message>with the sure score of 0.0</message>
</record>
<record>
  <date>2013-05-31T21:41:15</date>
  <millis>1370061675789</millis>
  <sequence>50</sequence>
  <logger>game1370061620587</logger>
  <level>INFO</level>
  <class>org.ggp.base.player.gamer.statemachine.PlatypusPlayer</class>
  <method>stateMachineSelectMove</method>
  <thread>11</thread>
  <message>Starting Monte Carlo</message>
</record>
<record>
  <date>2013-05-31T21:41:15</date>
  <millis>1370061675789</millis>
  <sequence>51</sequence>
  <logger>game1370061620587</logger>
  <level>INFO</level>
  <class>org.ggp.base.player.gamer.statemachine.PlatypusPlayer</class>
  <method>stateMachineSelectMove</method>
  <thread>11</thread>
  <message>PAUSING PLATYPUS FOR 9498</message>
</record>
<record>
  <date>2013-05-31T21:41:25</date>
  <millis>1370061685039</millis>
  <sequence>52</sequence>
  <logger>game1370061620587</logger>
  <level>INFO</level>
  <class>players.BryceMonteCarloTreeSearch_NoMiniMax_MultiThreaded</class>
  <method>run</method>
  <thread>15</thread>
  <message>move: ( drop_suicide 2 ) value: 0.0 visited: 31</message>
</record>
<record>
  <date>2013-05-31T21:41:25</date>
  <millis>1370061685041</millis>
  <sequence>53</sequence>
  <logger>game1370061620587</logger>
  <level>INFO</level>
  <class>players.BryceMonteCarloTreeSearch_NoMiniMax_MultiThreaded</class>
  <method>run</method>
  <thread>15</thread>
  <message>move: ( drop_suicide 7 ) value: 0.0 visited: 35</message>
</record>
<record>
  <date>2013-05-31T21:41:25</date>
  <millis>1370061685042</millis>
  <sequence>54</sequence>
  <logger>game1370061620587</logger>
  <level>INFO</level>
  <class>players.BryceMonteCarloTreeSearch_NoMiniMax_MultiThreaded</class>
  <method>run</method>
  <thread>15</thread>
  <message>move: ( drop_suicide 6 ) value: 0.0 visited: 28</message>
</record>
<record>
  <date>2013-05-31T21:41:25</date>
  <millis>1370061685045</millis>
  <sequence>55</sequence>
  <logger>game1370061620587</logger>
  <level>INFO</level>
  <class>players.BryceMonteCarloTreeSearch_NoMiniMax_MultiThreaded</class>
  <method>run</method>
  <thread>15</thread>
  <message>move: ( drop_suicide 5 ) value: 50.0 visited: 41</message>
</record>
<record>
  <date>2013-05-31T21:41:25</date>
  <millis>1370061685059</millis>
  <sequence>56</sequence>
  <logger>game1370061620587</logger>
  <level>INFO</level>
  <class>players.BryceMonteCarloTreeSearch_NoMiniMax_MultiThreaded</class>
  <method>run</method>
  <thread>15</thread>
  <message>move: ( drop_suicide 1 ) value: 33.333333333333336 visited: 37</message>
</record>
<record>
  <date>2013-05-31T21:41:25</date>
  <millis>1370061685061</millis>
  <sequence>57</sequence>
  <logger>game1370061620587</logger>
  <level>INFO</level>
  <class>players.BryceMonteCarloTreeSearch_NoMiniMax_MultiThreaded</class>
  <method>run</method>
  <thread>15</thread>
  <message>move: ( drop_suicide 4 ) value: 0.0 visited: 29</message>
</record>
<record>
  <date>2013-05-31T21:41:25</date>
  <millis>1370061685062</millis>
  <sequence>58</sequence>
  <logger>game1370061620587</logger>
  <level>INFO</level>
  <class>players.BryceMonteCarloTreeSearch_NoMiniMax_MultiThreaded</class>
  <method>run</method>
  <thread>15</thread>
  <message>move: ( drop_suicide 8 ) value: 0.0 visited: 31</message>
</record>
<record>
  <date>2013-05-31T21:41:25</date>
  <millis>1370061685064</millis>
  <sequence>59</sequence>
  <logger>game1370061620587</logger>
  <level>INFO</level>
  <class>players.BryceMonteCarloTreeSearch_NoMiniMax_MultiThreaded</class>
  <method>run</method>
  <thread>15</thread>
  <message>move: ( drop_suicide 3 ) value: 0.0 visited: 32</message>
</record>
<record>
  <date>2013-05-31T21:41:26</date>
  <millis>1370061686287</millis>
  <sequence>60</sequence>
  <logger>game1370061620587</logger>
  <level>INFO</level>
  <class>org.ggp.base.player.gamer.statemachine.PlatypusPlayer</class>
  <method>stateMachineSelectMove</method>
  <thread>11</thread>
  <message>--------Best Move after Monte Carlo--------</message>
</record>
<record>
  <date>2013-05-31T21:41:26</date>
  <millis>1370061686288</millis>
  <sequence>61</sequence>
  <logger>game1370061620587</logger>
  <level>INFO</level>
  <class>org.ggp.base.player.gamer.statemachine.PlatypusPlayer</class>
  <method>stateMachineSelectMove</method>
  <thread>11</thread>
  <message>best move: ( drop_suicide 5 )</message>
</record>
<record>
  <date>2013-05-31T21:41:28</date>
  <millis>1370061688803</millis>
  <sequence>62</sequence>
  <logger>game1370061620587</logger>
  <level>INFO</level>
  <class>org.ggp.base.player.gamer.statemachine.PlatypusPlayer</class>
  <method>stateMachineSelectMove</method>
  <thread>11</thread>
  <message>--------Best Move after Minimiax--------</message>
</record>
<record>
  <date>2013-05-31T21:41:28</date>
  <millis>1370061688803</millis>
  <sequence>63</sequence>
  <logger>game1370061620587</logger>
  <level>INFO</level>
  <class>org.ggp.base.player.gamer.statemachine.PlatypusPlayer</class>
  <method>stateMachineSelectMove</method>
  <thread>11</thread>
  <message>Sure move is ( drop_normal 3 )</message>
</record>
<record>
  <date>2013-05-31T21:41:28</date>
  <millis>1370061688804</millis>
  <sequence>64</sequence>
  <logger>game1370061620587</logger>
  <level>INFO</level>
  <class>org.ggp.base.player.gamer.statemachine.PlatypusPlayer</class>
  <method>stateMachineSelectMove</method>
  <thread>11</thread>
  <message>with the sure score of 0.0</message>
</record>
<record>
  <date>2013-05-31T21:41:28</date>
  <millis>1370061688804</millis>
  <sequence>65</sequence>
  <logger>game1370061620587</logger>
  <level>INFO</level>
  <class>org.ggp.base.player.gamer.statemachine.PlatypusPlayer</class>
  <method>stateMachineSelectMove</method>
  <thread>11</thread>
  <message>Starting Monte Carlo</message>
</record>
<record>
  <date>2013-05-31T21:41:28</date>
  <millis>1370061688804</millis>
  <sequence>66</sequence>
  <logger>game1370061620587</logger>
  <level>INFO</level>
  <class>org.ggp.base.player.gamer.statemachine.PlatypusPlayer</class>
  <method>stateMachineSelectMove</method>
  <thread>11</thread>
  <message>PAUSING PLATYPUS FOR 9498</message>
</record>
<record>
  <date>2013-05-31T21:41:38</date>
  <millis>1370061698056</millis>
  <sequence>67</sequence>
  <logger>game1370061620587</logger>
  <level>INFO</level>
  <class>players.BryceMonteCarloTreeSearch_NoMiniMax_MultiThreaded</class>
  <method>run</method>
  <thread>16</thread>
  <message>move: ( drop_normal 3 ) value: 33.333333333333336 visited: 34</message>
</record>
<record>
  <date>2013-05-31T21:41:38</date>
  <millis>1370061698087</millis>
  <sequence>68</sequence>
  <logger>game1370061620587</logger>
  <level>INFO</level>
  <class>players.BryceMonteCarloTreeSearch_NoMiniMax_MultiThreaded</class>
  <method>run</method>
  <thread>16</thread>
  <message>move: ( drop_normal 8 ) value: 0.0 visited: 32</message>
</record>
<record>
  <date>2013-05-31T21:41:38</date>
  <millis>1370061698088</millis>
  <sequence>69</sequence>
  <logger>game1370061620587</logger>
  <level>INFO</level>
  <class>players.BryceMonteCarloTreeSearch_NoMiniMax_MultiThreaded</class>
  <method>run</method>
  <thread>16</thread>
  <message>move: ( drop_normal 7 ) value: 0.0 visited: 27</message>
</record>
<record>
  <date>2013-05-31T21:41:38</date>
  <millis>1370061698090</millis>
  <sequence>70</sequence>
  <logger>game1370061620587</logger>
  <level>INFO</level>
  <class>players.BryceMonteCarloTreeSearch_NoMiniMax_MultiThreaded</class>
  <method>run</method>
  <thread>16</thread>
  <message>move: ( drop_normal 5 ) value: 33.333333333333336 visited: 35</message>
</record>
<record>
  <date>2013-05-31T21:41:38</date>
  <millis>1370061698091</millis>
  <sequence>71</sequence>
  <logger>game1370061620587</logger>
  <level>INFO</level>
  <class>players.BryceMonteCarloTreeSearch_NoMiniMax_MultiThreaded</class>
  <method>run</method>
  <thread>16</thread>
  <message>move: ( drop_normal 2 ) value: 33.333333333333336 visited: 33</message>
</record>
<record>
  <date>2013-05-31T21:41:38</date>
  <millis>1370061698093</millis>
  <sequence>72</sequence>
  <logger>game1370061620587</logger>
  <level>INFO</level>
  <class>players.BryceMonteCarloTreeSearch_NoMiniMax_MultiThreaded</class>
  <method>run</method>
  <thread>16</thread>
  <message>move: ( drop_normal 6 ) value: 0.0 visited: 39</message>
</record>
<record>
  <date>2013-05-31T21:41:38</date>
  <millis>1370061698094</millis>
  <sequence>73</sequence>
  <logger>game1370061620587</logger>
  <level>INFO</level>
  <class>players.BryceMonteCarloTreeSearch_NoMiniMax_MultiThreaded</class>
  <method>run</method>
  <thread>16</thread>
  <message>move: ( drop_normal 1 ) value: 50.0 visited: 38</message>
</record>
<record>
  <date>2013-05-31T21:41:38</date>
  <millis>1370061698108</millis>
  <sequence>74</sequence>
  <logger>game1370061620587</logger>
  <level>INFO</level>
  <class>players.BryceMonteCarloTreeSearch_NoMiniMax_MultiThreaded</class>
  <method>run</method>
  <thread>16</thread>
  <message>move: ( drop_normal 4 ) value: 0.0 visited: 35</message>
</record>
<record>
  <date>2013-05-31T21:41:39</date>
  <millis>1370061699303</millis>
  <sequence>75</sequence>
  <logger>game1370061620587</logger>
  <level>INFO</level>
  <class>org.ggp.base.player.gamer.statemachine.PlatypusPlayer</class>
  <method>stateMachineSelectMove</method>
  <thread>11</thread>
  <message>--------Best Move after Monte Carlo--------</message>
</record>
<record>
  <date>2013-05-31T21:41:39</date>
  <millis>1370061699304</millis>
  <sequence>76</sequence>
  <logger>game1370061620587</logger>
  <level>INFO</level>
  <class>org.ggp.base.player.gamer.statemachine.PlatypusPlayer</class>
  <method>stateMachineSelectMove</method>
  <thread>11</thread>
  <message>best move: ( drop_normal 1 )</message>
</record>
<record>
  <date>2013-05-31T21:41:41</date>
  <millis>1370061701816</millis>
  <sequence>77</sequence>
  <logger>game1370061620587</logger>
  <level>INFO</level>
  <class>org.ggp.base.player.gamer.statemachine.PlatypusPlayer</class>
  <method>stateMachineSelectMove</method>
  <thread>11</thread>
  <message>--------Best Move after Minimiax--------</message>
</record>
<record>
  <date>2013-05-31T21:41:41</date>
  <millis>1370061701817</millis>
  <sequence>78</sequence>
  <logger>game1370061620587</logger>
  <level>INFO</level>
  <class>org.ggp.base.player.gamer.statemachine.PlatypusPlayer</class>
  <method>stateMachineSelectMove</method>
  <thread>11</thread>
  <message>Sure move is ( drop_suicide 2 )</message>
</record>
<record>
  <date>2013-05-31T21:41:41</date>
  <millis>1370061701817</millis>
  <sequence>79</sequence>
  <logger>game1370061620587</logger>
  <level>INFO</level>
  <class>org.ggp.base.player.gamer.statemachine.PlatypusPlayer</class>
  <method>stateMachineSelectMove</method>
  <thread>11</thread>
  <message>with the sure score of 0.0</message>
</record>
<record>
  <date>2013-05-31T21:41:41</date>
  <millis>1370061701817</millis>
  <sequence>80</sequence>
  <logger>game1370061620587</logger>
  <level>INFO</level>
  <class>org.ggp.base.player.gamer.statemachine.PlatypusPlayer</class>
  <method>stateMachineSelectMove</method>
  <thread>11</thread>
  <message>Starting Monte Carlo</message>
</record>
<record>
  <date>2013-05-31T21:41:41</date>
  <millis>1370061701817</millis>
  <sequence>81</sequence>
  <logger>game1370061620587</logger>
  <level>INFO</level>
  <class>org.ggp.base.player.gamer.statemachine.PlatypusPlayer</class>
  <method>stateMachineSelectMove</method>
  <thread>11</thread>
  <message>PAUSING PLATYPUS FOR 9498</message>
</record>
<record>
  <date>2013-05-31T21:41:51</date>
  <millis>1370061711068</millis>
  <sequence>82</sequence>
  <logger>game1370061620587</logger>
  <level>INFO</level>
  <class>players.BryceMonteCarloTreeSearch_NoMiniMax_MultiThreaded</class>
  <method>run</method>
  <thread>17</thread>
  <message>move: ( drop_suicide 2 ) value: 0.0 visited: 33</message>
</record>
<record>
  <date>2013-05-31T21:41:51</date>
  <millis>1370061711073</millis>
  <sequence>83</sequence>
  <logger>game1370061620587</logger>
  <level>INFO</level>
  <class>players.BryceMonteCarloTreeSearch_NoMiniMax_MultiThreaded</class>
  <method>run</method>
  <thread>17</thread>
  <message>move: ( drop_suicide 7 ) value: 25.0 visited: 37</message>
</record>
<record>
  <date>2013-05-31T21:41:51</date>
  <millis>1370061711086</millis>
  <sequence>84</sequence>
  <logger>game1370061620587</logger>
  <level>INFO</level>
  <class>players.BryceMonteCarloTreeSearch_NoMiniMax_MultiThreaded</class>
  <method>run</method>
  <thread>17</thread>
  <message>move: ( drop_suicide 6 ) value: 0.0 visited: 33</message>
</record>
<record>
  <date>2013-05-31T21:41:51</date>
  <millis>1370061711088</millis>
  <sequence>85</sequence>
  <logger>game1370061620587</logger>
  <level>INFO</level>
  <class>players.BryceMonteCarloTreeSearch_NoMiniMax_MultiThreaded</class>
  <method>run</method>
  <thread>17</thread>
  <message>move: ( drop_suicide 5 ) value: 50.0 visited: 42</message>
</record>
<record>
  <date>2013-05-31T21:41:51</date>
  <millis>1370061711102</millis>
  <sequence>86</sequence>
  <logger>game1370061620587</logger>
  <level>INFO</level>
  <class>players.BryceMonteCarloTreeSearch_NoMiniMax_MultiThreaded</class>
  <method>run</method>
  <thread>17</thread>
  <message>move: ( drop_suicide 1 ) value: 25.0 visited: 35</message>
</record>
<record>
  <date>2013-05-31T21:41:51</date>
  <millis>1370061711104</millis>
  <sequence>87</sequence>
  <logger>game1370061620587</logger>
  <level>INFO</level>
  <class>players.BryceMonteCarloTreeSearch_NoMiniMax_MultiThreaded</class>
  <method>run</method>
  <thread>17</thread>
  <message>move: ( drop_suicide 4 ) value: 25.0 visited: 35</message>
</record>
<record>
  <date>2013-05-31T21:41:51</date>
  <millis>1370061711105</millis>
  <sequence>88</sequence>
  <logger>game1370061620587</logger>
  <level>INFO</level>
  <class>players.BryceMonteCarloTreeSearch_NoMiniMax_MultiThreaded</class>
  <method>run</method>
  <thread>17</thread>
  <message>move: ( drop_suicide 8 ) value: 0.0 visited: 33</message>
</record>
<record>
  <date>2013-05-31T21:41:51</date>
  <millis>1370061711106</millis>
  <sequence>89</sequence>
  <logger>game1370061620587</logger>
  <level>INFO</level>
  <class>players.BryceMonteCarloTreeSearch_NoMiniMax_MultiThreaded</class>
  <method>run</method>
  <thread>17</thread>
  <message>move: ( drop_suicide 3 ) value: 33.333333333333336 visited: 33</message>
</record>
<record>
  <date>2013-05-31T21:41:52</date>
  <millis>1370061712315</millis>
  <sequence>90</sequence>
  <logger>game1370061620587</logger>
  <level>INFO</level>
  <class>org.ggp.base.player.gamer.statemachine.PlatypusPlayer</class>
  <method>stateMachineSelectMove</method>
  <thread>11</thread>
  <message>--------Best Move after Monte Carlo--------</message>
</record>
<record>
  <date>2013-05-31T21:41:52</date>
  <millis>1370061712316</millis>
  <sequence>91</sequence>
  <logger>game1370061620587</logger>
  <level>INFO</level>
  <class>org.ggp.base.player.gamer.statemachine.PlatypusPlayer</class>
  <method>stateMachineSelectMove</method>
  <thread>11</thread>
  <message>best move: ( drop_suicide 5 )</message>
</record>
<record>
  <date>2013-05-31T21:41:54</date>
  <millis>1370061714835</millis>
  <sequence>92</sequence>
  <logger>game1370061620587</logger>
  <level>INFO</level>
  <class>org.ggp.base.player.gamer.statemachine.PlatypusPlayer</class>
  <method>stateMachineSelectMove</method>
  <thread>11</thread>
  <message>--------Best Move after Minimiax--------</message>
</record>
<record>
  <date>2013-05-31T21:41:54</date>
  <millis>1370061714835</millis>
  <sequence>93</sequence>
  <logger>game1370061620587</logger>
  <level>INFO</level>
  <class>org.ggp.base.player.gamer.statemachine.PlatypusPlayer</class>
  <method>stateMachineSelectMove</method>
  <thread>11</thread>
  <message>Sure move is ( drop_normal 3 )</message>
</record>
<record>
  <date>2013-05-31T21:41:54</date>
  <millis>1370061714835</millis>
  <sequence>94</sequence>
  <logger>game1370061620587</logger>
  <level>INFO</level>
  <class>org.ggp.base.player.gamer.statemachine.PlatypusPlayer</class>
  <method>stateMachineSelectMove</method>
  <thread>11</thread>
  <message>with the sure score of 0.0</message>
</record>
<record>
  <date>2013-05-31T21:41:54</date>
  <millis>1370061714835</millis>
  <sequence>95</sequence>
  <logger>game1370061620587</logger>
  <level>INFO</level>
  <class>org.ggp.base.player.gamer.statemachine.PlatypusPlayer</class>
  <method>stateMachineSelectMove</method>
  <thread>11</thread>
  <message>Starting Monte Carlo</message>
</record>
<record>
  <date>2013-05-31T21:41:54</date>
  <millis>1370061714836</millis>
  <sequence>96</sequence>
  <logger>game1370061620587</logger>
  <level>INFO</level>
  <class>org.ggp.base.player.gamer.statemachine.PlatypusPlayer</class>
  <method>stateMachineSelectMove</method>
  <thread>11</thread>
  <message>PAUSING PLATYPUS FOR 9497</message>
</record>
<record>
  <date>2013-05-31T21:42:04</date>
  <millis>1370061724088</millis>
  <sequence>97</sequence>
  <logger>game1370061620587</logger>
  <level>INFO</level>
  <class>players.BryceMonteCarloTreeSearch_NoMiniMax_MultiThreaded</class>
  <method>run</method>
  <thread>18</thread>
  <message>move: ( drop_normal 3 ) value: 20.0 visited: 52</message>
</record>
<record>
  <date>2013-05-31T21:42:04</date>
  <millis>1370061724093</millis>
  <sequence>98</sequence>
  <logger>game1370061620587</logger>
  <level>INFO</level>
  <class>players.BryceMonteCarloTreeSearch_NoMiniMax_MultiThreaded</class>
  <method>run</method>
  <thread>18</thread>
  <message>move: ( drop_normal 8 ) value: 33.333333333333336 visited: 54</message>
</record>
<record>
  <date>2013-05-31T21:42:04</date>
  <millis>1370061724096</millis>
  <sequence>99</sequence>
  <logger>game1370061620587</logger>
  <level>INFO</level>
  <class>players.BryceMonteCarloTreeSearch_NoMiniMax_MultiThreaded</class>
  <method>run</method>
  <thread>18</thread>
  <message>move: ( drop_normal 7 ) value: 20.0 visited: 46</message>
</record>
<record>
  <date>2013-05-31T21:42:04</date>
  <millis>1370061724098</millis>
  <sequence>100</sequence>
  <logger>game1370061620587</logger>
  <level>INFO</level>
  <class>players.BryceMonteCarloTreeSearch_NoMiniMax_MultiThreaded</class>
  <method>run</method>
  <thread>18</thread>
  <message>move: ( drop_normal 5 ) value: 20.0 visited: 45</message>
</record>
<record>
  <date>2013-05-31T21:42:04</date>
  <millis>1370061724101</millis>
  <sequence>101</sequence>
  <logger>game1370061620587</logger>
  <level>INFO</level>
  <class>players.BryceMonteCarloTreeSearch_NoMiniMax_MultiThreaded</class>
  <method>run</method>
  <thread>18</thread>
  <message>move: ( drop_normal 2 ) value: 20.0 visited: 51</message>
</record>
<record>
  <date>2013-05-31T21:42:04</date>
  <millis>1370061724103</millis>
  <sequence>102</sequence>
  <logger>game1370061620587</logger>
  <level>INFO</level>
  <class>players.BryceMonteCarloTreeSearch_NoMiniMax_MultiThreaded</class>
  <method>run</method>
  <thread>18</thread>
  <message>move: ( drop_normal 6 ) value: 20.0 visited: 45</message>
</record>
<record>
  <date>2013-05-31T21:42:04</date>
  <millis>1370061724105</millis>
  <sequence>103</sequence>
  <logger>game1370061620587</logger>
  <level>INFO</level>
  <class>players.BryceMonteCarloTreeSearch_NoMiniMax_MultiThreaded</class>
  <method>run</method>
  <thread>18</thread>
  <message>move: ( drop_normal 1 ) value: 20.0 visited: 44</message>
</record>
<record>
  <date>2013-05-31T21:42:04</date>
  <millis>1370061724108</millis>
  <sequence>104</sequence>
  <logger>game1370061620587</logger>
  <level>INFO</level>
  <class>players.BryceMonteCarloTreeSearch_NoMiniMax_MultiThreaded</class>
  <method>run</method>
  <thread>18</thread>
  <message>move: ( drop_normal 4 ) value: 57.142857142857146 visited: 77</message>
</record>
<record>
  <date>2013-05-31T21:42:05</date>
  <millis>1370061725333</millis>
  <sequence>105</sequence>
  <logger>game1370061620587</logger>
  <level>INFO</level>
  <class>org.ggp.base.player.gamer.statemachine.PlatypusPlayer</class>
  <method>stateMachineSelectMove</method>
  <thread>11</thread>
  <message>--------Best Move after Monte Carlo--------</message>
</record>
<record>
  <date>2013-05-31T21:42:05</date>
  <millis>1370061725333</millis>
  <sequence>106</sequence>
  <logger>game1370061620587</logger>
  <level>INFO</level>
  <class>org.ggp.base.player.gamer.statemachine.PlatypusPlayer</class>
  <method>stateMachineSelectMove</method>
  <thread>11</thread>
  <message>best move: ( drop_normal 4 )</message>
</record>
<record>
  <date>2013-05-31T21:42:07</date>
  <millis>1370061727842</millis>
  <sequence>107</sequence>
  <logger>game1370061620587</logger>
  <level>INFO</level>
  <class>org.ggp.base.player.gamer.statemachine.PlatypusPlayer</class>
  <method>stateMachineSelectMove</method>
  <thread>11</thread>
  <message>--------Best Move after Minimiax--------</message>
</record>
<record>
  <date>2013-05-31T21:42:07</date>
  <millis>1370061727843</millis>
  <sequence>108</sequence>
  <logger>game1370061620587</logger>
  <level>INFO</level>
  <class>org.ggp.base.player.gamer.statemachine.PlatypusPlayer</class>
  <method>stateMachineSelectMove</method>
  <thread>11</thread>
  <message>Sure move is ( drop_suicide 2 )</message>
</record>
<record>
  <date>2013-05-31T21:42:07</date>
  <millis>1370061727843</millis>
  <sequence>109</sequence>
  <logger>game1370061620587</logger>
  <level>INFO</level>
  <class>org.ggp.base.player.gamer.statemachine.PlatypusPlayer</class>
  <method>stateMachineSelectMove</method>
  <thread>11</thread>
  <message>with the sure score of 0.0</message>
</record>
<record>
  <date>2013-05-31T21:42:07</date>
  <millis>1370061727843</millis>
  <sequence>110</sequence>
  <logger>game1370061620587</logger>
  <level>INFO</level>
  <class>org.ggp.base.player.gamer.statemachine.PlatypusPlayer</class>
  <method>stateMachineSelectMove</method>
  <thread>11</thread>
  <message>Starting Monte Carlo</message>
</record>
<record>
  <date>2013-05-31T21:42:07</date>
  <millis>1370061727843</millis>
  <sequence>111</sequence>
  <logger>game1370061620587</logger>
  <level>INFO</level>
  <class>org.ggp.base.player.gamer.statemachine.PlatypusPlayer</class>
  <method>stateMachineSelectMove</method>
  <thread>11</thread>
  <message>PAUSING PLATYPUS FOR 9499</message>
</record>
<record>
  <date>2013-05-31T21:42:17</date>
  <millis>1370061737097</millis>
  <sequence>112</sequence>
  <logger>game1370061620587</logger>
  <level>INFO</level>
  <class>players.BryceMonteCarloTreeSearch_NoMiniMax_MultiThreaded</class>
  <method>run</method>
  <thread>19</thread>
  <message>move: ( drop_suicide 2 ) value: 33.333333333333336 visited: 40</message>
</record>
<record>
  <date>2013-05-31T21:42:17</date>
  <millis>1370061737113</millis>
  <sequence>113</sequence>
  <logger>game1370061620587</logger>
  <level>INFO</level>
  <class>players.BryceMonteCarloTreeSearch_NoMiniMax_MultiThreaded</class>
  <method>run</method>
  <thread>19</thread>
  <message>move: ( drop_suicide 7 ) value: 50.0 visited: 39</message>
</record>
<record>
  <date>2013-05-31T21:42:17</date>
  <millis>1370061737128</millis>
  <sequence>114</sequence>
  <logger>game1370061620587</logger>
  <level>INFO</level>
  <class>players.BryceMonteCarloTreeSearch_NoMiniMax_MultiThreaded</class>
  <method>run</method>
  <thread>19</thread>
  <message>move: ( drop_suicide 6 ) value: 0.0 visited: 37</message>
</record>
<record>
  <date>2013-05-31T21:42:17</date>
  <millis>1370061737129</millis>
  <sequence>115</sequence>
  <logger>game1370061620587</logger>
  <level>INFO</level>
  <class>players.BryceMonteCarloTreeSearch_NoMiniMax_MultiThreaded</class>
  <method>run</method>
  <thread>19</thread>
  <message>move: ( drop_suicide 5 ) value: 33.333333333333336 visited: 41</message>
</record>
<record>
  <date>2013-05-31T21:42:17</date>
  <millis>1370061737131</millis>
  <sequence>116</sequence>
  <logger>game1370061620587</logger>
  <level>INFO</level>
  <class>players.BryceMonteCarloTreeSearch_NoMiniMax_MultiThreaded</class>
  <method>run</method>
  <thread>19</thread>
  <message>move: ( drop_suicide 1 ) value: 33.333333333333336 visited: 43</message>
</record>
<record>
  <date>2013-05-31T21:42:17</date>
  <millis>1370061737133</millis>
  <sequence>117</sequence>
  <logger>game1370061620587</logger>
  <level>INFO</level>
  <class>players.BryceMonteCarloTreeSearch_NoMiniMax_MultiThreaded</class>
  <method>run</method>
  <thread>19</thread>
  <message>move: ( drop_suicide 4 ) value: 33.333333333333336 visited: 34</message>
</record>
<record>
  <date>2013-05-31T21:42:17</date>
  <millis>1370061737134</millis>
  <sequence>118</sequence>
  <logger>game1370061620587</logger>
  <level>INFO</level>
  <class>players.BryceMonteCarloTreeSearch_NoMiniMax_MultiThreaded</class>
  <method>run</method>
  <thread>19</thread>
  <message>move: ( drop_suicide 8 ) value: 0.0 visited: 38</message>
</record>
<record>
  <date>2013-05-31T21:42:17</date>
  <millis>1370061737136</millis>
  <sequence>119</sequence>
  <logger>game1370061620587</logger>
  <level>INFO</level>
  <class>players.BryceMonteCarloTreeSearch_NoMiniMax_MultiThreaded</class>
  <method>run</method>
  <thread>19</thread>
  <message>move: ( drop_suicide 3 ) value: 33.333333333333336 visited: 45</message>
</record>
<record>
  <date>2013-05-31T21:42:18</date>
  <millis>1370061738342</millis>
  <sequence>120</sequence>
  <logger>game1370061620587</logger>
  <level>INFO</level>
  <class>org.ggp.base.player.gamer.statemachine.PlatypusPlayer</class>
  <method>stateMachineSelectMove</method>
  <thread>11</thread>
  <message>--------Best Move after Monte Carlo--------</message>
</record>
<record>
  <date>2013-05-31T21:42:18</date>
  <millis>1370061738343</millis>
  <sequence>121</sequence>
  <logger>game1370061620587</logger>
  <level>INFO</level>
  <class>org.ggp.base.player.gamer.statemachine.PlatypusPlayer</class>
  <method>stateMachineSelectMove</method>
  <thread>11</thread>
  <message>best move: ( drop_suicide 7 )</message>
</record>
<record>
  <date>2013-05-31T21:42:20</date>
  <millis>1370061740862</millis>
  <sequence>122</sequence>
  <logger>game1370061620587</logger>
  <level>INFO</level>
  <class>org.ggp.base.player.gamer.statemachine.PlatypusPlayer</class>
  <method>stateMachineSelectMove</method>
  <thread>11</thread>
  <message>--------Best Move after Minimiax--------</message>
</record>
<record>
  <date>2013-05-31T21:42:20</date>
  <millis>1370061740862</millis>
  <sequence>123</sequence>
  <logger>game1370061620587</logger>
  <level>INFO</level>
  <class>org.ggp.base.player.gamer.statemachine.PlatypusPlayer</class>
  <method>stateMachineSelectMove</method>
  <thread>11</thread>
  <message>Sure move is ( drop_normal 3 )</message>
</record>
<record>
  <date>2013-05-31T21:42:20</date>
  <millis>1370061740863</millis>
  <sequence>124</sequence>
  <logger>game1370061620587</logger>
  <level>INFO</level>
  <class>org.ggp.base.player.gamer.statemachine.PlatypusPlayer</class>
  <method>stateMachineSelectMove</method>
  <thread>11</thread>
  <message>with the sure score of 0.0</message>
</record>
<record>
  <date>2013-05-31T21:42:20</date>
  <millis>1370061740863</millis>
  <sequence>125</sequence>
  <logger>game1370061620587</logger>
  <level>INFO</level>
  <class>org.ggp.base.player.gamer.statemachine.PlatypusPlayer</class>
  <method>stateMachineSelectMove</method>
  <thread>11</thread>
  <message>Starting Monte Carlo</message>
</record>
<record>
  <date>2013-05-31T21:42:20</date>
  <millis>1370061740863</millis>
  <sequence>126</sequence>
  <logger>game1370061620587</logger>
  <level>INFO</level>
  <class>org.ggp.base.player.gamer.statemachine.PlatypusPlayer</class>
  <method>stateMachineSelectMove</method>
  <thread>11</thread>
  <message>PAUSING PLATYPUS FOR 9498</message>
</record>
<record>
  <date>2013-05-31T21:42:30</date>
  <millis>1370061750116</millis>
  <sequence>127</sequence>
  <logger>game1370061620587</logger>
  <level>INFO</level>
  <class>players.BryceMonteCarloTreeSearch_NoMiniMax_MultiThreaded</class>
  <method>run</method>
  <thread>20</thread>
  <message>move: ( drop_normal 3 ) value: 33.333333333333336 visited: 35</message>
</record>
<record>
  <date>2013-05-31T21:42:30</date>
  <millis>1370061750134</millis>
  <sequence>128</sequence>
  <logger>game1370061620587</logger>
  <level>INFO</level>
  <class>players.BryceMonteCarloTreeSearch_NoMiniMax_MultiThreaded</class>
  <method>run</method>
  <thread>20</thread>
  <message>move: ( drop_normal 8 ) value: 0.0 visited: 33</message>
</record>
<record>
  <date>2013-05-31T21:42:30</date>
  <millis>1370061750135</millis>
  <sequence>129</sequence>
  <logger>game1370061620587</logger>
  <level>INFO</level>
  <class>players.BryceMonteCarloTreeSearch_NoMiniMax_MultiThreaded</class>
  <method>run</method>
  <thread>20</thread>
  <message>move: ( drop_normal 7 ) value: 33.333333333333336 visited: 32</message>
</record>
<record>
  <date>2013-05-31T21:42:30</date>
  <millis>1370061750137</millis>
  <sequence>130</sequence>
  <logger>game1370061620587</logger>
  <level>INFO</level>
  <class>players.BryceMonteCarloTreeSearch_NoMiniMax_MultiThreaded</class>
  <method>run</method>
  <thread>20</thread>
  <message>move: ( drop_normal 5 ) value: 50.0 visited: 33</message>
</record>
<record>
  <date>2013-05-31T21:42:30</date>
  <millis>1370061750151</millis>
  <sequence>131</sequence>
  <logger>game1370061620587</logger>
  <level>INFO</level>
  <class>players.BryceMonteCarloTreeSearch_NoMiniMax_MultiThreaded</class>
  <method>run</method>
  <thread>20</thread>
  <message>move: ( drop_normal 2 ) value: 0.0 visited: 28</message>
</record>
<record>
  <date>2013-05-31T21:42:30</date>
  <millis>1370061750152</millis>
  <sequence>132</sequence>
  <logger>game1370061620587</logger>
  <level>INFO</level>
  <class>players.BryceMonteCarloTreeSearch_NoMiniMax_MultiThreaded</class>
  <method>run</method>
  <thread>20</thread>
  <message>move: ( drop_normal 6 ) value: 0.0 visited: 31</message>
</record>
<record>
  <date>2013-05-31T21:42:30</date>
  <millis>1370061750154</millis>
  <sequence>133</sequence>
  <logger>game1370061620587</logger>
  <level>INFO</level>
  <class>players.BryceMonteCarloTreeSearch_NoMiniMax_MultiThreaded</class>
  <method>run</method>
  <thread>20</thread>
  <message>move: ( drop_normal 1 ) value: 0.0 visited: 26</message>
</record>
<record>
  <date>2013-05-31T21:42:30</date>
  <millis>1370061750155</millis>
  <sequence>134</sequence>
  <logger>game1370061620587</logger>
  <level>INFO</level>
  <class>players.BryceMonteCarloTreeSearch_NoMiniMax_MultiThreaded</class>
  <method>run</method>
  <thread>20</thread>
  <message>move: ( drop_normal 4 ) value: 0.0 visited: 30</message>
</record>
<record>
  <date>2013-05-31T21:42:31</date>
  <millis>1370061751362</millis>
  <sequence>135</sequence>
  <logger>game1370061620587</logger>
  <level>INFO</level>
  <class>org.ggp.base.player.gamer.statemachine.PlatypusPlayer</class>
  <method>stateMachineSelectMove</method>
  <thread>11</thread>
  <message>--------Best Move after Monte Carlo--------</message>
</record>
<record>
  <date>2013-05-31T21:42:31</date>
  <millis>1370061751362</millis>
  <sequence>136</sequence>
  <logger>game1370061620587</logger>
  <level>INFO</level>
  <class>org.ggp.base.player.gamer.statemachine.PlatypusPlayer</class>
  <method>stateMachineSelectMove</method>
  <thread>11</thread>
  <message>best move: ( drop_normal 5 )</message>
</record>
<record>
  <date>2013-05-31T21:42:33</date>
  <millis>1370061753885</millis>
  <sequence>137</sequence>
  <logger>game1370061620587</logger>
  <level>INFO</level>
  <class>org.ggp.base.player.gamer.statemachine.PlatypusPlayer</class>
  <method>stateMachineSelectMove</method>
  <thread>11</thread>
  <message>--------Best Move after Minimiax--------</message>
</record>
<record>
  <date>2013-05-31T21:42:33</date>
  <millis>1370061753885</millis>
  <sequence>138</sequence>
  <logger>game1370061620587</logger>
  <level>INFO</level>
  <class>org.ggp.base.player.gamer.statemachine.PlatypusPlayer</class>
  <method>stateMachineSelectMove</method>
  <thread>11</thread>
  <message>Sure move is ( drop_suicide 2 )</message>
</record>
<record>
  <date>2013-05-31T21:42:33</date>
  <millis>1370061753885</millis>
  <sequence>139</sequence>
  <logger>game1370061620587</logger>
  <level>INFO</level>
  <class>org.ggp.base.player.gamer.statemachine.PlatypusPlayer</class>
  <method>stateMachineSelectMove</method>
  <thread>11</thread>
  <message>with the sure score of 0.0</message>
</record>
<record>
  <date>2013-05-31T21:42:33</date>
  <millis>1370061753885</millis>
  <sequence>140</sequence>
  <logger>game1370061620587</logger>
  <level>INFO</level>
  <class>org.ggp.base.player.gamer.statemachine.PlatypusPlayer</class>
  <method>stateMachineSelectMove</method>
  <thread>11</thread>
  <message>Starting Monte Carlo</message>
</record>
<record>
  <date>2013-05-31T21:42:33</date>
  <millis>1370061753885</millis>
  <sequence>141</sequence>
  <logger>game1370061620587</logger>
  <level>INFO</level>
  <class>org.ggp.base.player.gamer.statemachine.PlatypusPlayer</class>
  <method>stateMachineSelectMove</method>
  <thread>11</thread>
  <message>PAUSING PLATYPUS FOR 9498</message>
</record>
<record>
  <date>2013-05-31T21:42:43</date>
  <millis>1370061763135</millis>
  <sequence>142</sequence>
  <logger>game1370061620587</logger>
  <level>INFO</level>
  <class>players.BryceMonteCarloTreeSearch_NoMiniMax_MultiThreaded</class>
  <method>run</method>
  <thread>21</thread>
  <message>move: ( drop_suicide 2 ) value: 25.0 visited: 40</message>
</record>
<record>
  <date>2013-05-31T21:42:43</date>
  <millis>1370061763151</millis>
  <sequence>143</sequence>
  <logger>game1370061620587</logger>
  <level>INFO</level>
  <class>players.BryceMonteCarloTreeSearch_NoMiniMax_MultiThreaded</class>
  <method>run</method>
  <thread>21</thread>
  <message>move: ( drop_suicide 7 ) value: 0.0 visited: 37</message>
</record>
<record>
  <date>2013-05-31T21:42:43</date>
  <millis>1370061763152</millis>
  <sequence>144</sequence>
  <logger>game1370061620587</logger>
  <level>INFO</level>
  <class>players.BryceMonteCarloTreeSearch_NoMiniMax_MultiThreaded</class>
  <method>run</method>
  <thread>21</thread>
  <message>move: ( drop_suicide 6 ) value: 25.0 visited: 41</message>
</record>
<record>
  <date>2013-05-31T21:42:43</date>
  <millis>1370061763154</millis>
  <sequence>145</sequence>
  <logger>game1370061620587</logger>
  <level>INFO</level>
  <class>players.BryceMonteCarloTreeSearch_NoMiniMax_MultiThreaded</class>
  <method>run</method>
  <thread>21</thread>
  <message>move: ( drop_suicide 5 ) value: 25.0 visited: 38</message>
</record>
<record>
  <date>2013-05-31T21:42:43</date>
  <millis>1370061763156</millis>
  <sequence>146</sequence>
  <logger>game1370061620587</logger>
  <level>INFO</level>
  <class>players.BryceMonteCarloTreeSearch_NoMiniMax_MultiThreaded</class>
  <method>run</method>
  <thread>21</thread>
  <message>move: ( drop_suicide 1 ) value: 0.0 visited: 44</message>
</record>
<record>
  <date>2013-05-31T21:42:43</date>
  <millis>1370061763157</millis>
  <sequence>147</sequence>
  <logger>game1370061620587</logger>
  <level>INFO</level>
  <class>players.BryceMonteCarloTreeSearch_NoMiniMax_MultiThreaded</class>
  <method>run</method>
  <thread>21</thread>
  <message>move: ( drop_suicide 4 ) value: 25.0 visited: 34</message>
</record>
<record>
  <date>2013-05-31T21:42:43</date>
  <millis>1370061763159</millis>
  <sequence>148</sequence>
  <logger>game1370061620587</logger>
  <level>INFO</level>
  <class>players.BryceMonteCarloTreeSearch_NoMiniMax_MultiThreaded</class>
  <method>run</method>
  <thread>21</thread>
  <message>move: ( drop_suicide 8 ) value: 0.0 visited: 37</message>
</record>
<record>
  <date>2013-05-31T21:42:43</date>
  <millis>1370061763160</millis>
  <sequence>149</sequence>
  <logger>game1370061620587</logger>
  <level>INFO</level>
  <class>players.BryceMonteCarloTreeSearch_NoMiniMax_MultiThreaded</class>
  <method>run</method>
  <thread>21</thread>
  <message>move: ( drop_suicide 3 ) value: 33.333333333333336 visited: 42</message>
</record>
<record>
  <date>2013-05-31T21:42:44</date>
  <millis>1370061764383</millis>
  <sequence>150</sequence>
  <logger>game1370061620587</logger>
  <level>INFO</level>
  <class>org.ggp.base.player.gamer.statemachine.PlatypusPlayer</class>
  <method>stateMachineSelectMove</method>
  <thread>11</thread>
  <message>--------Best Move after Monte Carlo--------</message>
</record>
<record>
  <date>2013-05-31T21:42:44</date>
  <millis>1370061764384</millis>
  <sequence>151</sequence>
  <logger>game1370061620587</logger>
  <level>INFO</level>
  <class>org.ggp.base.player.gamer.statemachine.PlatypusPlayer</class>
  <method>stateMachineSelectMove</method>
  <thread>11</thread>
  <message>best move: ( drop_suicide 3 )</message>
</record>
<record>
  <date>2013-05-31T21:42:46</date>
  <millis>1370061766892</millis>
  <sequence>152</sequence>
  <logger>game1370061620587</logger>
  <level>INFO</level>
  <class>org.ggp.base.player.gamer.statemachine.PlatypusPlayer</class>
  <method>stateMachineSelectMove</method>
  <thread>11</thread>
  <message>--------Best Move after Minimiax--------</message>
</record>
<record>
  <date>2013-05-31T21:42:46</date>
  <millis>1370061766892</millis>
  <sequence>153</sequence>
  <logger>game1370061620587</logger>
  <level>INFO</level>
  <class>org.ggp.base.player.gamer.statemachine.PlatypusPlayer</class>
  <method>stateMachineSelectMove</method>
  <thread>11</thread>
  <message>Sure move is ( drop_normal 3 )</message>
</record>
<record>
  <date>2013-05-31T21:42:46</date>
  <millis>1370061766892</millis>
  <sequence>154</sequence>
  <logger>game1370061620587</logger>
  <level>INFO</level>
  <class>org.ggp.base.player.gamer.statemachine.PlatypusPlayer</class>
  <method>stateMachineSelectMove</method>
  <thread>11</thread>
  <message>with the sure score of 0.0</message>
</record>
<record>
  <date>2013-05-31T21:42:46</date>
  <millis>1370061766892</millis>
  <sequence>155</sequence>
  <logger>game1370061620587</logger>
  <level>INFO</level>
  <class>org.ggp.base.player.gamer.statemachine.PlatypusPlayer</class>
  <method>stateMachineSelectMove</method>
  <thread>11</thread>
  <message>Starting Monte Carlo</message>
</record>
<record>
  <date>2013-05-31T21:42:46</date>
  <millis>1370061766893</millis>
  <sequence>156</sequence>
  <logger>game1370061620587</logger>
  <level>INFO</level>
  <class>org.ggp.base.player.gamer.statemachine.PlatypusPlayer</class>
  <method>stateMachineSelectMove</method>
  <thread>11</thread>
  <message>PAUSING PLATYPUS FOR 9498</message>
</record>
<record>
  <date>2013-05-31T21:42:56</date>
  <millis>1370061776146</millis>
  <sequence>157</sequence>
  <logger>game1370061620587</logger>
  <level>INFO</level>
  <class>players.BryceMonteCarloTreeSearch_NoMiniMax_MultiThreaded</class>
  <method>run</method>
  <thread>22</thread>
  <message>move: ( drop_normal 3 ) value: 50.0 visited: 48</message>
</record>
<record>
  <date>2013-05-31T21:42:56</date>
  <millis>1370061776170</millis>
  <sequence>158</sequence>
  <logger>game1370061620587</logger>
  <level>INFO</level>
  <class>players.BryceMonteCarloTreeSearch_NoMiniMax_MultiThreaded</class>
  <method>run</method>
  <thread>22</thread>
  <message>move: ( drop_normal 8 ) value: 50.0 visited: 46</message>
</record>
<record>
  <date>2013-05-31T21:42:56</date>
  <millis>1370061776171</millis>
  <sequence>159</sequence>
  <logger>game1370061620587</logger>
  <level>INFO</level>
  <class>players.BryceMonteCarloTreeSearch_NoMiniMax_MultiThreaded</class>
  <method>run</method>
  <thread>22</thread>
  <message>move: ( drop_normal 7 ) value: 60.0 visited: 53</message>
</record>
<record>
  <date>2013-05-31T21:42:56</date>
  <millis>1370061776193</millis>
  <sequence>160</sequence>
  <logger>game1370061620587</logger>
  <level>INFO</level>
  <class>players.BryceMonteCarloTreeSearch_NoMiniMax_MultiThreaded</class>
  <method>run</method>
  <thread>22</thread>
  <message>move: ( drop_normal 5 ) value: 50.0 visited: 50</message>
</record>
<record>
  <date>2013-05-31T21:42:56</date>
  <millis>1370061776197</millis>
  <sequence>161</sequence>
  <logger>game1370061620587</logger>
  <level>INFO</level>
  <class>players.BryceMonteCarloTreeSearch_NoMiniMax_MultiThreaded</class>
  <method>run</method>
  <thread>22</thread>
  <message>move: ( drop_normal 2 ) value: 50.0 visited: 46</message>
</record>
<record>
  <date>2013-05-31T21:42:56</date>
  <millis>1370061776199</millis>
  <sequence>162</sequence>
  <logger>game1370061620587</logger>
  <level>INFO</level>
  <class>players.BryceMonteCarloTreeSearch_NoMiniMax_MultiThreaded</class>
  <method>run</method>
  <thread>22</thread>
  <message>move: ( drop_normal 6 ) value: 60.0 visited: 54</message>
</record>
<record>
  <date>2013-05-31T21:42:56</date>
  <millis>1370061776201</millis>
  <sequence>163</sequence>
  <logger>game1370061620587</logger>
  <level>INFO</level>
  <class>players.BryceMonteCarloTreeSearch_NoMiniMax_MultiThreaded</class>
  <method>run</method>
  <thread>22</thread>
  <message>move: ( drop_normal 1 ) value: 25.0 visited: 40</message>
</record>
<record>
  <date>2013-05-31T21:42:56</date>
  <millis>1370061776203</millis>
  <sequence>164</sequence>
  <logger>game1370061620587</logger>
  <level>INFO</level>
  <class>players.BryceMonteCarloTreeSearch_NoMiniMax_MultiThreaded</class>
  <method>run</method>
  <thread>22</thread>
  <message>move: ( drop_normal 4 ) value: 50.0 visited: 49</message>
</record>
<record>
  <date>2013-05-31T21:42:57</date>
  <millis>1370061777391</millis>
  <sequence>165</sequence>
  <logger>game1370061620587</logger>
  <level>INFO</level>
  <class>org.ggp.base.player.gamer.statemachine.PlatypusPlayer</class>
  <method>stateMachineSelectMove</method>
  <thread>11</thread>
  <message>--------Best Move after Monte Carlo--------</message>
</record>
<record>
  <date>2013-05-31T21:42:57</date>
  <millis>1370061777391</millis>
  <sequence>166</sequence>
  <logger>game1370061620587</logger>
  <level>INFO</level>
  <class>org.ggp.base.player.gamer.statemachine.PlatypusPlayer</class>
  <method>stateMachineSelectMove</method>
  <thread>11</thread>
  <message>best move: ( drop_normal 7 )</message>
</record>
</log>
