<?xml version="1.0" encoding="UTF-8" standalone="no"?>
<!DOCTYPE log SYSTEM "logger.dtd">
<log>
<record>
  <date>2013-05-31T21:31:33</date>
  <millis>1370061093566</millis>
  <sequence>0</sequence>
  <logger>game1370061093563</logger>
  <level>INFO</level>
  <class>platypus.logging.PlatypusLogger</class>
  <method>getLogger</method>
  <thread>10</thread>
  <message>Added FileHandler to Logger</message>
</record>
<record>
  <date>2013-05-31T21:31:47</date>
  <millis>1370061107423</millis>
  <sequence>2</sequence>
  <logger>game1370061093563</logger>
  <level>INFO</level>
  <class>org.ggp.base.player.gamer.statemachine.PlatypusPlayer</class>
  <method>stateMachineSelectMove</method>
  <thread>11</thread>
  <message>--------Best Move after Minimiax--------</message>
</record>
<record>
  <date>2013-05-31T21:31:47</date>
  <millis>1370061107423</millis>
  <sequence>3</sequence>
  <logger>game1370061093563</logger>
  <level>INFO</level>
  <class>org.ggp.base.player.gamer.statemachine.PlatypusPlayer</class>
  <method>stateMachineSelectMove</method>
  <thread>11</thread>
  <message>Sure move is ( c 5 )</message>
</record>
<record>
  <date>2013-05-31T21:31:47</date>
  <millis>1370061107423</millis>
  <sequence>4</sequence>
  <logger>game1370061093563</logger>
  <level>INFO</level>
  <class>org.ggp.base.player.gamer.statemachine.PlatypusPlayer</class>
  <method>stateMachineSelectMove</method>
  <thread>11</thread>
  <message>with the sure score of 0.0</message>
</record>
<record>
  <date>2013-05-31T21:31:47</date>
  <millis>1370061107423</millis>
  <sequence>5</sequence>
  <logger>game1370061093563</logger>
  <level>INFO</level>
  <class>org.ggp.base.player.gamer.statemachine.PlatypusPlayer</class>
  <method>stateMachineSelectMove</method>
  <thread>11</thread>
  <message>Starting Monte Carlo</message>
</record>
<record>
  <date>2013-05-31T21:31:47</date>
  <millis>1370061107424</millis>
  <sequence>6</sequence>
  <logger>game1370061093563</logger>
  <level>INFO</level>
  <class>org.ggp.base.player.gamer.statemachine.PlatypusPlayer</class>
  <method>stateMachineSelectMove</method>
  <thread>11</thread>
  <message>PAUSING PLATYPUS FOR 9498</message>
</record>
<record>
  <date>2013-05-31T21:31:56</date>
  <millis>1370061116673</millis>
  <sequence>7</sequence>
  <logger>game1370061093563</logger>
  <level>INFO</level>
  <class>players.BryceMonteCarloTreeSearch_NoMiniMax_MultiThreaded</class>
  <method>run</method>
  <thread>12</thread>
  <message>move: ( c 5 ) value: 0.0 visited: 2223</message>
</record>
<record>
  <date>2013-05-31T21:31:56</date>
  <millis>1370061116674</millis>
  <sequence>8</sequence>
  <logger>game1370061093563</logger>
  <level>INFO</level>
  <class>players.BryceMonteCarloTreeSearch_NoMiniMax_MultiThreaded</class>
  <method>run</method>
  <thread>12</thread>
  <message>move: ( b 7 ) value: 0.0 visited: 2223</message>
</record>
<record>
  <date>2013-05-31T21:31:56</date>
  <millis>1370061116674</millis>
  <sequence>9</sequence>
  <logger>game1370061093563</logger>
  <level>INFO</level>
  <class>players.BryceMonteCarloTreeSearch_NoMiniMax_MultiThreaded</class>
  <method>run</method>
  <thread>12</thread>
  <message>move: ( a 1 ) value: 0.0 visited: 2220</message>
</record>
<record>
  <date>2013-05-31T21:31:56</date>
  <millis>1370061116675</millis>
  <sequence>10</sequence>
  <logger>game1370061093563</logger>
  <level>INFO</level>
  <class>players.BryceMonteCarloTreeSearch_NoMiniMax_MultiThreaded</class>
  <method>run</method>
  <thread>12</thread>
  <message>move: ( b 8 ) value: 0.0 visited: 2223</message>
</record>
<record>
  <date>2013-05-31T21:31:56</date>
  <millis>1370061116675</millis>
  <sequence>11</sequence>
  <logger>game1370061093563</logger>
  <level>INFO</level>
  <class>players.BryceMonteCarloTreeSearch_NoMiniMax_MultiThreaded</class>
  <method>run</method>
  <thread>12</thread>
  <message>move: ( c 8 ) value: 0.0 visited: 2223</message>
</record>
<record>
  <date>2013-05-31T21:31:56</date>
  <millis>1370061116675</millis>
  <sequence>12</sequence>
  <logger>game1370061093563</logger>
  <level>INFO</level>
  <class>players.BryceMonteCarloTreeSearch_NoMiniMax_MultiThreaded</class>
  <method>run</method>
  <thread>12</thread>
  <message>move: ( a 9 ) value: 0.0 visited: 2221</message>
</record>
<record>
  <date>2013-05-31T21:31:56</date>
  <millis>1370061116676</millis>
  <sequence>13</sequence>
  <logger>game1370061093563</logger>
  <level>INFO</level>
  <class>players.BryceMonteCarloTreeSearch_NoMiniMax_MultiThreaded</class>
  <method>run</method>
  <thread>12</thread>
  <message>move: ( a 3 ) value: 0.0 visited: 2220</message>
</record>
<record>
  <date>2013-05-31T21:31:56</date>
  <millis>1370061116676</millis>
  <sequence>14</sequence>
  <logger>game1370061093563</logger>
  <level>INFO</level>
  <class>players.BryceMonteCarloTreeSearch_NoMiniMax_MultiThreaded</class>
  <method>run</method>
  <thread>12</thread>
  <message>move: ( c 2 ) value: 0.0 visited: 2223</message>
</record>
<record>
  <date>2013-05-31T21:31:56</date>
  <millis>1370061116677</millis>
  <sequence>15</sequence>
  <logger>game1370061093563</logger>
  <level>INFO</level>
  <class>players.BryceMonteCarloTreeSearch_NoMiniMax_MultiThreaded</class>
  <method>run</method>
  <thread>12</thread>
  <message>move: ( a 5 ) value: 0.0 visited: 2220</message>
</record>
<record>
  <date>2013-05-31T21:31:56</date>
  <millis>1370061116677</millis>
  <sequence>16</sequence>
  <logger>game1370061093563</logger>
  <level>INFO</level>
  <class>players.BryceMonteCarloTreeSearch_NoMiniMax_MultiThreaded</class>
  <method>run</method>
  <thread>12</thread>
  <message>move: ( a 2 ) value: 0.0 visited: 2220</message>
</record>
<record>
  <date>2013-05-31T21:31:56</date>
  <millis>1370061116677</millis>
  <sequence>17</sequence>
  <logger>game1370061093563</logger>
  <level>INFO</level>
  <class>players.BryceMonteCarloTreeSearch_NoMiniMax_MultiThreaded</class>
  <method>run</method>
  <thread>12</thread>
  <message>move: ( c 6 ) value: 0.0 visited: 2223</message>
</record>
<record>
  <date>2013-05-31T21:31:56</date>
  <millis>1370061116677</millis>
  <sequence>18</sequence>
  <logger>game1370061093563</logger>
  <level>INFO</level>
  <class>players.BryceMonteCarloTreeSearch_NoMiniMax_MultiThreaded</class>
  <method>run</method>
  <thread>12</thread>
  <message>move: ( b 3 ) value: 0.0 visited: 2223</message>
</record>
<record>
  <date>2013-05-31T21:31:56</date>
  <millis>1370061116677</millis>
  <sequence>19</sequence>
  <logger>game1370061093563</logger>
  <level>INFO</level>
  <class>players.BryceMonteCarloTreeSearch_NoMiniMax_MultiThreaded</class>
  <method>run</method>
  <thread>12</thread>
  <message>move: ( c 9 ) value: 0.0 visited: 2223</message>
</record>
<record>
  <date>2013-05-31T21:31:56</date>
  <millis>1370061116677</millis>
  <sequence>20</sequence>
  <logger>game1370061093563</logger>
  <level>INFO</level>
  <class>players.BryceMonteCarloTreeSearch_NoMiniMax_MultiThreaded</class>
  <method>run</method>
  <thread>12</thread>
  <message>move: ( b 9 ) value: 0.0 visited: 2223</message>
</record>
<record>
  <date>2013-05-31T21:31:56</date>
  <millis>1370061116678</millis>
  <sequence>21</sequence>
  <logger>game1370061093563</logger>
  <level>INFO</level>
  <class>players.BryceMonteCarloTreeSearch_NoMiniMax_MultiThreaded</class>
  <method>run</method>
  <thread>12</thread>
  <message>move: ( a 6 ) value: 0.0 visited: 2221</message>
</record>
<record>
  <date>2013-05-31T21:31:56</date>
  <millis>1370061116678</millis>
  <sequence>22</sequence>
  <logger>game1370061093563</logger>
  <level>INFO</level>
  <class>players.BryceMonteCarloTreeSearch_NoMiniMax_MultiThreaded</class>
  <method>run</method>
  <thread>12</thread>
  <message>move: ( a 4 ) value: 0.0 visited: 2221</message>
</record>
<record>
  <date>2013-05-31T21:31:56</date>
  <millis>1370061116678</millis>
  <sequence>23</sequence>
  <logger>game1370061093563</logger>
  <level>INFO</level>
  <class>players.BryceMonteCarloTreeSearch_NoMiniMax_MultiThreaded</class>
  <method>run</method>
  <thread>12</thread>
  <message>move: ( b 4 ) value: 0.0 visited: 2223</message>
</record>
<record>
  <date>2013-05-31T21:31:56</date>
  <millis>1370061116678</millis>
  <sequence>24</sequence>
  <logger>game1370061093563</logger>
  <level>INFO</level>
  <class>players.BryceMonteCarloTreeSearch_NoMiniMax_MultiThreaded</class>
  <method>run</method>
  <thread>12</thread>
  <message>move: ( a 8 ) value: 0.0 visited: 2220</message>
</record>
<record>
  <date>2013-05-31T21:31:56</date>
  <millis>1370061116678</millis>
  <sequence>25</sequence>
  <logger>game1370061093563</logger>
  <level>INFO</level>
  <class>players.BryceMonteCarloTreeSearch_NoMiniMax_MultiThreaded</class>
  <method>run</method>
  <thread>12</thread>
  <message>move: ( b 6 ) value: 0.0 visited: 2223</message>
</record>
<record>
  <date>2013-05-31T21:31:56</date>
  <millis>1370061116678</millis>
  <sequence>26</sequence>
  <logger>game1370061093563</logger>
  <level>INFO</level>
  <class>players.BryceMonteCarloTreeSearch_NoMiniMax_MultiThreaded</class>
  <method>run</method>
  <thread>12</thread>
  <message>move: ( c 3 ) value: 0.0 visited: 2223</message>
</record>
<record>
  <date>2013-05-31T21:31:56</date>
  <millis>1370061116678</millis>
  <sequence>27</sequence>
  <logger>game1370061093563</logger>
  <level>INFO</level>
  <class>players.BryceMonteCarloTreeSearch_NoMiniMax_MultiThreaded</class>
  <method>run</method>
  <thread>12</thread>
  <message>move: ( c 7 ) value: 0.0 visited: 2223</message>
</record>
<record>
  <date>2013-05-31T21:31:56</date>
  <millis>1370061116679</millis>
  <sequence>28</sequence>
  <logger>game1370061093563</logger>
  <level>INFO</level>
  <class>players.BryceMonteCarloTreeSearch_NoMiniMax_MultiThreaded</class>
  <method>run</method>
  <thread>12</thread>
  <message>move: ( b 2 ) value: 0.0 visited: 2223</message>
</record>
<record>
  <date>2013-05-31T21:31:56</date>
  <millis>1370061116679</millis>
  <sequence>29</sequence>
  <logger>game1370061093563</logger>
  <level>INFO</level>
  <class>players.BryceMonteCarloTreeSearch_NoMiniMax_MultiThreaded</class>
  <method>run</method>
  <thread>12</thread>
  <message>move: ( c 1 ) value: 0.0 visited: 2223</message>
</record>
<record>
  <date>2013-05-31T21:31:56</date>
  <millis>1370061116679</millis>
  <sequence>30</sequence>
  <logger>game1370061093563</logger>
  <level>INFO</level>
  <class>players.BryceMonteCarloTreeSearch_NoMiniMax_MultiThreaded</class>
  <method>run</method>
  <thread>12</thread>
  <message>move: ( b 5 ) value: 0.0 visited: 2223</message>
</record>
<record>
  <date>2013-05-31T21:31:56</date>
  <millis>1370061116679</millis>
  <sequence>31</sequence>
  <logger>game1370061093563</logger>
  <level>INFO</level>
  <class>players.BryceMonteCarloTreeSearch_NoMiniMax_MultiThreaded</class>
  <method>run</method>
  <thread>12</thread>
  <message>move: ( a 7 ) value: 0.0 visited: 2219</message>
</record>
<record>
  <date>2013-05-31T21:31:56</date>
  <millis>1370061116679</millis>
  <sequence>32</sequence>
  <logger>game1370061093563</logger>
  <level>INFO</level>
  <class>players.BryceMonteCarloTreeSearch_NoMiniMax_MultiThreaded</class>
  <method>run</method>
  <thread>12</thread>
  <message>move: ( c 4 ) value: 0.0 visited: 2223</message>
</record>
<record>
  <date>2013-05-31T21:31:56</date>
  <millis>1370061116679</millis>
  <sequence>33</sequence>
  <logger>game1370061093563</logger>
  <level>INFO</level>
  <class>players.BryceMonteCarloTreeSearch_NoMiniMax_MultiThreaded</class>
  <method>run</method>
  <thread>12</thread>
  <message>move: ( b 1 ) value: 0.0 visited: 2223</message>
</record>
<record>
  <date>2013-05-31T21:31:57</date>
  <millis>1370061117922</millis>
  <sequence>34</sequence>
  <logger>game1370061093563</logger>
  <level>INFO</level>
  <class>org.ggp.base.player.gamer.statemachine.PlatypusPlayer</class>
  <method>stateMachineSelectMove</method>
  <thread>11</thread>
  <message>--------Best Move after Monte Carlo--------</message>
</record>
<record>
  <date>2013-05-31T21:32:00</date>
  <millis>1370061120434</millis>
  <sequence>35</sequence>
  <logger>game1370061093563</logger>
  <level>INFO</level>
  <class>org.ggp.base.player.gamer.statemachine.PlatypusPlayer</class>
  <method>stateMachineSelectMove</method>
  <thread>11</thread>
  <message>--------Best Move after Minimiax--------</message>
</record>
<record>
  <date>2013-05-31T21:32:00</date>
  <millis>1370061120434</millis>
  <sequence>36</sequence>
  <logger>game1370061093563</logger>
  <level>INFO</level>
  <class>org.ggp.base.player.gamer.statemachine.PlatypusPlayer</class>
  <method>stateMachineSelectMove</method>
  <thread>11</thread>
  <message>Sure move is ( c 5 )</message>
</record>
<record>
  <date>2013-05-31T21:32:00</date>
  <millis>1370061120434</millis>
  <sequence>37</sequence>
  <logger>game1370061093563</logger>
  <level>INFO</level>
  <class>org.ggp.base.player.gamer.statemachine.PlatypusPlayer</class>
  <method>stateMachineSelectMove</method>
  <thread>11</thread>
  <message>with the sure score of 0.0</message>
</record>
<record>
  <date>2013-05-31T21:32:00</date>
  <millis>1370061120434</millis>
  <sequence>38</sequence>
  <logger>game1370061093563</logger>
  <level>INFO</level>
  <class>org.ggp.base.player.gamer.statemachine.PlatypusPlayer</class>
  <method>stateMachineSelectMove</method>
  <thread>11</thread>
  <message>Starting Monte Carlo</message>
</record>
<record>
  <date>2013-05-31T21:32:00</date>
  <millis>1370061120435</millis>
  <sequence>39</sequence>
  <logger>game1370061093563</logger>
  <level>INFO</level>
  <class>org.ggp.base.player.gamer.statemachine.PlatypusPlayer</class>
  <method>stateMachineSelectMove</method>
  <thread>11</thread>
  <message>PAUSING PLATYPUS FOR 9498</message>
</record>
<record>
  <date>2013-05-31T21:32:09</date>
  <millis>1370061129885</millis>
  <sequence>40</sequence>
  <logger>game1370061093563</logger>
  <level>INFO</level>
  <class>players.BryceMonteCarloTreeSearch_NoMiniMax_MultiThreaded</class>
  <method>run</method>
  <thread>13</thread>
  <message>move: ( c 5 ) value: 0.0 visited: 2122</message>
</record>
<record>
  <date>2013-05-31T21:32:09</date>
  <millis>1370061129886</millis>
  <sequence>41</sequence>
  <logger>game1370061093563</logger>
  <level>INFO</level>
  <class>players.BryceMonteCarloTreeSearch_NoMiniMax_MultiThreaded</class>
  <method>run</method>
  <thread>13</thread>
  <message>move: ( b 7 ) value: 0.0 visited: 2120</message>
</record>
<record>
  <date>2013-05-31T21:32:09</date>
  <millis>1370061129886</millis>
  <sequence>42</sequence>
  <logger>game1370061093563</logger>
  <level>INFO</level>
  <class>players.BryceMonteCarloTreeSearch_NoMiniMax_MultiThreaded</class>
  <method>run</method>
  <thread>13</thread>
  <message>move: ( a 1 ) value: 0.0 visited: 2120</message>
</record>
<record>
  <date>2013-05-31T21:32:09</date>
  <millis>1370061129886</millis>
  <sequence>43</sequence>
  <logger>game1370061093563</logger>
  <level>INFO</level>
  <class>players.BryceMonteCarloTreeSearch_NoMiniMax_MultiThreaded</class>
  <method>run</method>
  <thread>13</thread>
  <message>move: ( b 8 ) value: 0.0 visited: 2122</message>
</record>
<record>
  <date>2013-05-31T21:32:09</date>
  <millis>1370061129886</millis>
  <sequence>44</sequence>
  <logger>game1370061093563</logger>
  <level>INFO</level>
  <class>players.BryceMonteCarloTreeSearch_NoMiniMax_MultiThreaded</class>
  <method>run</method>
  <thread>13</thread>
  <message>move: ( c 8 ) value: 0.0 visited: 2122</message>
</record>
<record>
  <date>2013-05-31T21:32:09</date>
  <millis>1370061129887</millis>
  <sequence>45</sequence>
  <logger>game1370061093563</logger>
  <level>INFO</level>
  <class>players.BryceMonteCarloTreeSearch_NoMiniMax_MultiThreaded</class>
  <method>run</method>
  <thread>13</thread>
  <message>move: ( a 9 ) value: 0.0 visited: 2119</message>
</record>
<record>
  <date>2013-05-31T21:32:09</date>
  <millis>1370061129887</millis>
  <sequence>46</sequence>
  <logger>game1370061093563</logger>
  <level>INFO</level>
  <class>players.BryceMonteCarloTreeSearch_NoMiniMax_MultiThreaded</class>
  <method>run</method>
  <thread>13</thread>
  <message>move: ( a 3 ) value: 0.0 visited: 2118</message>
</record>
<record>
  <date>2013-05-31T21:32:09</date>
  <millis>1370061129887</millis>
  <sequence>47</sequence>
  <logger>game1370061093563</logger>
  <level>INFO</level>
  <class>players.BryceMonteCarloTreeSearch_NoMiniMax_MultiThreaded</class>
  <method>run</method>
  <thread>13</thread>
  <message>move: ( c 2 ) value: 0.0 visited: 2122</message>
</record>
<record>
  <date>2013-05-31T21:32:09</date>
  <millis>1370061129887</millis>
  <sequence>48</sequence>
  <logger>game1370061093563</logger>
  <level>INFO</level>
  <class>players.BryceMonteCarloTreeSearch_NoMiniMax_MultiThreaded</class>
  <method>run</method>
  <thread>13</thread>
  <message>move: ( a 5 ) value: 0.0 visited: 2118</message>
</record>
<record>
  <date>2013-05-31T21:32:09</date>
  <millis>1370061129887</millis>
  <sequence>49</sequence>
  <logger>game1370061093563</logger>
  <level>INFO</level>
  <class>players.BryceMonteCarloTreeSearch_NoMiniMax_MultiThreaded</class>
  <method>run</method>
  <thread>13</thread>
  <message>move: ( a 2 ) value: 0.0 visited: 2118</message>
</record>
<record>
  <date>2013-05-31T21:32:09</date>
  <millis>1370061129888</millis>
  <sequence>50</sequence>
  <logger>game1370061093563</logger>
  <level>INFO</level>
  <class>players.BryceMonteCarloTreeSearch_NoMiniMax_MultiThreaded</class>
  <method>run</method>
  <thread>13</thread>
  <message>move: ( c 6 ) value: 0.0 visited: 2122</message>
</record>
<record>
  <date>2013-05-31T21:32:09</date>
  <millis>1370061129888</millis>
  <sequence>51</sequence>
  <logger>game1370061093563</logger>
  <level>INFO</level>
  <class>players.BryceMonteCarloTreeSearch_NoMiniMax_MultiThreaded</class>
  <method>run</method>
  <thread>13</thread>
  <message>move: ( b 3 ) value: 0.0 visited: 2122</message>
</record>
<record>
  <date>2013-05-31T21:32:09</date>
  <millis>1370061129888</millis>
  <sequence>52</sequence>
  <logger>game1370061093563</logger>
  <level>INFO</level>
  <class>players.BryceMonteCarloTreeSearch_NoMiniMax_MultiThreaded</class>
  <method>run</method>
  <thread>13</thread>
  <message>move: ( c 9 ) value: 0.0 visited: 2122</message>
</record>
<record>
  <date>2013-05-31T21:32:09</date>
  <millis>1370061129888</millis>
  <sequence>53</sequence>
  <logger>game1370061093563</logger>
  <level>INFO</level>
  <class>players.BryceMonteCarloTreeSearch_NoMiniMax_MultiThreaded</class>
  <method>run</method>
  <thread>13</thread>
  <message>move: ( b 9 ) value: 0.0 visited: 2122</message>
</record>
<record>
  <date>2013-05-31T21:32:09</date>
  <millis>1370061129888</millis>
  <sequence>54</sequence>
  <logger>game1370061093563</logger>
  <level>INFO</level>
  <class>players.BryceMonteCarloTreeSearch_NoMiniMax_MultiThreaded</class>
  <method>run</method>
  <thread>13</thread>
  <message>move: ( a 6 ) value: 0.0 visited: 2119</message>
</record>
<record>
  <date>2013-05-31T21:32:09</date>
  <millis>1370061129889</millis>
  <sequence>55</sequence>
  <logger>game1370061093563</logger>
  <level>INFO</level>
  <class>players.BryceMonteCarloTreeSearch_NoMiniMax_MultiThreaded</class>
  <method>run</method>
  <thread>13</thread>
  <message>move: ( a 4 ) value: 0.0 visited: 2119</message>
</record>
<record>
  <date>2013-05-31T21:32:09</date>
  <millis>1370061129889</millis>
  <sequence>56</sequence>
  <logger>game1370061093563</logger>
  <level>INFO</level>
  <class>players.BryceMonteCarloTreeSearch_NoMiniMax_MultiThreaded</class>
  <method>run</method>
  <thread>13</thread>
  <message>move: ( b 4 ) value: 0.0 visited: 2122</message>
</record>
<record>
  <date>2013-05-31T21:32:09</date>
  <millis>1370061129889</millis>
  <sequence>57</sequence>
  <logger>game1370061093563</logger>
  <level>INFO</level>
  <class>players.BryceMonteCarloTreeSearch_NoMiniMax_MultiThreaded</class>
  <method>run</method>
  <thread>13</thread>
  <message>move: ( a 8 ) value: 0.0 visited: 2119</message>
</record>
<record>
  <date>2013-05-31T21:32:09</date>
  <millis>1370061129889</millis>
  <sequence>58</sequence>
  <logger>game1370061093563</logger>
  <level>INFO</level>
  <class>players.BryceMonteCarloTreeSearch_NoMiniMax_MultiThreaded</class>
  <method>run</method>
  <thread>13</thread>
  <message>move: ( b 6 ) value: 0.0 visited: 2122</message>
</record>
<record>
  <date>2013-05-31T21:32:09</date>
  <millis>1370061129890</millis>
  <sequence>59</sequence>
  <logger>game1370061093563</logger>
  <level>INFO</level>
  <class>players.BryceMonteCarloTreeSearch_NoMiniMax_MultiThreaded</class>
  <method>run</method>
  <thread>13</thread>
  <message>move: ( c 3 ) value: 0.0 visited: 2122</message>
</record>
<record>
  <date>2013-05-31T21:32:09</date>
  <millis>1370061129890</millis>
  <sequence>60</sequence>
  <logger>game1370061093563</logger>
  <level>INFO</level>
  <class>players.BryceMonteCarloTreeSearch_NoMiniMax_MultiThreaded</class>
  <method>run</method>
  <thread>13</thread>
  <message>move: ( c 7 ) value: 0.0 visited: 2122</message>
</record>
<record>
  <date>2013-05-31T21:32:09</date>
  <millis>1370061129890</millis>
  <sequence>61</sequence>
  <logger>game1370061093563</logger>
  <level>INFO</level>
  <class>players.BryceMonteCarloTreeSearch_NoMiniMax_MultiThreaded</class>
  <method>run</method>
  <thread>13</thread>
  <message>move: ( b 2 ) value: 0.0 visited: 2122</message>
</record>
<record>
  <date>2013-05-31T21:32:09</date>
  <millis>1370061129890</millis>
  <sequence>62</sequence>
  <logger>game1370061093563</logger>
  <level>INFO</level>
  <class>players.BryceMonteCarloTreeSearch_NoMiniMax_MultiThreaded</class>
  <method>run</method>
  <thread>13</thread>
  <message>move: ( c 1 ) value: 0.0 visited: 2122</message>
</record>
<record>
  <date>2013-05-31T21:32:09</date>
  <millis>1370061129890</millis>
  <sequence>63</sequence>
  <logger>game1370061093563</logger>
  <level>INFO</level>
  <class>players.BryceMonteCarloTreeSearch_NoMiniMax_MultiThreaded</class>
  <method>run</method>
  <thread>13</thread>
  <message>move: ( b 5 ) value: 0.0 visited: 2122</message>
</record>
<record>
  <date>2013-05-31T21:32:09</date>
  <millis>1370061129891</millis>
  <sequence>64</sequence>
  <logger>game1370061093563</logger>
  <level>INFO</level>
  <class>players.BryceMonteCarloTreeSearch_NoMiniMax_MultiThreaded</class>
  <method>run</method>
  <thread>13</thread>
  <message>move: ( a 7 ) value: 0.0 visited: 2119</message>
</record>
<record>
  <date>2013-05-31T21:32:09</date>
  <millis>1370061129891</millis>
  <sequence>65</sequence>
  <logger>game1370061093563</logger>
  <level>INFO</level>
  <class>players.BryceMonteCarloTreeSearch_NoMiniMax_MultiThreaded</class>
  <method>run</method>
  <thread>13</thread>
  <message>move: ( c 4 ) value: 0.0 visited: 2122</message>
</record>
<record>
  <date>2013-05-31T21:32:09</date>
  <millis>1370061129891</millis>
  <sequence>66</sequence>
  <logger>game1370061093563</logger>
  <level>INFO</level>
  <class>players.BryceMonteCarloTreeSearch_NoMiniMax_MultiThreaded</class>
  <method>run</method>
  <thread>13</thread>
  <message>move: ( b 1 ) value: 0.0 visited: 2122</message>
</record>
<record>
  <date>2013-05-31T21:32:10</date>
  <millis>1370061130933</millis>
  <sequence>67</sequence>
  <logger>game1370061093563</logger>
  <level>INFO</level>
  <class>org.ggp.base.player.gamer.statemachine.PlatypusPlayer</class>
  <method>stateMachineSelectMove</method>
  <thread>11</thread>
  <message>--------Best Move after Monte Carlo--------</message>
</record>
<record>
  <date>2013-05-31T21:32:13</date>
  <millis>1370061133439</millis>
  <sequence>68</sequence>
  <logger>game1370061093563</logger>
  <level>INFO</level>
  <class>org.ggp.base.player.gamer.statemachine.PlatypusPlayer</class>
  <method>stateMachineSelectMove</method>
  <thread>11</thread>
  <message>--------Best Move after Minimiax--------</message>
</record>
<record>
  <date>2013-05-31T21:32:13</date>
  <millis>1370061133439</millis>
  <sequence>69</sequence>
  <logger>game1370061093563</logger>
  <level>INFO</level>
  <class>org.ggp.base.player.gamer.statemachine.PlatypusPlayer</class>
  <method>stateMachineSelectMove</method>
  <thread>11</thread>
  <message>Sure move is ( c 5 )</message>
</record>
<record>
  <date>2013-05-31T21:32:13</date>
  <millis>1370061133439</millis>
  <sequence>70</sequence>
  <logger>game1370061093563</logger>
  <level>INFO</level>
  <class>org.ggp.base.player.gamer.statemachine.PlatypusPlayer</class>
  <method>stateMachineSelectMove</method>
  <thread>11</thread>
  <message>with the sure score of 0.0</message>
</record>
<record>
  <date>2013-05-31T21:32:13</date>
  <millis>1370061133439</millis>
  <sequence>71</sequence>
  <logger>game1370061093563</logger>
  <level>INFO</level>
  <class>org.ggp.base.player.gamer.statemachine.PlatypusPlayer</class>
  <method>stateMachineSelectMove</method>
  <thread>11</thread>
  <message>Starting Monte Carlo</message>
</record>
<record>
  <date>2013-05-31T21:32:13</date>
  <millis>1370061133440</millis>
  <sequence>72</sequence>
  <logger>game1370061093563</logger>
  <level>INFO</level>
  <class>org.ggp.base.player.gamer.statemachine.PlatypusPlayer</class>
  <method>stateMachineSelectMove</method>
  <thread>11</thread>
  <message>PAUSING PLATYPUS FOR 9498</message>
</record>
<record>
  <date>2013-05-31T21:32:22</date>
  <millis>1370061142688</millis>
  <sequence>73</sequence>
  <logger>game1370061093563</logger>
  <level>INFO</level>
  <class>players.BryceMonteCarloTreeSearch_NoMiniMax_MultiThreaded</class>
  <method>run</method>
  <thread>14</thread>
  <message>move: ( c 5 ) value: 0.0 visited: 2014</message>
</record>
<record>
  <date>2013-05-31T21:32:22</date>
  <millis>1370061142689</millis>
  <sequence>74</sequence>
  <logger>game1370061093563</logger>
  <level>INFO</level>
  <class>players.BryceMonteCarloTreeSearch_NoMiniMax_MultiThreaded</class>
  <method>run</method>
  <thread>14</thread>
  <message>move: ( b 7 ) value: 0.0 visited: 2012</message>
</record>
<record>
  <date>2013-05-31T21:32:22</date>
  <millis>1370061142689</millis>
  <sequence>75</sequence>
  <logger>game1370061093563</logger>
  <level>INFO</level>
  <class>players.BryceMonteCarloTreeSearch_NoMiniMax_MultiThreaded</class>
  <method>run</method>
  <thread>14</thread>
  <message>move: ( a 1 ) value: 0.0 visited: 2014</message>
</record>
<record>
  <date>2013-05-31T21:32:22</date>
  <millis>1370061142689</millis>
  <sequence>76</sequence>
  <logger>game1370061093563</logger>
  <level>INFO</level>
  <class>players.BryceMonteCarloTreeSearch_NoMiniMax_MultiThreaded</class>
  <method>run</method>
  <thread>14</thread>
  <message>move: ( b 8 ) value: 0.0 visited: 2014</message>
</record>
<record>
  <date>2013-05-31T21:32:22</date>
  <millis>1370061142690</millis>
  <sequence>77</sequence>
  <logger>game1370061093563</logger>
  <level>INFO</level>
  <class>players.BryceMonteCarloTreeSearch_NoMiniMax_MultiThreaded</class>
  <method>run</method>
  <thread>14</thread>
  <message>move: ( c 8 ) value: 0.0 visited: 2014</message>
</record>
<record>
  <date>2013-05-31T21:32:22</date>
  <millis>1370061142690</millis>
  <sequence>78</sequence>
  <logger>game1370061093563</logger>
  <level>INFO</level>
  <class>players.BryceMonteCarloTreeSearch_NoMiniMax_MultiThreaded</class>
  <method>run</method>
  <thread>14</thread>
  <message>move: ( a 9 ) value: 0.0 visited: 2013</message>
</record>
<record>
  <date>2013-05-31T21:32:22</date>
  <millis>1370061142690</millis>
  <sequence>79</sequence>
  <logger>game1370061093563</logger>
  <level>INFO</level>
  <class>players.BryceMonteCarloTreeSearch_NoMiniMax_MultiThreaded</class>
  <method>run</method>
  <thread>14</thread>
  <message>move: ( a 3 ) value: 0.0 visited: 2011</message>
</record>
<record>
  <date>2013-05-31T21:32:22</date>
  <millis>1370061142690</millis>
  <sequence>80</sequence>
  <logger>game1370061093563</logger>
  <level>INFO</level>
  <class>players.BryceMonteCarloTreeSearch_NoMiniMax_MultiThreaded</class>
  <method>run</method>
  <thread>14</thread>
  <message>move: ( c 2 ) value: 0.0 visited: 2014</message>
</record>
<record>
  <date>2013-05-31T21:32:22</date>
  <millis>1370061142691</millis>
  <sequence>81</sequence>
  <logger>game1370061093563</logger>
  <level>INFO</level>
  <class>players.BryceMonteCarloTreeSearch_NoMiniMax_MultiThreaded</class>
  <method>run</method>
  <thread>14</thread>
  <message>move: ( a 5 ) value: 0.0 visited: 2013</message>
</record>
<record>
  <date>2013-05-31T21:32:22</date>
  <millis>1370061142691</millis>
  <sequence>82</sequence>
  <logger>game1370061093563</logger>
  <level>INFO</level>
  <class>players.BryceMonteCarloTreeSearch_NoMiniMax_MultiThreaded</class>
  <method>run</method>
  <thread>14</thread>
  <message>move: ( a 2 ) value: 0.0 visited: 2012</message>
</record>
<record>
  <date>2013-05-31T21:32:22</date>
  <millis>1370061142692</millis>
  <sequence>83</sequence>
  <logger>game1370061093563</logger>
  <level>INFO</level>
  <class>players.BryceMonteCarloTreeSearch_NoMiniMax_MultiThreaded</class>
  <method>run</method>
  <thread>14</thread>
  <message>move: ( c 6 ) value: 0.0 visited: 2014</message>
</record>
<record>
  <date>2013-05-31T21:32:22</date>
  <millis>1370061142692</millis>
  <sequence>84</sequence>
  <logger>game1370061093563</logger>
  <level>INFO</level>
  <class>players.BryceMonteCarloTreeSearch_NoMiniMax_MultiThreaded</class>
  <method>run</method>
  <thread>14</thread>
  <message>move: ( b 3 ) value: 0.0 visited: 2014</message>
</record>
<record>
  <date>2013-05-31T21:32:22</date>
  <millis>1370061142693</millis>
  <sequence>85</sequence>
  <logger>game1370061093563</logger>
  <level>INFO</level>
  <class>players.BryceMonteCarloTreeSearch_NoMiniMax_MultiThreaded</class>
  <method>run</method>
  <thread>14</thread>
  <message>move: ( c 9 ) value: 0.0 visited: 2014</message>
</record>
<record>
  <date>2013-05-31T21:32:22</date>
  <millis>1370061142693</millis>
  <sequence>86</sequence>
  <logger>game1370061093563</logger>
  <level>INFO</level>
  <class>players.BryceMonteCarloTreeSearch_NoMiniMax_MultiThreaded</class>
  <method>run</method>
  <thread>14</thread>
  <message>move: ( b 9 ) value: 0.0 visited: 2014</message>
</record>
<record>
  <date>2013-05-31T21:32:22</date>
  <millis>1370061142693</millis>
  <sequence>87</sequence>
  <logger>game1370061093563</logger>
  <level>INFO</level>
  <class>players.BryceMonteCarloTreeSearch_NoMiniMax_MultiThreaded</class>
  <method>run</method>
  <thread>14</thread>
  <message>move: ( a 6 ) value: 0.0 visited: 2013</message>
</record>
<record>
  <date>2013-05-31T21:32:22</date>
  <millis>1370061142694</millis>
  <sequence>88</sequence>
  <logger>game1370061093563</logger>
  <level>INFO</level>
  <class>players.BryceMonteCarloTreeSearch_NoMiniMax_MultiThreaded</class>
  <method>run</method>
  <thread>14</thread>
  <message>move: ( a 4 ) value: 0.0 visited: 2014</message>
</record>
<record>
  <date>2013-05-31T21:32:22</date>
  <millis>1370061142694</millis>
  <sequence>89</sequence>
  <logger>game1370061093563</logger>
  <level>INFO</level>
  <class>players.BryceMonteCarloTreeSearch_NoMiniMax_MultiThreaded</class>
  <method>run</method>
  <thread>14</thread>
  <message>move: ( b 4 ) value: 0.0 visited: 2014</message>
</record>
<record>
  <date>2013-05-31T21:32:22</date>
  <millis>1370061142695</millis>
  <sequence>90</sequence>
  <logger>game1370061093563</logger>
  <level>INFO</level>
  <class>players.BryceMonteCarloTreeSearch_NoMiniMax_MultiThreaded</class>
  <method>run</method>
  <thread>14</thread>
  <message>move: ( a 8 ) value: 0.0 visited: 2013</message>
</record>
<record>
  <date>2013-05-31T21:32:22</date>
  <millis>1370061142695</millis>
  <sequence>91</sequence>
  <logger>game1370061093563</logger>
  <level>INFO</level>
  <class>players.BryceMonteCarloTreeSearch_NoMiniMax_MultiThreaded</class>
  <method>run</method>
  <thread>14</thread>
  <message>move: ( b 6 ) value: 0.0 visited: 2014</message>
</record>
<record>
  <date>2013-05-31T21:32:22</date>
  <millis>1370061142695</millis>
  <sequence>92</sequence>
  <logger>game1370061093563</logger>
  <level>INFO</level>
  <class>players.BryceMonteCarloTreeSearch_NoMiniMax_MultiThreaded</class>
  <method>run</method>
  <thread>14</thread>
  <message>move: ( c 3 ) value: 0.0 visited: 2014</message>
</record>
<record>
  <date>2013-05-31T21:32:22</date>
  <millis>1370061142695</millis>
  <sequence>93</sequence>
  <logger>game1370061093563</logger>
  <level>INFO</level>
  <class>players.BryceMonteCarloTreeSearch_NoMiniMax_MultiThreaded</class>
  <method>run</method>
  <thread>14</thread>
  <message>move: ( c 7 ) value: 0.0 visited: 2014</message>
</record>
<record>
  <date>2013-05-31T21:32:22</date>
  <millis>1370061142696</millis>
  <sequence>94</sequence>
  <logger>game1370061093563</logger>
  <level>INFO</level>
  <class>players.BryceMonteCarloTreeSearch_NoMiniMax_MultiThreaded</class>
  <method>run</method>
  <thread>14</thread>
  <message>move: ( b 2 ) value: 0.0 visited: 2014</message>
</record>
<record>
  <date>2013-05-31T21:32:22</date>
  <millis>1370061142696</millis>
  <sequence>95</sequence>
  <logger>game1370061093563</logger>
  <level>INFO</level>
  <class>players.BryceMonteCarloTreeSearch_NoMiniMax_MultiThreaded</class>
  <method>run</method>
  <thread>14</thread>
  <message>move: ( c 1 ) value: 0.0 visited: 2014</message>
</record>
<record>
  <date>2013-05-31T21:32:22</date>
  <millis>1370061142696</millis>
  <sequence>96</sequence>
  <logger>game1370061093563</logger>
  <level>INFO</level>
  <class>players.BryceMonteCarloTreeSearch_NoMiniMax_MultiThreaded</class>
  <method>run</method>
  <thread>14</thread>
  <message>move: ( b 5 ) value: 0.0 visited: 2014</message>
</record>
<record>
  <date>2013-05-31T21:32:22</date>
  <millis>1370061142696</millis>
  <sequence>97</sequence>
  <logger>game1370061093563</logger>
  <level>INFO</level>
  <class>players.BryceMonteCarloTreeSearch_NoMiniMax_MultiThreaded</class>
  <method>run</method>
  <thread>14</thread>
  <message>move: ( a 7 ) value: 0.0 visited: 2013</message>
</record>
<record>
  <date>2013-05-31T21:32:22</date>
  <millis>1370061142697</millis>
  <sequence>98</sequence>
  <logger>game1370061093563</logger>
  <level>INFO</level>
  <class>players.BryceMonteCarloTreeSearch_NoMiniMax_MultiThreaded</class>
  <method>run</method>
  <thread>14</thread>
  <message>move: ( c 4 ) value: 0.0 visited: 2014</message>
</record>
<record>
  <date>2013-05-31T21:32:22</date>
  <millis>1370061142697</millis>
  <sequence>99</sequence>
  <logger>game1370061093563</logger>
  <level>INFO</level>
  <class>players.BryceMonteCarloTreeSearch_NoMiniMax_MultiThreaded</class>
  <method>run</method>
  <thread>14</thread>
  <message>move: ( b 1 ) value: 0.0 visited: 2014</message>
</record>
<record>
  <date>2013-05-31T21:32:23</date>
  <millis>1370061143938</millis>
  <sequence>100</sequence>
  <logger>game1370061093563</logger>
  <level>INFO</level>
  <class>org.ggp.base.player.gamer.statemachine.PlatypusPlayer</class>
  <method>stateMachineSelectMove</method>
  <thread>11</thread>
  <message>--------Best Move after Monte Carlo--------</message>
</record>
<record>
  <date>2013-05-31T21:32:26</date>
  <millis>1370061146448</millis>
  <sequence>101</sequence>
  <logger>game1370061093563</logger>
  <level>INFO</level>
  <class>org.ggp.base.player.gamer.statemachine.PlatypusPlayer</class>
  <method>stateMachineSelectMove</method>
  <thread>11</thread>
  <message>--------Best Move after Minimiax--------</message>
</record>
<record>
  <date>2013-05-31T21:32:26</date>
  <millis>1370061146449</millis>
  <sequence>102</sequence>
  <logger>game1370061093563</logger>
  <level>INFO</level>
  <class>org.ggp.base.player.gamer.statemachine.PlatypusPlayer</class>
  <method>stateMachineSelectMove</method>
  <thread>11</thread>
  <message>Sure move is ( c 5 )</message>
</record>
<record>
  <date>2013-05-31T21:32:26</date>
  <millis>1370061146449</millis>
  <sequence>103</sequence>
  <logger>game1370061093563</logger>
  <level>INFO</level>
  <class>org.ggp.base.player.gamer.statemachine.PlatypusPlayer</class>
  <method>stateMachineSelectMove</method>
  <thread>11</thread>
  <message>with the sure score of 0.0</message>
</record>
<record>
  <date>2013-05-31T21:32:26</date>
  <millis>1370061146449</millis>
  <sequence>104</sequence>
  <logger>game1370061093563</logger>
  <level>INFO</level>
  <class>org.ggp.base.player.gamer.statemachine.PlatypusPlayer</class>
  <method>stateMachineSelectMove</method>
  <thread>11</thread>
  <message>Game solved!</message>
</record>
<record>
  <date>2013-05-31T21:32:26</date>
  <millis>1370061146449</millis>
  <sequence>105</sequence>
  <logger>game1370061093563</logger>
  <level>INFO</level>
  <class>org.ggp.base.player.gamer.statemachine.PlatypusPlayer</class>
  <method>stateMachineSelectMove</method>
  <thread>11</thread>
  <message>Choosing move ( c 5 ) after minimax preliminary search</message>
</record>
<record>
  <date>2013-05-31T21:32:28</date>
  <millis>1370061148957</millis>
  <sequence>106</sequence>
  <logger>game1370061093563</logger>
  <level>INFO</level>
  <class>org.ggp.base.player.gamer.statemachine.PlatypusPlayer</class>
  <method>stateMachineSelectMove</method>
  <thread>11</thread>
  <message>--------Best Move after Minimiax--------</message>
</record>
<record>
  <date>2013-05-31T21:32:28</date>
  <millis>1370061148957</millis>
  <sequence>107</sequence>
  <logger>game1370061093563</logger>
  <level>INFO</level>
  <class>org.ggp.base.player.gamer.statemachine.PlatypusPlayer</class>
  <method>stateMachineSelectMove</method>
  <thread>11</thread>
  <message>Sure move is ( c 5 )</message>
</record>
<record>
  <date>2013-05-31T21:32:28</date>
  <millis>1370061148957</millis>
  <sequence>108</sequence>
  <logger>game1370061093563</logger>
  <level>INFO</level>
  <class>org.ggp.base.player.gamer.statemachine.PlatypusPlayer</class>
  <method>stateMachineSelectMove</method>
  <thread>11</thread>
  <message>with the sure score of 0.0</message>
</record>
<record>
  <date>2013-05-31T21:32:28</date>
  <millis>1370061148957</millis>
  <sequence>109</sequence>
  <logger>game1370061093563</logger>
  <level>INFO</level>
  <class>org.ggp.base.player.gamer.statemachine.PlatypusPlayer</class>
  <method>stateMachineSelectMove</method>
  <thread>11</thread>
  <message>Game solved!</message>
</record>
<record>
  <date>2013-05-31T21:32:28</date>
  <millis>1370061148958</millis>
  <sequence>110</sequence>
  <logger>game1370061093563</logger>
  <level>INFO</level>
  <class>org.ggp.base.player.gamer.statemachine.PlatypusPlayer</class>
  <method>stateMachineSelectMove</method>
  <thread>11</thread>
  <message>Choosing move ( c 5 ) after minimax preliminary search</message>
</record>
<record>
  <date>2013-05-31T21:32:31</date>
  <millis>1370061151463</millis>
  <sequence>111</sequence>
  <logger>game1370061093563</logger>
  <level>INFO</level>
  <class>org.ggp.base.player.gamer.statemachine.PlatypusPlayer</class>
  <method>stateMachineSelectMove</method>
  <thread>11</thread>
  <message>--------Best Move after Minimiax--------</message>
</record>
<record>
  <date>2013-05-31T21:32:31</date>
  <millis>1370061151464</millis>
  <sequence>112</sequence>
  <logger>game1370061093563</logger>
  <level>INFO</level>
  <class>org.ggp.base.player.gamer.statemachine.PlatypusPlayer</class>
  <method>stateMachineSelectMove</method>
  <thread>11</thread>
  <message>Sure move is ( c 5 )</message>
</record>
<record>
  <date>2013-05-31T21:32:31</date>
  <millis>1370061151464</millis>
  <sequence>113</sequence>
  <logger>game1370061093563</logger>
  <level>INFO</level>
  <class>org.ggp.base.player.gamer.statemachine.PlatypusPlayer</class>
  <method>stateMachineSelectMove</method>
  <thread>11</thread>
  <message>with the sure score of 0.0</message>
</record>
<record>
  <date>2013-05-31T21:32:31</date>
  <millis>1370061151465</millis>
  <sequence>114</sequence>
  <logger>game1370061093563</logger>
  <level>INFO</level>
  <class>org.ggp.base.player.gamer.statemachine.PlatypusPlayer</class>
  <method>stateMachineSelectMove</method>
  <thread>11</thread>
  <message>Game solved!</message>
</record>
<record>
  <date>2013-05-31T21:32:31</date>
  <millis>1370061151465</millis>
  <sequence>115</sequence>
  <logger>game1370061093563</logger>
  <level>INFO</level>
  <class>org.ggp.base.player.gamer.statemachine.PlatypusPlayer</class>
  <method>stateMachineSelectMove</method>
  <thread>11</thread>
  <message>Choosing move ( c 5 ) after minimax preliminary search</message>
</record>
</log>
